Left graphs : {0, 3, 5, 7, 9, 10, 11, 12, 14, 15, 17, 19, 20, 21, 22, 23, 24, 25, 26, 27, 28, 29, 30, 31, 32, 34, 36, 40, 42, 43, 44, 45, 46, 47, 48, 49, 50, 51, 52, 53, 55, 56, 57, 58, 59, 60, 62, 63, 66, 67, 68, 70, 71, 73, 74, 78, 79, 80, 81, 82, 84, 85, 86, 89, 90, 91, 92, 93, 94, 95, 96, 98, 100, 101, 102, 103, 104, 105, 106, 107, 108, 111, 114, 116, 117, 120, 121, 124, 125, 126, 127, 133, 135, 136, 139, 144, 145, 147, 148, 150, 151, 152, 156, 157, 158, 160, 161, 162, 163, 164, 165, 166, 168, 169, 170, 171, 172, 173, 175, 176, 177, 179, 182, 183, 186}
Left graphs len : 125

Depth: 0

NewAbsGraph
[{0: (0.5, 1.0)}, {}]
[({}, 0, 1)]
Val : 40

New Score : 0.95
Depth: 1

NewAbsGraph
[{0: (0.5, 1.0)}, {0: (0.5, 1.0)}]
[({}, 0, 1)]
Val : 38

New Score : 0.9714285714285714
Depth: 2
Depth: 3

NewAbsGraph
[{0: (0.5, 1.0)}, {0: (0.5, 1.0)}, {0: (0.5, 1.0)}]
[({}, 0, 1), ({}, 1, 2)]
Val : 56

New Score : 0.9722222222222222

Learned best absGraph
[{0: (0.5, 1.0)}, {0: (0.5, 1.0)}, {0: (0.5, 1.0)}]
[({}, 0, 1), ({}, 1, 2)]
Learned best val : 56
Learned Score : 0.9722222222222222
Left graphs : {0, 7, 9, 10, 17, 19, 20, 21, 22, 23, 24, 25, 26, 27, 28, 29, 31, 32, 34, 36, 40, 43, 44, 45, 47, 48, 49, 50, 51, 52, 53, 55, 56, 57, 58, 59, 60, 62, 63, 67, 68, 70, 71, 73, 74, 78, 80, 82, 84, 85, 86, 89, 90, 92, 94, 96, 98, 100, 101, 103, 104, 108, 111, 114, 116, 117, 121, 125, 126, 127, 139, 144, 145, 147, 148, 150, 152, 157, 160, 161, 168, 169, 170, 171, 172, 175, 176, 177, 179, 186}
Left graphs len : 90
Depth: 0
Depth: 1

NewAbsGraph
[{0: (0.5, 1.0)}, {0: (0.5, 1.0)}]
[({}, 0, 1)]
Val : 48

New Score : 0.9523809523809523
Depth: 2
Depth: 3

Learned best absGraph
[{0: (0.5, 1.0)}, {0: (0.5, 1.0)}]
[({}, 0, 1)]
Learned best val : 48
Learned Score : 0.9523809523809523
Left graphs : {0, 7, 9, 10, 17, 19, 20, 21, 23, 24, 25, 27, 28, 31, 32, 34, 36, 40, 43, 44, 47, 48, 49, 52, 53, 55, 56, 59, 60, 62, 63, 68, 71, 74, 78, 80, 82, 86, 94, 96, 98, 101, 104, 108, 111, 114, 116, 121, 125, 126, 127, 139, 144, 145, 147, 148, 150, 152, 157, 161, 168, 169, 170, 171, 172, 175, 176, 177, 179, 186}
Left graphs len : 70
Depth: 0
Depth: 1
Depth: 2
Depth: 3

NewAbsGraph
[{0: (0.5, 1.0)}, {0: (0.5, 1.0)}, {}, {}]
[({}, 0, 1), ({}, 1, 2), ({}, 1, 3)]
Val : 44

New Score : 0.9523809523809523

Learned best absGraph
[{0: (0.5, 1.0)}, {0: (0.5, 1.0)}, {}, {}]
[({}, 0, 1), ({}, 1, 2), ({}, 1, 3)]
Learned best val : 44
Learned Score : 0.9523809523809523
Left graphs : {0, 7, 9, 10, 139, 144, 17, 145, 19, 20, 21, 147, 23, 24, 25, 148, 27, 28, 150, 152, 31, 32, 157, 34, 161, 36, 40, 168, 169, 43, 44, 170, 171, 47, 48, 49, 172, 175, 52, 53, 176, 55, 56, 177, 179, 59, 60, 186, 62, 63, 68, 71, 74, 78, 80, 82, 86, 94, 96, 98, 104, 108, 111, 114, 116, 121, 125, 126, 127}
Left graphs len : 69
Depth: 0
Depth: 1
Depth: 2
Depth: 3

Learned best absGraph
[{}, {}]
[({}, 0, 1)]
Learned best val : 38
Learned Score : 0.9473684210526315
Left graphs : {7, 139, 144, 145, 19, 147, 148, 150, 23, 152, 25, 28, 157, 31, 32, 161, 36, 168, 170, 171, 44, 172, 175, 48, 49, 176, 177, 52, 53, 179, 56, 186, 59, 62, 63, 68, 71, 80, 82, 86, 94, 96, 98, 108, 111, 114, 116, 121, 125, 126, 127}
Left graphs len : 51
Depth: 0

NewAbsGraph
[{}, {}, {}]
[({}, 0, 1), ({}, 0, 2)]
Val : 76

New Score : 0.9375
Depth: 1
Depth: 2

NewAbsGraph
[{0: (0.5, 1.0)}, {}, {}, {}]
[({}, 0, 1), ({}, 0, 2), ({}, 0, 3)]
Val : 42

New Score : 0.9411764705882353
Depth: 3

NewAbsGraph
[{0: (0.5, 1.0)}, {0: (0.5, 1.0)}, {0: (0.5, 1.0)}]
[({}, 0, 1), ({}, 0, 2)]
Val : 42

New Score : 0.9444444444444444

Learned best absGraph
[{0: (0.5, 1.0)}, {0: (0.5, 1.0)}, {0: (0.5, 1.0)}]
[({}, 0, 1), ({}, 0, 2)]
Learned best val : 42
Learned Score : 0.9444444444444444
Left graphs : {139, 144, 145, 147, 19, 148, 150, 23, 152, 25, 31, 161, 36, 168, 170, 171, 44, 172, 175, 48, 49, 176, 177, 179, 53, 56, 186, 59, 62, 80, 82, 86, 94, 98, 108, 111, 114, 116, 121, 125, 126, 127}
Left graphs len : 42
Depth: 0
Depth: 1

NewAbsGraph
[{0: (0.5, 1.0)}, {}, {}]
[({}, 0, 1), ({}, 0, 2)]
Val : 64

New Score : 0.9130434782608695

NewAbsGraph
[{0: (0.5, 1.0)}, {}, {}]
[({}, 0, 1), ({}, 1, 2)]
Val : 64

New Score : 0.9375
Depth: 2

NewAbsGraph
[{0: (0.5, 1.0)}, {}, {}, {}]
[({}, 0, 1), ({}, 0, 2), ({}, 0, 3)]
Val : 42

New Score : 0.9411764705882353
Depth: 3

Learned best absGraph
[{0: (0.5, 1.0)}, {}, {}, {}]
[({}, 0, 1), ({}, 0, 2), ({}, 0, 3)]
Learned best val : 42
Learned Score : 0.9411764705882353
Left graphs : {139, 144, 145, 147, 19, 148, 150, 23, 152, 25, 31, 161, 36, 168, 170, 171, 44, 172, 175, 48, 49, 176, 177, 179, 56, 59, 62, 80, 82, 86, 94, 98, 108, 111, 114, 116, 125, 126, 127}
Left graphs len : 39
Depth: 0
Depth: 1

NewAbsGraph
[{}, {}, {}, {}]
[({}, 0, 1), ({}, 0, 2), ({}, 0, 3)]
Val : 48

New Score : 0.9310344827586207
Depth: 2

NewAbsGraph
[{}, {}, {}, {}, {}]
[({}, 0, 1), ({}, 0, 2), ({}, 1, 3), ({}, 0, 4)]
Val : 52

New Score : 0.9333333333333333
Depth: 3

Learned best absGraph
[{}, {}, {}, {}, {}]
[({}, 0, 1), ({}, 0, 2), ({}, 1, 3), ({}, 0, 4)]
Learned best val : 52
Learned Score : 0.9333333333333333
Left graphs : {139, 144, 145, 19, 148, 150, 23, 25, 31, 161, 36, 168, 170, 171, 44, 172, 175, 48, 49, 176, 177, 179, 56, 59, 62, 80, 82, 86, 94, 108, 114, 116, 125, 126}
Left graphs len : 34
Depth: 0
Depth: 1

NewAbsGraph
[{}, {}, {}, {}]
[({}, 0, 1), ({}, 0, 2), ({}, 0, 3)]
Val : 48

New Score : 0.9310344827586207
Depth: 2
Depth: 3

Learned best absGraph
[{}, {}, {}, {}]
[({}, 0, 1), ({}, 0, 2), ({}, 0, 3)]
Learned best val : 48
Learned Score : 0.9310344827586207
Left graphs : {139, 144, 145, 19, 150, 23, 25, 31, 161, 36, 168, 170, 171, 44, 175, 49, 177, 179, 62, 80, 82, 86, 108, 114}
Left graphs len : 24
Depth: 0
Depth: 1

NewAbsGraph
[{}, {}, {}, {}]
[({}, 0, 1), ({}, 0, 2), ({}, 0, 3)]
Val : 60

New Score : 0.9117647058823529
Depth: 2
Depth: 3

Learned best absGraph
[{}, {}, {}, {}]
[({}, 0, 1), ({}, 0, 2), ({}, 0, 3)]
Learned best val : 60
Learned Score : 0.9117647058823529
Left graphs : {139, 144, 145, 19, 150, 23, 25, 36, 168, 171, 44, 175, 49, 177, 179, 62, 80, 82, 86, 108, 114}
Left graphs len : 21
Depth: 0

NewAbsGraph
[{}, {}, {}]
[({}, 0, 1), ({}, 0, 2)]
Val : 64

New Score : 0.875
Depth: 1

NewAbsGraph
[{0: (0.5, 1.0)}, {0: (0.5, 1.0)}]
[({}, 0, 1)]
Val : 30

New Score : 0.8823529411764706
Depth: 2

NewAbsGraph
[{0: (0.5, 1.0)}, {}, {}, {}]
[({}, 0, 1), ({}, 0, 2), ({}, 0, 3)]
Val : 36

New Score : 0.9047619047619048
Depth: 3

Learned best absGraph
[{0: (0.5, 1.0)}, {}, {}, {}]
[({}, 0, 1), ({}, 0, 2), ({}, 0, 3)]
Learned best val : 36
Learned Score : 0.9047619047619048
Left graphs : {139, 144, 145, 150, 23, 25, 36, 168, 171, 44, 175, 49, 177, 179, 62, 80, 82, 86, 108, 114}
Left graphs len : 20
Depth: 0

NewAbsGraph
[{}, {}, {}]
[({}, 0, 1), ({}, 0, 2)]
Val : 64

New Score : 0.875
Depth: 1

NewAbsGraph
[{0: (0.5, 1.0)}, {0: (0.5, 1.0)}]
[({}, 0, 1)]
Val : 30

New Score : 0.8823529411764706
Depth: 2
Depth: 3

NewAbsGraph
[{}, {}, {}, {}, {}, {}]
[({}, 0, 1), ({}, 0, 2), ({}, 2, 3), ({}, 1, 4), ({}, 0, 5)]
Val : 64

New Score : 0.8888888888888888

Learned best absGraph
[{}, {}, {}, {}, {}, {}]
[({}, 0, 1), ({}, 0, 2), ({}, 2, 3), ({}, 1, 4), ({}, 0, 5)]
Learned best val : 64
Learned Score : 0.8888888888888888
Left graphs : {139, 144, 145, 150, 23, 25, 36, 168, 171, 44, 175, 177, 179, 62, 80, 82, 86, 108, 114}
Left graphs len : 19
Depth: 0

NewAbsGraph
[{}, {}, {}]
[({}, 0, 1), ({}, 0, 2)]
Val : 64

New Score : 0.875
Depth: 1

NewAbsGraph
[{0: (0.5, 1.0)}, {0: (0.5, 1.0)}]
[({}, 0, 1)]
Val : 30

New Score : 0.8823529411764706
Depth: 2
Depth: 3

Learned best absGraph
[{0: (0.5, 1.0)}, {0: (0.5, 1.0)}]
[({}, 0, 1)]
Learned best val : 30
Learned Score : 0.8823529411764706
Left graphs : {168, 139, 171, 44, 108, 175, 144, 145, 177, 179, 80, 82, 150, 23, 86, 25, 114, 62}
Left graphs len : 18
Depth: 0

NewAbsGraph
[{}, {}, {}]
[({}, 0, 1), ({}, 0, 2)]
Val : 64

New Score : 0.875
Depth: 1
Depth: 2
Depth: 3

NewAbsGraph
[{}, {}, {}, {}, {}, {}]
[({}, 0, 1), ({}, 0, 2), ({}, 2, 3), ({}, 0, 4), ({}, 2, 5)]
Val : 40

New Score : 0.8823529411764706

Learned best absGraph
[{}, {}, {}, {}, {}, {}]
[({}, 0, 1), ({}, 0, 2), ({}, 2, 3), ({}, 0, 4), ({}, 2, 5)]
Learned best val : 40
Learned Score : 0.8823529411764706
Left graphs : {168, 171, 108, 44, 175, 144, 145, 177, 179, 80, 82, 150, 23, 86, 25, 114, 62}
Left graphs len : 17
Depth: 0

NewAbsGraph
[{}, {}, {}]
[({}, 0, 1), ({}, 0, 2)]
Val : 64

New Score : 0.875
Depth: 1
Depth: 2
Depth: 3

Learned best absGraph
[{}, {}, {}]
[({}, 0, 1), ({}, 0, 2)]
Learned best val : 64
Learned Score : 0.875
Left graphs : {168, 171, 108, 44, 175, 144, 145, 177, 179, 80, 82, 150, 23, 86, 25, 114}
Left graphs len : 16
Depth: 0

NewAbsGraph
[{0: (0.5, 1.0)}, {}]
[({}, 0, 1)]
Val : 29

New Score : 0.7619047619047619

NewAbsGraph
[{1: (0.5, 1.0)}, {}]
[({}, 0, 1)]
Val : 6

New Score : 0.8571428571428571
Depth: 1
Depth: 2
Depth: 3

NewAbsGraph
[{1: (0.5, 1.0)}, {}, {}, {}, {}]
[({}, 0, 1), ({}, 1, 2), ({}, 2, 3), ({}, 3, 4)]
Val : 5

New Score : 0.875

Learned best absGraph
[{1: (0.5, 1.0)}, {}, {}, {}, {}]
[({}, 0, 1), ({}, 1, 2), ({}, 2, 3), ({}, 3, 4)]
Learned best val : 5
Learned Score : 0.875
Left graphs : {168, 171, 108, 44, 175, 80, 145, 177, 179, 82, 114, 150, 86, 25}
Left graphs len : 14
Depth: 0

NewAbsGraph
[{0: (0.5, 1.0)}, {}]
[({}, 0, 1)]
Val : 29

New Score : 0.7619047619047619

NewAbsGraph
[{1: (0.5, 1.0)}, {}]
[({}, 0, 1)]
Val : 6

New Score : 0.8571428571428571
Depth: 1
Depth: 2
Depth: 3

Learned best absGraph
[{1: (0.5, 1.0)}, {}]
[({}, 0, 1)]
Learned best val : 6
Learned Score : 0.8571428571428571
Left graphs : {171, 175, 177, 145, 82, 114, 150, 86}
Left graphs len : 8
Depth: 0

NewAbsGraph
[{}, {}, {}]
[({}, 0, 1), ({}, 0, 2)]
Val : 52

New Score : 0.625

NewAbsGraph
[{0: (0.5, 1.0)}, {}]
[({}, 0, 1)]
Val : 29

New Score : 0.7619047619047619

NewAbsGraph
[{2: (0.5, 1.0)}, {}]
[({}, 0, 1)]
Val : 4

New Score : 0.7708333333333334
Depth: 1

NewAbsGraph
[{}, {}, {}, {}]
[({}, 0, 1), ({}, 1, 2), ({}, 0, 3)]
Val : 72

New Score : 0.8461538461538461
Depth: 2
Depth: 3

NewAbsGraph
[{1: (0.5, 1.0)}, {}, {}, {}, {}]
[({}, 0, 1), ({}, 1, 2), ({}, 2, 3), ({}, 3, 4)]
Val : 4

New Score : 0.8518518518518519

NewAbsGraph
[{2: (0.5, 1.0)}, {}, {}, {}, {}]
[({}, 0, 1), ({}, 1, 2), ({}, 2, 3), ({}, 2, 4)]
Val : 8

New Score : 0.8536585365853658

Learned best absGraph
[{2: (0.5, 1.0)}, {}, {}, {}, {}]
[({}, 0, 1), ({}, 1, 2), ({}, 2, 3), ({}, 2, 4)]
Learned best val : 8
Learned Score : 0.8536585365853658
Left graphs : {171, 175, 177, 145, 82, 114, 150}
Left graphs len : 7
Depth: 0

NewAbsGraph
[{}, {}, {}]
[({}, 0, 1), ({}, 0, 2)]
Val : 52

New Score : 0.625

NewAbsGraph
[{0: (0.5, 1.0)}, {}]
[({}, 0, 1)]
Val : 29

New Score : 0.7619047619047619
Depth: 1

NewAbsGraph
[{}, {}, {}, {}]
[({}, 0, 1), ({}, 1, 2), ({}, 0, 3)]
Val : 72

New Score : 0.8461538461538461
Depth: 2
Depth: 3

NewAbsGraph
[{1: (0.5, 1.0)}, {}, {}, {}, {}]
[({}, 0, 1), ({}, 1, 2), ({}, 2, 3), ({}, 3, 4)]
Val : 4

New Score : 0.8518518518518519

Learned best absGraph
[{1: (0.5, 1.0)}, {}, {}, {}, {}]
[({}, 0, 1), ({}, 1, 2), ({}, 2, 3), ({}, 3, 4)]
Learned best val : 4
Learned Score : 0.8518518518518519
Left graphs : {171, 175, 177, 82, 114, 150}
Left graphs len : 6
Depth: 0

NewAbsGraph
[{}, {}, {}]
[({}, 0, 1), ({}, 0, 2)]
Val : 52

New Score : 0.625

NewAbsGraph
[{0: (0.5, 1.0)}, {}]
[({}, 0, 1)]
Val : 29

New Score : 0.7619047619047619
Depth: 1

NewAbsGraph
[{}, {}, {}, {}]
[({}, 0, 1), ({}, 0, 2), ({}, 0, 3)]
Val : 36

New Score : 0.7692307692307693

NewAbsGraph
[{}, {}, {}, {}]
[({}, 0, 1), ({}, 0, 2), ({}, 1, 3)]
Val : 72

New Score : 0.8461538461538461
Depth: 2
Depth: 3

Learned best absGraph
[{}, {}, {}, {}]
[({}, 0, 1), ({}, 0, 2), ({}, 1, 3)]
Learned best val : 72
Learned Score : 0.8461538461538461
Left graphs : {171, 175, 177, 114, 150}
Left graphs len : 5
Depth: 0

NewAbsGraph
[{1: (0.5, 1.0)}, {}]
[({}, 0, 1)]
Val : 3

New Score : 0.6896551724137931
Depth: 1
Depth: 2

NewAbsGraph
[{1: (0.5, 1.0)}, {1: (0.5, 1.0)}, {}]
[({}, 0, 1), ({}, 0, 2)]
Val : 2

New Score : 0.75
Depth: 3

NewAbsGraph
[{1: (0.5, 1.0)}, {}, {}, {}, {}]
[({}, 0, 1), ({}, 0, 2), ({}, 1, 3), ({}, 0, 4)]
Val : 8

New Score : 0.782608695652174

Learned best absGraph
[{1: (0.5, 1.0)}, {}, {}, {}, {}]
[({}, 0, 1), ({}, 0, 2), ({}, 1, 3), ({}, 0, 4)]
Learned best val : 8
Learned Score : 0.782608695652174
Left graphs : {114, 171, 150, 175}
Left graphs len : 4
Depth: 0

NewAbsGraph
[{1: (0.5, 1.0)}, {}]
[({}, 0, 1)]
Val : 3

New Score : 0.6896551724137931
Depth: 1
Depth: 2

NewAbsGraph
[{1: (0.5, 1.0)}, {1: (0.5, 1.0)}, {}]
[({}, 0, 1), ({}, 0, 2)]
Val : 2

New Score : 0.75
Depth: 3

NewAbsGraph
[{1: (0.5, 1.0)}, {}, {}, {}, {}]
[({}, 0, 1), ({}, 1, 2), ({}, 2, 3), ({}, 0, 4)]
Val : 12

New Score : 0.7777777777777778

Learned best absGraph
[{1: (0.5, 1.0)}, {}, {}, {}, {}]
[({}, 0, 1), ({}, 1, 2), ({}, 2, 3), ({}, 0, 4)]
Learned best val : 12
Learned Score : 0.7777777777777778
Left graphs : {114, 150, 175}
Left graphs len : 3
Depth: 0

NewAbsGraph
[{1: (0.5, 1.0)}, {}]
[({}, 0, 1)]
Val : 3

New Score : 0.6896551724137931
Depth: 1
Depth: 2

NewAbsGraph
[{1: (0.5, 1.0)}, {}, {}, {}]
[({}, 0, 1), ({}, 1, 2), ({}, 2, 3)]
Val : 2

New Score : 0.7027027027027027

NewAbsGraph
[{1: (0.5, 1.0)}, {1: (0.5, 1.0)}, {}]
[({}, 0, 1), ({}, 1, 2)]
Val : 2

New Score : 0.75
Depth: 3

Learned best absGraph
[{1: (0.5, 1.0)}, {1: (0.5, 1.0)}, {}]
[({}, 0, 1), ({}, 1, 2)]
Learned best val : 2
Learned Score : 0.75
Left graphs : {114, 175}
Left graphs len : 2
Depth: 0

NewAbsGraph
[{1: (0.5, 1.0)}, {}]
[({}, 0, 1)]
Val : 3

New Score : 0.6896551724137931
Depth: 1
Depth: 2

NewAbsGraph
[{1: (0.5, 1.0)}, {}, {}, {}]
[({}, 0, 1), ({}, 1, 2), ({}, 2, 3)]
Val : 2

New Score : 0.7027027027027027
Depth: 3

NewAbsGraph
[{1: (0.5, 1.0)}, {}, {}, {}, {}]
[({}, 0, 1), ({}, 1, 2), ({}, 1, 3), ({}, 2, 4)]
Val : 2

New Score : 0.7105263157894737

Learned best absGraph
[{1: (0.5, 1.0)}, {}, {}, {}, {}]
[({}, 0, 1), ({}, 1, 2), ({}, 1, 3), ({}, 2, 4)]
Learned best val : 2
Learned Score : 0.7105263157894737
Left graphs : set()
Left graphs len : 0
