
NewAbsGraph
[{0: (1.0, 1.0)}, {0: (1.0, 1.0)}, {0: (1.0, 1.0)}, {0: (1.0, 1.0)}, {0: (1.0, 1.0)}, {0: (1.0, 1.0)}, {0: (1.0, 1.0)}, {0: (1.0, 1.0)}, {0: (1.0, 1.0)}, {0: (1.0, 1.0)}, {0: (1.0, 1.0)}, {0: (1.0, 1.0)}, {0: (1.0, 1.0)}, {0: (1.0, 1.0)}, {1: (1.0, 1.0)}, {2: (1.0, 1.0)}, {2: (1.0, 1.0)}]
[({0: (1.0, 1.0)}, 0, 1), ({0: (1.0, 1.0)}, 1, 2), ({0: (1.0, 1.0)}, 2, 3), ({0: (1.0, 1.0)}, 3, 4), ({0: (1.0, 1.0)}, 4, 5), ({0: (1.0, 1.0)}, 0, 5), ({0: (1.0, 1.0)}, 4, 6), ({0: (1.0, 1.0)}, 6, 7), ({0: (1.0, 1.0)}, 7, 8), ({0: (1.0, 1.0)}, 8, 9), ({0: (1.0, 1.0)}, 3, 9), ({0: (1.0, 1.0)}, 9, 10), ({0: (1.0, 1.0)}, 10, 11), ({0: (1.0, 1.0)}, 11, 12), ({0: (1.0, 1.0)}, 12, 13), ({0: (1.0, 1.0)}, 8, 13), ({1: (1.0, 1.0)}, 12, 14), ({2: (1.0, 1.0)}, 14, 15)]
Val : 1

New Score : 0.8571428571428571

NewAbsGraph
[{0: (1.0, 1.0)}, {0: (1.0, 1.0)}, {0: (1.0, 1.0)}, {0: (1.0, 1.0)}, {0: (1.0, 1.0)}, {0: (1.0, 1.0)}, {0: (1.0, 1.0)}, {0: (1.0, 1.0)}, {0: (1.0, 1.0)}, {0: (1.0, 1.0)}, {0: (1.0, 1.0)}, {0: (1.0, 1.0)}, {0: (1.0, 1.0)}, {0: (1.0, 1.0)}, {1: (1.0, 1.0)}, {2: (1.0, 1.0)}, {2: (1.0, 1.0)}]
[({0: (1.0, 1.0)}, 0, 1), ({0: (1.0, 1.0)}, 1, 2), ({0: (1.0, 1.0)}, 2, 3), ({0: (1.0, 1.0)}, 3, 4), ({0: (1.0, 1.0)}, 4, 5), ({0: (1.0, 1.0)}, 0, 5), ({0: (1.0, 1.0)}, 4, 6), ({0: (1.0, 1.0)}, 6, 7), ({0: (1.0, 1.0)}, 7, 8), ({0: (1.0, 1.0)}, 8, 9), ({0: (1.0, 1.0)}, 3, 9), ({0: (1.0, 1.0)}, 9, 10), ({0: (1.0, 1.0)}, 10, 11), ({0: (1.0, 1.0)}, 11, 12), ({0: (1.0, 1.0)}, 12, 13), ({0: (1.0, 1.0)}, 8, 13), ({1: (1.0, 1.0)}, 12, 14)]
Val : 1

New Score : 0.8571428571428571

NewAbsGraph
[{0: (1.0, 1.0)}, {0: (1.0, 1.0)}, {0: (1.0, 1.0)}, {0: (1.0, 1.0)}, {0: (1.0, 1.0)}, {0: (1.0, 1.0)}, {0: (1.0, 1.0)}, {0: (1.0, 1.0)}, {0: (1.0, 1.0)}, {0: (1.0, 1.0)}, {0: (1.0, 1.0)}, {0: (1.0, 1.0)}, {0: (1.0, 1.0)}, {0: (1.0, 1.0)}, {1: (1.0, 1.0)}, {2: (1.0, 1.0)}, {2: (1.0, 1.0)}]
[({0: (1.0, 1.0)}, 0, 1), ({0: (1.0, 1.0)}, 1, 2), ({0: (1.0, 1.0)}, 2, 3), ({0: (1.0, 1.0)}, 3, 4), ({0: (1.0, 1.0)}, 4, 5), ({0: (1.0, 1.0)}, 0, 5), ({0: (1.0, 1.0)}, 4, 6), ({0: (1.0, 1.0)}, 6, 7), ({0: (1.0, 1.0)}, 7, 8), ({0: (1.0, 1.0)}, 8, 9), ({0: (1.0, 1.0)}, 3, 9), ({0: (1.0, 1.0)}, 9, 10), ({0: (1.0, 1.0)}, 10, 11), ({0: (1.0, 1.0)}, 11, 12), ({0: (1.0, 1.0)}, 12, 13), ({0: (1.0, 1.0)}, 8, 13)]
Val : 4

New Score : 0.9615384615384616

No!!!!!!! Abort!


No!!!!!!! Abort!


No!!!!!!! Abort!


No!!!!!!! Abort!


NewAbsGraph
[{0: (1.0, 1.0)}, {0: (1.0, 1.0)}, {0: (1.0, 1.0)}, {0: (1.0, 1.0)}, {0: (1.0, 1.0)}, {0: (1.0, 1.0)}, {0: (1.0, 1.0)}, {0: (1.0, 1.0)}, {0: (1.0, 1.0)}, {0: (1.0, 1.0)}, {0: (1.0, 1.0)}, {0: (1.0, 1.0)}, {0: (1.0, 1.0)}, {0: (1.0, 1.0)}, {1: (1.0, 1.0)}, {2: (1.0, 1.0)}, {2: (1.0, 1.0)}]
[({0: (1.0, 1.0)}, 0, 1), ({0: (1.0, 1.0)}, 1, 2), ({0: (1.0, 1.0)}, 2, 3), ({0: (1.0, 1.0)}, 3, 4), ({0: (1.0, 1.0)}, 4, 5), ({0: (1.0, 1.0)}, 0, 5), ({0: (1.0, 1.0)}, 4, 6), ({0: (1.0, 1.0)}, 6, 7), ({0: (1.0, 1.0)}, 7, 8), ({0: (1.0, 1.0)}, 8, 9), ({0: (1.0, 1.0)}, 3, 9), ({0: (1.0, 1.0)}, 10, 11), ({0: (1.0, 1.0)}, 11, 12), ({0: (1.0, 1.0)}, 12, 13), ({0: (1.0, 1.0)}, 8, 13)]
Val : 4

New Score : 0.9615384615384616

NewAbsGraph
[{0: (1.0, 1.0)}, {0: (1.0, 1.0)}, {0: (1.0, 1.0)}, {0: (1.0, 1.0)}, {0: (1.0, 1.0)}, {0: (1.0, 1.0)}, {0: (1.0, 1.0)}, {0: (1.0, 1.0)}, {0: (1.0, 1.0)}, {0: (1.0, 1.0)}, {0: (1.0, 1.0)}, {0: (1.0, 1.0)}, {0: (1.0, 1.0)}, {0: (1.0, 1.0)}, {1: (1.0, 1.0)}, {2: (1.0, 1.0)}, {2: (1.0, 1.0)}]
[({0: (1.0, 1.0)}, 0, 1), ({0: (1.0, 1.0)}, 1, 2), ({0: (1.0, 1.0)}, 2, 3), ({0: (1.0, 1.0)}, 3, 4), ({0: (1.0, 1.0)}, 4, 5), ({0: (1.0, 1.0)}, 0, 5), ({0: (1.0, 1.0)}, 4, 6), ({0: (1.0, 1.0)}, 6, 7), ({0: (1.0, 1.0)}, 7, 8), ({0: (1.0, 1.0)}, 8, 9), ({0: (1.0, 1.0)}, 10, 11), ({0: (1.0, 1.0)}, 11, 12), ({0: (1.0, 1.0)}, 12, 13), ({0: (1.0, 1.0)}, 8, 13)]
Val : 24

New Score : 0.9615384615384616

No!!!!!!! Abort!


No!!!!!!! Abort!


No!!!!!!! Abort!


No!!!!!!! Abort!


No!!!!!!! Abort!


No!!!!!!! Abort!


No!!!!!!! Abort!


No!!!!!!! Abort!


NewAbsGraph
[{0: (1.0, 1.0)}, {0: (1.0, 1.0)}, {0: (1.0, 1.0)}, {0: (1.0, 1.0)}, {0: (1.0, 1.0)}, {0: (1.0, 1.0)}, {0: (1.0, 1.0)}, {0: (1.0, 1.0)}, {0: (1.0, 1.0)}, {0: (1.0, 1.0)}, {0: (1.0, 1.0)}, {0: (1.0, 1.0)}, {0: (1.0, 1.0)}, {0: (1.0, 1.0)}, {1: (1.0, 1.0)}, {2: (1.0, 1.0)}, {2: (1.0, 1.0)}]
[({0: (1.0, 1.0)}, 0, 1), ({0: (1.0, 1.0)}, 2, 3), ({0: (1.0, 1.0)}, 3, 4), ({0: (1.0, 1.0)}, 4, 5), ({0: (1.0, 1.0)}, 0, 5), ({0: (1.0, 1.0)}, 4, 6), ({0: (1.0, 1.0)}, 6, 7), ({0: (1.0, 1.0)}, 7, 8), ({0: (1.0, 1.0)}, 8, 9), ({0: (1.0, 1.0)}, 10, 11), ({0: (1.0, 1.0)}, 11, 12), ({0: (1.0, 1.0)}, 12, 13), ({0: (1.0, 1.0)}, 8, 13)]
Val : 60

New Score : 0.9615384615384616
Now AbsGraph
[{0: (1.0, 1.0)}, {0: (1.0, 1.0)}, {0: (1.0, 1.0)}, {0: (1.0, 1.0)}, {0: (1.0, 1.0)}, {0: (1.0, 1.0)}, {0: (1.0, 1.0)}, {0: (1.0, 1.0)}, {0: (1.0, 1.0)}, {0: (1.0, 1.0)}, {0: (1.0, 1.0)}, {0: (1.0, 1.0)}, {0: (1.0, 1.0)}, {0: (1.0, 1.0)}, {1: (1.0, 1.0)}, {2: (1.0, 1.0)}, {2: (1.0, 1.0)}]
[({0: (1.0, 1.0)}, 0, 1), ({0: (1.0, 1.0)}, 2, 3), ({0: (1.0, 1.0)}, 3, 4), ({0: (1.0, 1.0)}, 4, 5), ({0: (1.0, 1.0)}, 0, 5), ({0: (1.0, 1.0)}, 4, 6), ({0: (1.0, 1.0)}, 6, 7), ({0: (1.0, 1.0)}, 7, 8), ({0: (1.0, 1.0)}, 8, 9), ({0: (1.0, 1.0)}, 10, 11), ({0: (1.0, 1.0)}, 11, 12), ({0: (1.0, 1.0)}, 12, 13), ({0: (1.0, 1.0)}, 8, 13)]

==============================  Phase 2  =============================

NewAbsGraph
[{0: (1.0, 1.0)}, {0: (1.0, 1.0)}, {0: (1.0, 1.0)}, {0: (1.0, 1.0)}, {0: (1.0, 1.0)}, {0: (1.0, 1.0)}, {0: (1.0, 1.0)}, {0: (1.0, 1.0)}, {0: (1.0, 1.0)}, {0: (1.0, 1.0)}, {0: (1.0, 1.0)}, {0: (1.0, 1.0)}, {0: (1.0, 1.0)}, {0: (1.0, 1.0)}, {1: (1.0, 1.0)}, {2: (1.0, 1.0)}, {2: (1.0, 1.0)}]
[({0: (1.0, 1.0)}, 0, 1), ({0: (1.0, 1.0)}, 2, 3), ({0: (1.0, 1.0)}, 3, 4), ({0: (1.0, 1.0)}, 4, 5), ({0: (1.0, 1.0)}, 0, 5), ({0: (1.0, 1.0)}, 4, 6), ({0: (1.0, 1.0)}, 6, 7), ({0: (1.0, 1.0)}, 7, 8), ({0: (1.0, 1.0)}, 8, 9), ({0: (1.0, 1.0)}, 10, 11), ({0: (1.0, 1.0)}, 11, 12), ({0: (1.0, 1.0)}, 12, 13), ({}, 8, 13)]
Val : 60

New Score : 0.9615384615384616

NewAbsGraph
[{0: (1.0, 1.0)}, {0: (1.0, 1.0)}, {0: (1.0, 1.0)}, {0: (1.0, 1.0)}, {0: (1.0, 1.0)}, {0: (1.0, 1.0)}, {0: (1.0, 1.0)}, {0: (1.0, 1.0)}, {0: (1.0, 1.0)}, {0: (1.0, 1.0)}, {0: (1.0, 1.0)}, {0: (1.0, 1.0)}, {0: (1.0, 1.0)}, {0: (1.0, 1.0)}, {1: (1.0, 1.0)}, {2: (1.0, 1.0)}, {2: (1.0, 1.0)}]
[({0: (1.0, 1.0)}, 0, 1), ({0: (1.0, 1.0)}, 2, 3), ({0: (1.0, 1.0)}, 3, 4), ({0: (1.0, 1.0)}, 4, 5), ({0: (1.0, 1.0)}, 0, 5), ({0: (1.0, 1.0)}, 4, 6), ({0: (1.0, 1.0)}, 6, 7), ({0: (1.0, 1.0)}, 7, 8), ({0: (1.0, 1.0)}, 8, 9), ({0: (1.0, 1.0)}, 10, 11), ({0: (1.0, 1.0)}, 11, 12), ({}, 12, 13), ({}, 8, 13)]
Val : 60

New Score : 0.9615384615384616

NewAbsGraph
[{0: (1.0, 1.0)}, {0: (1.0, 1.0)}, {0: (1.0, 1.0)}, {0: (1.0, 1.0)}, {0: (1.0, 1.0)}, {0: (1.0, 1.0)}, {0: (1.0, 1.0)}, {0: (1.0, 1.0)}, {0: (1.0, 1.0)}, {0: (1.0, 1.0)}, {0: (1.0, 1.0)}, {0: (1.0, 1.0)}, {0: (1.0, 1.0)}, {0: (1.0, 1.0)}, {1: (1.0, 1.0)}, {2: (1.0, 1.0)}, {2: (1.0, 1.0)}]
[({0: (1.0, 1.0)}, 0, 1), ({0: (1.0, 1.0)}, 2, 3), ({0: (1.0, 1.0)}, 3, 4), ({0: (1.0, 1.0)}, 4, 5), ({0: (1.0, 1.0)}, 0, 5), ({0: (1.0, 1.0)}, 4, 6), ({0: (1.0, 1.0)}, 6, 7), ({0: (1.0, 1.0)}, 7, 8), ({0: (1.0, 1.0)}, 8, 9), ({0: (1.0, 1.0)}, 10, 11), ({}, 11, 12), ({}, 12, 13), ({}, 8, 13)]
Val : 60

New Score : 0.9615384615384616

No!!!!!!!


No!!!!!!!


NewAbsGraph
[{0: (1.0, 1.0)}, {0: (1.0, 1.0)}, {0: (1.0, 1.0)}, {0: (1.0, 1.0)}, {0: (1.0, 1.0)}, {0: (1.0, 1.0)}, {0: (1.0, 1.0)}, {0: (1.0, 1.0)}, {0: (1.0, 1.0)}, {0: (1.0, 1.0)}, {0: (1.0, 1.0)}, {0: (1.0, 1.0)}, {0: (1.0, 1.0)}, {0: (1.0, 1.0)}, {1: (1.0, 1.0)}, {2: (1.0, 1.0)}, {2: (1.0, 1.0)}]
[({0: (1.0, 1.0)}, 0, 1), ({0: (1.0, 1.0)}, 2, 3), ({0: (1.0, 1.0)}, 3, 4), ({0: (1.0, 1.0)}, 4, 5), ({0: (1.0, 1.0)}, 0, 5), ({0: (1.0, 1.0)}, 4, 6), ({0: (1.0, 1.0)}, 6, 7), ({}, 7, 8), ({0: (1.0, 1.0)}, 8, 9), ({0: (1.0, 1.0)}, 10, 11), ({}, 11, 12), ({}, 12, 13), ({}, 8, 13)]
Val : 60

New Score : 0.9615384615384616

NewAbsGraph
[{0: (1.0, 1.0)}, {0: (1.0, 1.0)}, {0: (1.0, 1.0)}, {0: (1.0, 1.0)}, {0: (1.0, 1.0)}, {0: (1.0, 1.0)}, {0: (1.0, 1.0)}, {0: (1.0, 1.0)}, {0: (1.0, 1.0)}, {0: (1.0, 1.0)}, {0: (1.0, 1.0)}, {0: (1.0, 1.0)}, {0: (1.0, 1.0)}, {0: (1.0, 1.0)}, {1: (1.0, 1.0)}, {2: (1.0, 1.0)}, {2: (1.0, 1.0)}]
[({0: (1.0, 1.0)}, 0, 1), ({0: (1.0, 1.0)}, 2, 3), ({0: (1.0, 1.0)}, 3, 4), ({0: (1.0, 1.0)}, 4, 5), ({0: (1.0, 1.0)}, 0, 5), ({0: (1.0, 1.0)}, 4, 6), ({}, 6, 7), ({}, 7, 8), ({0: (1.0, 1.0)}, 8, 9), ({0: (1.0, 1.0)}, 10, 11), ({}, 11, 12), ({}, 12, 13), ({}, 8, 13)]
Val : 60

New Score : 0.9615384615384616

NewAbsGraph
[{0: (1.0, 1.0)}, {0: (1.0, 1.0)}, {0: (1.0, 1.0)}, {0: (1.0, 1.0)}, {0: (1.0, 1.0)}, {0: (1.0, 1.0)}, {0: (1.0, 1.0)}, {0: (1.0, 1.0)}, {0: (1.0, 1.0)}, {0: (1.0, 1.0)}, {0: (1.0, 1.0)}, {0: (1.0, 1.0)}, {0: (1.0, 1.0)}, {0: (1.0, 1.0)}, {1: (1.0, 1.0)}, {2: (1.0, 1.0)}, {2: (1.0, 1.0)}]
[({0: (1.0, 1.0)}, 0, 1), ({0: (1.0, 1.0)}, 2, 3), ({0: (1.0, 1.0)}, 3, 4), ({0: (1.0, 1.0)}, 4, 5), ({0: (1.0, 1.0)}, 0, 5), ({}, 4, 6), ({}, 6, 7), ({}, 7, 8), ({0: (1.0, 1.0)}, 8, 9), ({0: (1.0, 1.0)}, 10, 11), ({}, 11, 12), ({}, 12, 13), ({}, 8, 13)]
Val : 60

New Score : 0.9615384615384616

NewAbsGraph
[{0: (1.0, 1.0)}, {0: (1.0, 1.0)}, {0: (1.0, 1.0)}, {0: (1.0, 1.0)}, {0: (1.0, 1.0)}, {0: (1.0, 1.0)}, {0: (1.0, 1.0)}, {0: (1.0, 1.0)}, {0: (1.0, 1.0)}, {0: (1.0, 1.0)}, {0: (1.0, 1.0)}, {0: (1.0, 1.0)}, {0: (1.0, 1.0)}, {0: (1.0, 1.0)}, {1: (1.0, 1.0)}, {2: (1.0, 1.0)}, {2: (1.0, 1.0)}]
[({0: (1.0, 1.0)}, 0, 1), ({0: (1.0, 1.0)}, 2, 3), ({0: (1.0, 1.0)}, 3, 4), ({0: (1.0, 1.0)}, 4, 5), ({}, 0, 5), ({}, 4, 6), ({}, 6, 7), ({}, 7, 8), ({0: (1.0, 1.0)}, 8, 9), ({0: (1.0, 1.0)}, 10, 11), ({}, 11, 12), ({}, 12, 13), ({}, 8, 13)]
Val : 60

New Score : 0.9615384615384616

NewAbsGraph
[{0: (1.0, 1.0)}, {0: (1.0, 1.0)}, {0: (1.0, 1.0)}, {0: (1.0, 1.0)}, {0: (1.0, 1.0)}, {0: (1.0, 1.0)}, {0: (1.0, 1.0)}, {0: (1.0, 1.0)}, {0: (1.0, 1.0)}, {0: (1.0, 1.0)}, {0: (1.0, 1.0)}, {0: (1.0, 1.0)}, {0: (1.0, 1.0)}, {0: (1.0, 1.0)}, {1: (1.0, 1.0)}, {2: (1.0, 1.0)}, {2: (1.0, 1.0)}]
[({0: (1.0, 1.0)}, 0, 1), ({0: (1.0, 1.0)}, 2, 3), ({0: (1.0, 1.0)}, 3, 4), ({}, 4, 5), ({}, 0, 5), ({}, 4, 6), ({}, 6, 7), ({}, 7, 8), ({0: (1.0, 1.0)}, 8, 9), ({0: (1.0, 1.0)}, 10, 11), ({}, 11, 12), ({}, 12, 13), ({}, 8, 13)]
Val : 60

New Score : 0.9615384615384616

NewAbsGraph
[{0: (1.0, 1.0)}, {0: (1.0, 1.0)}, {0: (1.0, 1.0)}, {0: (1.0, 1.0)}, {0: (1.0, 1.0)}, {0: (1.0, 1.0)}, {0: (1.0, 1.0)}, {0: (1.0, 1.0)}, {0: (1.0, 1.0)}, {0: (1.0, 1.0)}, {0: (1.0, 1.0)}, {0: (1.0, 1.0)}, {0: (1.0, 1.0)}, {0: (1.0, 1.0)}, {1: (1.0, 1.0)}, {2: (1.0, 1.0)}, {2: (1.0, 1.0)}]
[({0: (1.0, 1.0)}, 0, 1), ({0: (1.0, 1.0)}, 2, 3), ({}, 3, 4), ({}, 4, 5), ({}, 0, 5), ({}, 4, 6), ({}, 6, 7), ({}, 7, 8), ({0: (1.0, 1.0)}, 8, 9), ({0: (1.0, 1.0)}, 10, 11), ({}, 11, 12), ({}, 12, 13), ({}, 8, 13)]
Val : 60

New Score : 0.9615384615384616

No!!!!!!!

==============================  Phase 3  =============================

NewAbsGraph
[{0: (1.0, 1.0)}, {0: (1.0, 1.0)}, {0: (1.0, 1.0)}, {0: (1.0, 1.0)}, {0: (1.0, 1.0)}, {0: (1.0, 1.0)}, {0: (1.0, 1.0)}, {0: (1.0, 1.0)}, {0: (1.0, 1.0)}, {0: (1.0, 1.0)}, {0: (1.0, 1.0)}, {0: (1.0, 1.0)}, {0: (1.0, 1.0)}, {0: (1.0, 1.0)}, {1: (1.0, 1.0)}, {2: (1.0, 1.0)}, {}]
[({0: (1.0, 1.0)}, 0, 1), ({0: (1.0, 1.0)}, 2, 3), ({}, 3, 4), ({}, 4, 5), ({}, 0, 5), ({}, 4, 6), ({}, 6, 7), ({}, 7, 8), ({0: (1.0, 1.0)}, 8, 9), ({0: (1.0, 1.0)}, 10, 11), ({}, 11, 12), ({}, 12, 13), ({}, 8, 13)]
Val : 60

New Score : 0.9615384615384616
========================================================

NewAbsGraph
[{0: (1.0, 1.0)}, {0: (1.0, 1.0)}, {0: (1.0, 1.0)}, {0: (1.0, 1.0)}, {0: (1.0, 1.0)}, {0: (1.0, 1.0)}, {0: (1.0, 1.0)}, {0: (1.0, 1.0)}, {0: (1.0, 1.0)}, {0: (1.0, 1.0)}, {0: (1.0, 1.0)}, {0: (1.0, 1.0)}, {0: (1.0, 1.0)}, {0: (1.0, 1.0)}, {1: (1.0, 1.0)}, {}, {}]
[({0: (1.0, 1.0)}, 0, 1), ({0: (1.0, 1.0)}, 2, 3), ({}, 3, 4), ({}, 4, 5), ({}, 0, 5), ({}, 4, 6), ({}, 6, 7), ({}, 7, 8), ({0: (1.0, 1.0)}, 8, 9), ({0: (1.0, 1.0)}, 10, 11), ({}, 11, 12), ({}, 12, 13), ({}, 8, 13)]
Val : 60

New Score : 0.9615384615384616
========================================================

NewAbsGraph
[{0: (1.0, 1.0)}, {0: (1.0, 1.0)}, {0: (1.0, 1.0)}, {0: (1.0, 1.0)}, {0: (1.0, 1.0)}, {0: (1.0, 1.0)}, {0: (1.0, 1.0)}, {0: (1.0, 1.0)}, {0: (1.0, 1.0)}, {0: (1.0, 1.0)}, {0: (1.0, 1.0)}, {0: (1.0, 1.0)}, {0: (1.0, 1.0)}, {0: (1.0, 1.0)}, {}, {}, {}]
[({0: (1.0, 1.0)}, 0, 1), ({0: (1.0, 1.0)}, 2, 3), ({}, 3, 4), ({}, 4, 5), ({}, 0, 5), ({}, 4, 6), ({}, 6, 7), ({}, 7, 8), ({0: (1.0, 1.0)}, 8, 9), ({0: (1.0, 1.0)}, 10, 11), ({}, 11, 12), ({}, 12, 13), ({}, 8, 13)]
Val : 60

New Score : 0.9615384615384616
========================================================

NewAbsGraph
[{0: (1.0, 1.0)}, {0: (1.0, 1.0)}, {0: (1.0, 1.0)}, {0: (1.0, 1.0)}, {0: (1.0, 1.0)}, {0: (1.0, 1.0)}, {0: (1.0, 1.0)}, {0: (1.0, 1.0)}, {0: (1.0, 1.0)}, {0: (1.0, 1.0)}, {0: (1.0, 1.0)}, {0: (1.0, 1.0)}, {0: (1.0, 1.0)}, {}, {}, {}, {}]
[({0: (1.0, 1.0)}, 0, 1), ({0: (1.0, 1.0)}, 2, 3), ({}, 3, 4), ({}, 4, 5), ({}, 0, 5), ({}, 4, 6), ({}, 6, 7), ({}, 7, 8), ({0: (1.0, 1.0)}, 8, 9), ({0: (1.0, 1.0)}, 10, 11), ({}, 11, 12), ({}, 12, 13), ({}, 8, 13)]
Val : 60

New Score : 0.9615384615384616
========================================================

NewAbsGraph
[{0: (1.0, 1.0)}, {0: (1.0, 1.0)}, {0: (1.0, 1.0)}, {0: (1.0, 1.0)}, {0: (1.0, 1.0)}, {0: (1.0, 1.0)}, {0: (1.0, 1.0)}, {0: (1.0, 1.0)}, {0: (1.0, 1.0)}, {0: (1.0, 1.0)}, {0: (1.0, 1.0)}, {0: (1.0, 1.0)}, {}, {}, {}, {}, {}]
[({0: (1.0, 1.0)}, 0, 1), ({0: (1.0, 1.0)}, 2, 3), ({}, 3, 4), ({}, 4, 5), ({}, 0, 5), ({}, 4, 6), ({}, 6, 7), ({}, 7, 8), ({0: (1.0, 1.0)}, 8, 9), ({0: (1.0, 1.0)}, 10, 11), ({}, 11, 12), ({}, 12, 13), ({}, 8, 13)]
Val : 60

New Score : 0.9615384615384616
========================================================

NewAbsGraph
[{0: (1.0, 1.0)}, {0: (1.0, 1.0)}, {0: (1.0, 1.0)}, {0: (1.0, 1.0)}, {0: (1.0, 1.0)}, {0: (1.0, 1.0)}, {0: (1.0, 1.0)}, {0: (1.0, 1.0)}, {0: (1.0, 1.0)}, {0: (1.0, 1.0)}, {0: (1.0, 1.0)}, {}, {}, {}, {}, {}, {}]
[({0: (1.0, 1.0)}, 0, 1), ({0: (1.0, 1.0)}, 2, 3), ({}, 3, 4), ({}, 4, 5), ({}, 0, 5), ({}, 4, 6), ({}, 6, 7), ({}, 7, 8), ({0: (1.0, 1.0)}, 8, 9), ({0: (1.0, 1.0)}, 10, 11), ({}, 11, 12), ({}, 12, 13), ({}, 8, 13)]
Val : 60

New Score : 0.9615384615384616
========================================================

NewAbsGraph
[{0: (1.0, 1.0)}, {0: (1.0, 1.0)}, {0: (1.0, 1.0)}, {0: (1.0, 1.0)}, {0: (1.0, 1.0)}, {0: (1.0, 1.0)}, {0: (1.0, 1.0)}, {0: (1.0, 1.0)}, {0: (1.0, 1.0)}, {0: (1.0, 1.0)}, {}, {}, {}, {}, {}, {}, {}]
[({0: (1.0, 1.0)}, 0, 1), ({0: (1.0, 1.0)}, 2, 3), ({}, 3, 4), ({}, 4, 5), ({}, 0, 5), ({}, 4, 6), ({}, 6, 7), ({}, 7, 8), ({0: (1.0, 1.0)}, 8, 9), ({0: (1.0, 1.0)}, 10, 11), ({}, 11, 12), ({}, 12, 13), ({}, 8, 13)]
Val : 60

New Score : 0.9615384615384616
========================================================

NewAbsGraph
[{0: (1.0, 1.0)}, {0: (1.0, 1.0)}, {0: (1.0, 1.0)}, {0: (1.0, 1.0)}, {0: (1.0, 1.0)}, {0: (1.0, 1.0)}, {0: (1.0, 1.0)}, {0: (1.0, 1.0)}, {0: (1.0, 1.0)}, {}, {}, {}, {}, {}, {}, {}, {}]
[({0: (1.0, 1.0)}, 0, 1), ({0: (1.0, 1.0)}, 2, 3), ({}, 3, 4), ({}, 4, 5), ({}, 0, 5), ({}, 4, 6), ({}, 6, 7), ({}, 7, 8), ({0: (1.0, 1.0)}, 8, 9), ({0: (1.0, 1.0)}, 10, 11), ({}, 11, 12), ({}, 12, 13), ({}, 8, 13)]
Val : 60

New Score : 0.9615384615384616
========================================================

NewAbsGraph
[{0: (1.0, 1.0)}, {0: (1.0, 1.0)}, {0: (1.0, 1.0)}, {0: (1.0, 1.0)}, {0: (1.0, 1.0)}, {0: (1.0, 1.0)}, {0: (1.0, 1.0)}, {0: (1.0, 1.0)}, {}, {}, {}, {}, {}, {}, {}, {}, {}]
[({0: (1.0, 1.0)}, 0, 1), ({0: (1.0, 1.0)}, 2, 3), ({}, 3, 4), ({}, 4, 5), ({}, 0, 5), ({}, 4, 6), ({}, 6, 7), ({}, 7, 8), ({0: (1.0, 1.0)}, 8, 9), ({0: (1.0, 1.0)}, 10, 11), ({}, 11, 12), ({}, 12, 13), ({}, 8, 13)]
Val : 60

New Score : 0.9615384615384616
========================================================

NewAbsGraph
[{0: (1.0, 1.0)}, {0: (1.0, 1.0)}, {0: (1.0, 1.0)}, {0: (1.0, 1.0)}, {0: (1.0, 1.0)}, {0: (1.0, 1.0)}, {0: (1.0, 1.0)}, {}, {}, {}, {}, {}, {}, {}, {}, {}, {}]
[({0: (1.0, 1.0)}, 0, 1), ({0: (1.0, 1.0)}, 2, 3), ({}, 3, 4), ({}, 4, 5), ({}, 0, 5), ({}, 4, 6), ({}, 6, 7), ({}, 7, 8), ({0: (1.0, 1.0)}, 8, 9), ({0: (1.0, 1.0)}, 10, 11), ({}, 11, 12), ({}, 12, 13), ({}, 8, 13)]
Val : 60

New Score : 0.9615384615384616
========================================================

NewAbsGraph
[{0: (1.0, 1.0)}, {0: (1.0, 1.0)}, {0: (1.0, 1.0)}, {0: (1.0, 1.0)}, {0: (1.0, 1.0)}, {0: (1.0, 1.0)}, {}, {}, {}, {}, {}, {}, {}, {}, {}, {}, {}]
[({0: (1.0, 1.0)}, 0, 1), ({0: (1.0, 1.0)}, 2, 3), ({}, 3, 4), ({}, 4, 5), ({}, 0, 5), ({}, 4, 6), ({}, 6, 7), ({}, 7, 8), ({0: (1.0, 1.0)}, 8, 9), ({0: (1.0, 1.0)}, 10, 11), ({}, 11, 12), ({}, 12, 13), ({}, 8, 13)]
Val : 60

New Score : 0.9615384615384616
========================================================

NewAbsGraph
[{0: (1.0, 1.0)}, {0: (1.0, 1.0)}, {0: (1.0, 1.0)}, {0: (1.0, 1.0)}, {0: (1.0, 1.0)}, {}, {}, {}, {}, {}, {}, {}, {}, {}, {}, {}, {}]
[({0: (1.0, 1.0)}, 0, 1), ({0: (1.0, 1.0)}, 2, 3), ({}, 3, 4), ({}, 4, 5), ({}, 0, 5), ({}, 4, 6), ({}, 6, 7), ({}, 7, 8), ({0: (1.0, 1.0)}, 8, 9), ({0: (1.0, 1.0)}, 10, 11), ({}, 11, 12), ({}, 12, 13), ({}, 8, 13)]
Val : 60

New Score : 0.9615384615384616
========================================================

NewAbsGraph
[{0: (1.0, 1.0)}, {0: (1.0, 1.0)}, {0: (1.0, 1.0)}, {0: (1.0, 1.0)}, {}, {}, {}, {}, {}, {}, {}, {}, {}, {}, {}, {}, {}]
[({0: (1.0, 1.0)}, 0, 1), ({0: (1.0, 1.0)}, 2, 3), ({}, 3, 4), ({}, 4, 5), ({}, 0, 5), ({}, 4, 6), ({}, 6, 7), ({}, 7, 8), ({0: (1.0, 1.0)}, 8, 9), ({0: (1.0, 1.0)}, 10, 11), ({}, 11, 12), ({}, 12, 13), ({}, 8, 13)]
Val : 60

New Score : 0.9615384615384616
========================================================

NewAbsGraph
[{0: (1.0, 1.0)}, {0: (1.0, 1.0)}, {0: (1.0, 1.0)}, {}, {}, {}, {}, {}, {}, {}, {}, {}, {}, {}, {}, {}, {}]
[({0: (1.0, 1.0)}, 0, 1), ({0: (1.0, 1.0)}, 2, 3), ({}, 3, 4), ({}, 4, 5), ({}, 0, 5), ({}, 4, 6), ({}, 6, 7), ({}, 7, 8), ({0: (1.0, 1.0)}, 8, 9), ({0: (1.0, 1.0)}, 10, 11), ({}, 11, 12), ({}, 12, 13), ({}, 8, 13)]
Val : 60

New Score : 0.9615384615384616
========================================================

NewAbsGraph
[{0: (1.0, 1.0)}, {0: (1.0, 1.0)}, {}, {}, {}, {}, {}, {}, {}, {}, {}, {}, {}, {}, {}, {}, {}]
[({0: (1.0, 1.0)}, 0, 1), ({0: (1.0, 1.0)}, 2, 3), ({}, 3, 4), ({}, 4, 5), ({}, 0, 5), ({}, 4, 6), ({}, 6, 7), ({}, 7, 8), ({0: (1.0, 1.0)}, 8, 9), ({0: (1.0, 1.0)}, 10, 11), ({}, 11, 12), ({}, 12, 13), ({}, 8, 13)]
Val : 60

New Score : 0.9615384615384616
========================================================

NewAbsGraph
[{0: (1.0, 1.0)}, {}, {}, {}, {}, {}, {}, {}, {}, {}, {}, {}, {}, {}, {}, {}, {}]
[({0: (1.0, 1.0)}, 0, 1), ({0: (1.0, 1.0)}, 2, 3), ({}, 3, 4), ({}, 4, 5), ({}, 0, 5), ({}, 4, 6), ({}, 6, 7), ({}, 7, 8), ({0: (1.0, 1.0)}, 8, 9), ({0: (1.0, 1.0)}, 10, 11), ({}, 11, 12), ({}, 12, 13), ({}, 8, 13)]
Val : 60

New Score : 0.9615384615384616
========================================================


Now AbsGraph
[{0: (1.0, 1.0)}, {}, {}, {}, {}, {}, {}, {}, {}, {}, {}, {}, {}, {}, {}, {}, {}]
[({0: (1.0, 1.0)}, 0, 1), ({0: (1.0, 1.0)}, 2, 3), ({}, 3, 4), ({}, 4, 5), ({}, 0, 5), ({}, 4, 6), ({}, 6, 7), ({}, 7, 8), ({0: (1.0, 1.0)}, 8, 9), ({0: (1.0, 1.0)}, 10, 11), ({}, 11, 12), ({}, 12, 13), ({}, 8, 13)]


No!!!!!!!


No!!!!!!!


No!!!!!!!


No!!!!!!!


No!!!!!!!


No!!!!!!!


No!!!!!!!


No!!!!!!!


No!!!!!!!


No!!!!!!!


No!!!!!!!


No!!!!!!!



learned AbsGraph
[{0: (1.0, 1.0)}, {}, {}, {}, {}, {}, {}, {}, {}, {}, {}, {}, {}, {}, {}, {}, {}]
[({0: (1.0, 1.0)}, 0, 1), ({0: (1.0, 1.0)}, 2, 3), ({}, 3, 4), ({}, 4, 5), ({}, 0, 5), ({}, 4, 6), ({}, 6, 7), ({}, 7, 8), ({0: (1.0, 1.0)}, 8, 9), ({0: (1.0, 1.0)}, 10, 11), ({}, 11, 12), ({}, 12, 13), ({}, 8, 13)]
Learned best val : 60
Learned best score : 0.9615384615384616


