Left graphs : {0, 3, 5, 7, 9, 10, 11, 12, 14, 15, 17, 19, 20, 21, 22, 23, 24, 25, 26, 27, 28, 29, 30, 31, 32, 34, 36, 40, 42, 43, 44, 45, 46, 47, 48, 49, 50, 51, 52, 53, 55, 56, 57, 58, 59, 60, 62, 63, 66, 67, 68, 70, 71, 73, 74, 78, 79, 80, 81, 82, 84, 85, 86, 89, 90, 91, 92, 93, 94, 95, 96, 98, 100, 101, 102, 103, 104, 105, 106, 107, 108, 111, 114, 116, 117, 120, 121, 124, 125, 126, 127, 133, 135, 136, 139, 144, 145, 147, 148, 150, 151, 152, 156, 157, 158, 160, 161, 162, 163, 164, 165, 166, 168, 169, 170, 171, 172, 173, 175, 176, 177, 179, 182, 183, 186}
Left graphs len : 125
0.9166666666666666
0.9166666666666666

NewAbsGraph
[{0: (1.0, 1.0)}, {0: (1.0, 1.0)}, {0: (1.0, 1.0)}, {0: (1.0, 1.0)}, {0: (1.0, 1.0)}, {0: (1.0, 1.0)}, {0: (1.0, 1.0)}, {0: (1.0, 1.0)}, {0: (1.0, 1.0)}, {0: (1.0, 1.0)}, {0: (1.0, 1.0)}, {0: (1.0, 1.0)}, {0: (1.0, 1.0)}, {0: (1.0, 1.0)}, {1: (1.0, 1.0)}, {2: (1.0, 1.0)}, {2: (1.0, 1.0)}]
[({0: (1.0, 1.0)}, 0, 1), ({0: (1.0, 1.0)}, 1, 2), ({0: (1.0, 1.0)}, 2, 3), ({0: (1.0, 1.0)}, 3, 4), ({0: (1.0, 1.0)}, 4, 5), ({0: (1.0, 1.0)}, 0, 5), ({0: (1.0, 1.0)}, 4, 6), ({0: (1.0, 1.0)}, 6, 7), ({0: (1.0, 1.0)}, 7, 8), ({0: (1.0, 1.0)}, 8, 9), ({0: (1.0, 1.0)}, 3, 9), ({0: (1.0, 1.0)}, 9, 10), ({0: (1.0, 1.0)}, 10, 11), ({0: (1.0, 1.0)}, 11, 12), ({0: (1.0, 1.0)}, 12, 13), ({0: (1.0, 1.0)}, 8, 13), ({1: (1.0, 1.0)}, 12, 14), ({2: (1.0, 1.0)}, 14, 15)]

New Score : 0.9166666666666666
0.9166666666666666

NewAbsGraph
[{0: (1.0, 1.0)}, {0: (1.0, 1.0)}, {0: (1.0, 1.0)}, {0: (1.0, 1.0)}, {0: (1.0, 1.0)}, {0: (1.0, 1.0)}, {0: (1.0, 1.0)}, {0: (1.0, 1.0)}, {0: (1.0, 1.0)}, {0: (1.0, 1.0)}, {0: (1.0, 1.0)}, {0: (1.0, 1.0)}, {0: (1.0, 1.0)}, {0: (1.0, 1.0)}, {1: (1.0, 1.0)}, {2: (1.0, 1.0)}, {2: (1.0, 1.0)}]
[({0: (1.0, 1.0)}, 0, 1), ({0: (1.0, 1.0)}, 1, 2), ({0: (1.0, 1.0)}, 2, 3), ({0: (1.0, 1.0)}, 3, 4), ({0: (1.0, 1.0)}, 4, 5), ({0: (1.0, 1.0)}, 0, 5), ({0: (1.0, 1.0)}, 4, 6), ({0: (1.0, 1.0)}, 6, 7), ({0: (1.0, 1.0)}, 7, 8), ({0: (1.0, 1.0)}, 8, 9), ({0: (1.0, 1.0)}, 3, 9), ({0: (1.0, 1.0)}, 9, 10), ({0: (1.0, 1.0)}, 10, 11), ({0: (1.0, 1.0)}, 11, 12), ({0: (1.0, 1.0)}, 12, 13), ({0: (1.0, 1.0)}, 8, 13), ({1: (1.0, 1.0)}, 12, 14)]

New Score : 0.9166666666666666
0.9772727272727273

NewAbsGraph
[{0: (1.0, 1.0)}, {0: (1.0, 1.0)}, {0: (1.0, 1.0)}, {0: (1.0, 1.0)}, {0: (1.0, 1.0)}, {0: (1.0, 1.0)}, {0: (1.0, 1.0)}, {0: (1.0, 1.0)}, {0: (1.0, 1.0)}, {0: (1.0, 1.0)}, {0: (1.0, 1.0)}, {0: (1.0, 1.0)}, {0: (1.0, 1.0)}, {0: (1.0, 1.0)}, {1: (1.0, 1.0)}, {2: (1.0, 1.0)}, {2: (1.0, 1.0)}]
[({0: (1.0, 1.0)}, 0, 1), ({0: (1.0, 1.0)}, 1, 2), ({0: (1.0, 1.0)}, 2, 3), ({0: (1.0, 1.0)}, 3, 4), ({0: (1.0, 1.0)}, 4, 5), ({0: (1.0, 1.0)}, 0, 5), ({0: (1.0, 1.0)}, 4, 6), ({0: (1.0, 1.0)}, 6, 7), ({0: (1.0, 1.0)}, 7, 8), ({0: (1.0, 1.0)}, 8, 9), ({0: (1.0, 1.0)}, 3, 9), ({0: (1.0, 1.0)}, 9, 10), ({0: (1.0, 1.0)}, 10, 11), ({0: (1.0, 1.0)}, 11, 12), ({0: (1.0, 1.0)}, 12, 13), ({0: (1.0, 1.0)}, 8, 13)]

New Score : 0.9772727272727273
0.9772727272727273

NewAbsGraph
[{0: (1.0, 1.0)}, {0: (1.0, 1.0)}, {0: (1.0, 1.0)}, {0: (1.0, 1.0)}, {0: (1.0, 1.0)}, {0: (1.0, 1.0)}, {0: (1.0, 1.0)}, {0: (1.0, 1.0)}, {0: (1.0, 1.0)}, {0: (1.0, 1.0)}, {0: (1.0, 1.0)}, {0: (1.0, 1.0)}, {0: (1.0, 1.0)}, {0: (1.0, 1.0)}, {1: (1.0, 1.0)}, {2: (1.0, 1.0)}, {2: (1.0, 1.0)}]
[({0: (1.0, 1.0)}, 0, 1), ({0: (1.0, 1.0)}, 1, 2), ({0: (1.0, 1.0)}, 2, 3), ({0: (1.0, 1.0)}, 3, 4), ({0: (1.0, 1.0)}, 4, 5), ({0: (1.0, 1.0)}, 0, 5), ({0: (1.0, 1.0)}, 4, 6), ({0: (1.0, 1.0)}, 6, 7), ({0: (1.0, 1.0)}, 7, 8), ({0: (1.0, 1.0)}, 8, 9), ({0: (1.0, 1.0)}, 3, 9), ({0: (1.0, 1.0)}, 9, 10), ({0: (1.0, 1.0)}, 10, 11), ({0: (1.0, 1.0)}, 11, 12), ({0: (1.0, 1.0)}, 12, 13)]

New Score : 0.9772727272727273
0.9772727272727273

NewAbsGraph
[{0: (1.0, 1.0)}, {0: (1.0, 1.0)}, {0: (1.0, 1.0)}, {0: (1.0, 1.0)}, {0: (1.0, 1.0)}, {0: (1.0, 1.0)}, {0: (1.0, 1.0)}, {0: (1.0, 1.0)}, {0: (1.0, 1.0)}, {0: (1.0, 1.0)}, {0: (1.0, 1.0)}, {0: (1.0, 1.0)}, {0: (1.0, 1.0)}, {0: (1.0, 1.0)}, {1: (1.0, 1.0)}, {2: (1.0, 1.0)}, {2: (1.0, 1.0)}]
[({0: (1.0, 1.0)}, 0, 1), ({0: (1.0, 1.0)}, 1, 2), ({0: (1.0, 1.0)}, 2, 3), ({0: (1.0, 1.0)}, 3, 4), ({0: (1.0, 1.0)}, 4, 5), ({0: (1.0, 1.0)}, 0, 5), ({0: (1.0, 1.0)}, 4, 6), ({0: (1.0, 1.0)}, 6, 7), ({0: (1.0, 1.0)}, 7, 8), ({0: (1.0, 1.0)}, 8, 9), ({0: (1.0, 1.0)}, 3, 9), ({0: (1.0, 1.0)}, 9, 10), ({0: (1.0, 1.0)}, 10, 11), ({0: (1.0, 1.0)}, 11, 12)]

New Score : 0.9772727272727273
0.9772727272727273

NewAbsGraph
[{0: (1.0, 1.0)}, {0: (1.0, 1.0)}, {0: (1.0, 1.0)}, {0: (1.0, 1.0)}, {0: (1.0, 1.0)}, {0: (1.0, 1.0)}, {0: (1.0, 1.0)}, {0: (1.0, 1.0)}, {0: (1.0, 1.0)}, {0: (1.0, 1.0)}, {0: (1.0, 1.0)}, {0: (1.0, 1.0)}, {0: (1.0, 1.0)}, {0: (1.0, 1.0)}, {1: (1.0, 1.0)}, {2: (1.0, 1.0)}, {2: (1.0, 1.0)}]
[({0: (1.0, 1.0)}, 0, 1), ({0: (1.0, 1.0)}, 1, 2), ({0: (1.0, 1.0)}, 2, 3), ({0: (1.0, 1.0)}, 3, 4), ({0: (1.0, 1.0)}, 4, 5), ({0: (1.0, 1.0)}, 0, 5), ({0: (1.0, 1.0)}, 4, 6), ({0: (1.0, 1.0)}, 6, 7), ({0: (1.0, 1.0)}, 7, 8), ({0: (1.0, 1.0)}, 8, 9), ({0: (1.0, 1.0)}, 3, 9), ({0: (1.0, 1.0)}, 9, 10), ({0: (1.0, 1.0)}, 10, 11)]

New Score : 0.9772727272727273
0.9772727272727273

NewAbsGraph
[{0: (1.0, 1.0)}, {0: (1.0, 1.0)}, {0: (1.0, 1.0)}, {0: (1.0, 1.0)}, {0: (1.0, 1.0)}, {0: (1.0, 1.0)}, {0: (1.0, 1.0)}, {0: (1.0, 1.0)}, {0: (1.0, 1.0)}, {0: (1.0, 1.0)}, {0: (1.0, 1.0)}, {0: (1.0, 1.0)}, {0: (1.0, 1.0)}, {0: (1.0, 1.0)}, {1: (1.0, 1.0)}, {2: (1.0, 1.0)}, {2: (1.0, 1.0)}]
[({0: (1.0, 1.0)}, 0, 1), ({0: (1.0, 1.0)}, 1, 2), ({0: (1.0, 1.0)}, 2, 3), ({0: (1.0, 1.0)}, 3, 4), ({0: (1.0, 1.0)}, 4, 5), ({0: (1.0, 1.0)}, 0, 5), ({0: (1.0, 1.0)}, 4, 6), ({0: (1.0, 1.0)}, 6, 7), ({0: (1.0, 1.0)}, 7, 8), ({0: (1.0, 1.0)}, 8, 9), ({0: (1.0, 1.0)}, 3, 9), ({0: (1.0, 1.0)}, 9, 10)]

New Score : 0.9772727272727273
0.9285714285714286

No!!!!!!! Abort!

0.9782608695652174

NewAbsGraph
[{0: (1.0, 1.0)}, {0: (1.0, 1.0)}, {0: (1.0, 1.0)}, {0: (1.0, 1.0)}, {0: (1.0, 1.0)}, {0: (1.0, 1.0)}, {0: (1.0, 1.0)}, {0: (1.0, 1.0)}, {0: (1.0, 1.0)}, {0: (1.0, 1.0)}, {0: (1.0, 1.0)}, {0: (1.0, 1.0)}, {0: (1.0, 1.0)}, {0: (1.0, 1.0)}, {1: (1.0, 1.0)}, {2: (1.0, 1.0)}, {2: (1.0, 1.0)}]
[({0: (1.0, 1.0)}, 0, 1), ({0: (1.0, 1.0)}, 1, 2), ({0: (1.0, 1.0)}, 2, 3), ({0: (1.0, 1.0)}, 3, 4), ({0: (1.0, 1.0)}, 4, 5), ({0: (1.0, 1.0)}, 0, 5), ({0: (1.0, 1.0)}, 4, 6), ({0: (1.0, 1.0)}, 6, 7), ({0: (1.0, 1.0)}, 7, 8), ({0: (1.0, 1.0)}, 8, 9), ({0: (1.0, 1.0)}, 9, 10)]

New Score : 0.9782608695652174
0.8734177215189873

No!!!!!!! Abort!

0.8625

No!!!!!!! Abort!

0.8625

No!!!!!!! Abort!

0.8275862068965517

No!!!!!!! Abort!

0.9782608695652174

NewAbsGraph
[{0: (1.0, 1.0)}, {0: (1.0, 1.0)}, {0: (1.0, 1.0)}, {0: (1.0, 1.0)}, {0: (1.0, 1.0)}, {0: (1.0, 1.0)}, {0: (1.0, 1.0)}, {0: (1.0, 1.0)}, {0: (1.0, 1.0)}, {0: (1.0, 1.0)}, {0: (1.0, 1.0)}, {0: (1.0, 1.0)}, {0: (1.0, 1.0)}, {0: (1.0, 1.0)}, {1: (1.0, 1.0)}, {2: (1.0, 1.0)}, {2: (1.0, 1.0)}]
[({0: (1.0, 1.0)}, 0, 1), ({0: (1.0, 1.0)}, 1, 2), ({0: (1.0, 1.0)}, 2, 3), ({0: (1.0, 1.0)}, 3, 4), ({0: (1.0, 1.0)}, 4, 5), ({0: (1.0, 1.0)}, 4, 6), ({0: (1.0, 1.0)}, 6, 7), ({0: (1.0, 1.0)}, 7, 8), ({0: (1.0, 1.0)}, 8, 9), ({0: (1.0, 1.0)}, 9, 10)]

New Score : 0.9782608695652174
0.9285714285714286

No!!!!!!! Abort!

0.8625

No!!!!!!! Abort!

0.9787234042553191

NewAbsGraph
[{0: (1.0, 1.0)}, {0: (1.0, 1.0)}, {0: (1.0, 1.0)}, {0: (1.0, 1.0)}, {0: (1.0, 1.0)}, {0: (1.0, 1.0)}, {0: (1.0, 1.0)}, {0: (1.0, 1.0)}, {0: (1.0, 1.0)}, {0: (1.0, 1.0)}, {0: (1.0, 1.0)}, {0: (1.0, 1.0)}, {0: (1.0, 1.0)}, {0: (1.0, 1.0)}, {1: (1.0, 1.0)}, {2: (1.0, 1.0)}, {2: (1.0, 1.0)}]
[({0: (1.0, 1.0)}, 0, 1), ({0: (1.0, 1.0)}, 1, 2), ({0: (1.0, 1.0)}, 3, 4), ({0: (1.0, 1.0)}, 4, 5), ({0: (1.0, 1.0)}, 4, 6), ({0: (1.0, 1.0)}, 6, 7), ({0: (1.0, 1.0)}, 7, 8), ({0: (1.0, 1.0)}, 8, 9), ({0: (1.0, 1.0)}, 9, 10)]

New Score : 0.9787234042553191
0.9787234042553191

NewAbsGraph
[{0: (1.0, 1.0)}, {0: (1.0, 1.0)}, {0: (1.0, 1.0)}, {0: (1.0, 1.0)}, {0: (1.0, 1.0)}, {0: (1.0, 1.0)}, {0: (1.0, 1.0)}, {0: (1.0, 1.0)}, {0: (1.0, 1.0)}, {0: (1.0, 1.0)}, {0: (1.0, 1.0)}, {0: (1.0, 1.0)}, {0: (1.0, 1.0)}, {0: (1.0, 1.0)}, {1: (1.0, 1.0)}, {2: (1.0, 1.0)}, {2: (1.0, 1.0)}]
[({0: (1.0, 1.0)}, 0, 1), ({0: (1.0, 1.0)}, 3, 4), ({0: (1.0, 1.0)}, 4, 5), ({0: (1.0, 1.0)}, 4, 6), ({0: (1.0, 1.0)}, 6, 7), ({0: (1.0, 1.0)}, 7, 8), ({0: (1.0, 1.0)}, 8, 9), ({0: (1.0, 1.0)}, 9, 10)]

New Score : 0.9787234042553191
0.9787234042553191

NewAbsGraph
[{0: (1.0, 1.0)}, {0: (1.0, 1.0)}, {0: (1.0, 1.0)}, {0: (1.0, 1.0)}, {0: (1.0, 1.0)}, {0: (1.0, 1.0)}, {0: (1.0, 1.0)}, {0: (1.0, 1.0)}, {0: (1.0, 1.0)}, {0: (1.0, 1.0)}, {0: (1.0, 1.0)}, {0: (1.0, 1.0)}, {0: (1.0, 1.0)}, {0: (1.0, 1.0)}, {1: (1.0, 1.0)}, {2: (1.0, 1.0)}, {2: (1.0, 1.0)}]
[({0: (1.0, 1.0)}, 3, 4), ({0: (1.0, 1.0)}, 4, 5), ({0: (1.0, 1.0)}, 4, 6), ({0: (1.0, 1.0)}, 6, 7), ({0: (1.0, 1.0)}, 7, 8), ({0: (1.0, 1.0)}, 8, 9), ({0: (1.0, 1.0)}, 9, 10)]

New Score : 0.9787234042553191
Now AbsGraph
[{0: (1.0, 1.0)}, {0: (1.0, 1.0)}, {0: (1.0, 1.0)}, {0: (1.0, 1.0)}, {0: (1.0, 1.0)}, {0: (1.0, 1.0)}, {0: (1.0, 1.0)}, {0: (1.0, 1.0)}, {0: (1.0, 1.0)}, {0: (1.0, 1.0)}, {0: (1.0, 1.0)}, {0: (1.0, 1.0)}, {0: (1.0, 1.0)}, {0: (1.0, 1.0)}, {1: (1.0, 1.0)}, {2: (1.0, 1.0)}, {2: (1.0, 1.0)}]
[({0: (1.0, 1.0)}, 3, 4), ({0: (1.0, 1.0)}, 4, 5), ({0: (1.0, 1.0)}, 4, 6), ({0: (1.0, 1.0)}, 6, 7), ({0: (1.0, 1.0)}, 7, 8), ({0: (1.0, 1.0)}, 8, 9), ({0: (1.0, 1.0)}, 9, 10)]

==============================  Phase 2  =============================
0.9577464788732394

No!!!!!!!

0.9791666666666666

NewAbsGraph
[{0: (1.0, 1.0)}, {0: (1.0, 1.0)}, {0: (1.0, 1.0)}, {0: (1.0, 1.0)}, {0: (1.0, 1.0)}, {0: (1.0, 1.0)}, {0: (1.0, 1.0)}, {0: (1.0, 1.0)}, {0: (1.0, 1.0)}, {0: (1.0, 1.0)}, {0: (1.0, 1.0)}, {0: (1.0, 1.0)}, {0: (1.0, 1.0)}, {0: (1.0, 1.0)}, {1: (1.0, 1.0)}, {2: (1.0, 1.0)}, {2: (1.0, 1.0)}]
[({0: (1.0, 1.0)}, 3, 4), ({0: (1.0, 1.0)}, 4, 5), ({0: (1.0, 1.0)}, 4, 6), ({0: (1.0, 1.0)}, 6, 7), ({0: (1.0, 1.0)}, 7, 8), ({}, 8, 9), ({0: (1.0, 1.0)}, 9, 10)]

New Score : 0.9791666666666666
0.984375

NewAbsGraph
[{0: (1.0, 1.0)}, {0: (1.0, 1.0)}, {0: (1.0, 1.0)}, {0: (1.0, 1.0)}, {0: (1.0, 1.0)}, {0: (1.0, 1.0)}, {0: (1.0, 1.0)}, {0: (1.0, 1.0)}, {0: (1.0, 1.0)}, {0: (1.0, 1.0)}, {0: (1.0, 1.0)}, {0: (1.0, 1.0)}, {0: (1.0, 1.0)}, {0: (1.0, 1.0)}, {1: (1.0, 1.0)}, {2: (1.0, 1.0)}, {2: (1.0, 1.0)}]
[({0: (1.0, 1.0)}, 3, 4), ({0: (1.0, 1.0)}, 4, 5), ({0: (1.0, 1.0)}, 4, 6), ({0: (1.0, 1.0)}, 6, 7), ({}, 7, 8), ({}, 8, 9), ({0: (1.0, 1.0)}, 9, 10)]

New Score : 0.984375
0.984375

NewAbsGraph
[{0: (1.0, 1.0)}, {0: (1.0, 1.0)}, {0: (1.0, 1.0)}, {0: (1.0, 1.0)}, {0: (1.0, 1.0)}, {0: (1.0, 1.0)}, {0: (1.0, 1.0)}, {0: (1.0, 1.0)}, {0: (1.0, 1.0)}, {0: (1.0, 1.0)}, {0: (1.0, 1.0)}, {0: (1.0, 1.0)}, {0: (1.0, 1.0)}, {0: (1.0, 1.0)}, {1: (1.0, 1.0)}, {2: (1.0, 1.0)}, {2: (1.0, 1.0)}]
[({0: (1.0, 1.0)}, 3, 4), ({0: (1.0, 1.0)}, 4, 5), ({0: (1.0, 1.0)}, 4, 6), ({}, 6, 7), ({}, 7, 8), ({}, 8, 9), ({0: (1.0, 1.0)}, 9, 10)]

New Score : 0.984375
0.9302325581395349

No!!!!!!!

0.9375

No!!!!!!!

==============================  Phase 3  =============================
0.984375

NewAbsGraph
[{0: (1.0, 1.0)}, {0: (1.0, 1.0)}, {0: (1.0, 1.0)}, {0: (1.0, 1.0)}, {0: (1.0, 1.0)}, {0: (1.0, 1.0)}, {0: (1.0, 1.0)}, {0: (1.0, 1.0)}, {0: (1.0, 1.0)}, {0: (1.0, 1.0)}, {0: (1.0, 1.0)}, {0: (1.0, 1.0)}, {0: (1.0, 1.0)}, {0: (1.0, 1.0)}, {1: (1.0, 1.0)}, {2: (1.0, 1.0)}, {}]
[({0: (1.0, 1.0)}, 3, 4), ({0: (1.0, 1.0)}, 4, 5), ({0: (1.0, 1.0)}, 4, 6), ({}, 6, 7), ({}, 7, 8), ({}, 8, 9), ({0: (1.0, 1.0)}, 9, 10)]

New Score : 0.984375
========================================================
0.984375

NewAbsGraph
[{0: (1.0, 1.0)}, {0: (1.0, 1.0)}, {0: (1.0, 1.0)}, {0: (1.0, 1.0)}, {0: (1.0, 1.0)}, {0: (1.0, 1.0)}, {0: (1.0, 1.0)}, {0: (1.0, 1.0)}, {0: (1.0, 1.0)}, {0: (1.0, 1.0)}, {0: (1.0, 1.0)}, {0: (1.0, 1.0)}, {0: (1.0, 1.0)}, {0: (1.0, 1.0)}, {1: (1.0, 1.0)}, {}, {}]
[({0: (1.0, 1.0)}, 3, 4), ({0: (1.0, 1.0)}, 4, 5), ({0: (1.0, 1.0)}, 4, 6), ({}, 6, 7), ({}, 7, 8), ({}, 8, 9), ({0: (1.0, 1.0)}, 9, 10)]

New Score : 0.984375
========================================================
0.984375

NewAbsGraph
[{0: (1.0, 1.0)}, {0: (1.0, 1.0)}, {0: (1.0, 1.0)}, {0: (1.0, 1.0)}, {0: (1.0, 1.0)}, {0: (1.0, 1.0)}, {0: (1.0, 1.0)}, {0: (1.0, 1.0)}, {0: (1.0, 1.0)}, {0: (1.0, 1.0)}, {0: (1.0, 1.0)}, {0: (1.0, 1.0)}, {0: (1.0, 1.0)}, {0: (1.0, 1.0)}, {}, {}, {}]
[({0: (1.0, 1.0)}, 3, 4), ({0: (1.0, 1.0)}, 4, 5), ({0: (1.0, 1.0)}, 4, 6), ({}, 6, 7), ({}, 7, 8), ({}, 8, 9), ({0: (1.0, 1.0)}, 9, 10)]

New Score : 0.984375
========================================================
0.984375

NewAbsGraph
[{0: (1.0, 1.0)}, {0: (1.0, 1.0)}, {0: (1.0, 1.0)}, {0: (1.0, 1.0)}, {0: (1.0, 1.0)}, {0: (1.0, 1.0)}, {0: (1.0, 1.0)}, {0: (1.0, 1.0)}, {0: (1.0, 1.0)}, {0: (1.0, 1.0)}, {0: (1.0, 1.0)}, {0: (1.0, 1.0)}, {0: (1.0, 1.0)}, {}, {}, {}, {}]
[({0: (1.0, 1.0)}, 3, 4), ({0: (1.0, 1.0)}, 4, 5), ({0: (1.0, 1.0)}, 4, 6), ({}, 6, 7), ({}, 7, 8), ({}, 8, 9), ({0: (1.0, 1.0)}, 9, 10)]

New Score : 0.984375
========================================================
0.984375

NewAbsGraph
[{0: (1.0, 1.0)}, {0: (1.0, 1.0)}, {0: (1.0, 1.0)}, {0: (1.0, 1.0)}, {0: (1.0, 1.0)}, {0: (1.0, 1.0)}, {0: (1.0, 1.0)}, {0: (1.0, 1.0)}, {0: (1.0, 1.0)}, {0: (1.0, 1.0)}, {0: (1.0, 1.0)}, {0: (1.0, 1.0)}, {}, {}, {}, {}, {}]
[({0: (1.0, 1.0)}, 3, 4), ({0: (1.0, 1.0)}, 4, 5), ({0: (1.0, 1.0)}, 4, 6), ({}, 6, 7), ({}, 7, 8), ({}, 8, 9), ({0: (1.0, 1.0)}, 9, 10)]

New Score : 0.984375
========================================================
0.984375

NewAbsGraph
[{0: (1.0, 1.0)}, {0: (1.0, 1.0)}, {0: (1.0, 1.0)}, {0: (1.0, 1.0)}, {0: (1.0, 1.0)}, {0: (1.0, 1.0)}, {0: (1.0, 1.0)}, {0: (1.0, 1.0)}, {0: (1.0, 1.0)}, {0: (1.0, 1.0)}, {0: (1.0, 1.0)}, {}, {}, {}, {}, {}, {}]
[({0: (1.0, 1.0)}, 3, 4), ({0: (1.0, 1.0)}, 4, 5), ({0: (1.0, 1.0)}, 4, 6), ({}, 6, 7), ({}, 7, 8), ({}, 8, 9), ({0: (1.0, 1.0)}, 9, 10)]

New Score : 0.984375
========================================================
0.984375

NewAbsGraph
[{0: (1.0, 1.0)}, {0: (1.0, 1.0)}, {0: (1.0, 1.0)}, {0: (1.0, 1.0)}, {0: (1.0, 1.0)}, {0: (1.0, 1.0)}, {0: (1.0, 1.0)}, {0: (1.0, 1.0)}, {0: (1.0, 1.0)}, {0: (1.0, 1.0)}, {}, {}, {}, {}, {}, {}, {}]
[({0: (1.0, 1.0)}, 3, 4), ({0: (1.0, 1.0)}, 4, 5), ({0: (1.0, 1.0)}, 4, 6), ({}, 6, 7), ({}, 7, 8), ({}, 8, 9), ({0: (1.0, 1.0)}, 9, 10)]

New Score : 0.984375
========================================================
0.984375

NewAbsGraph
[{0: (1.0, 1.0)}, {0: (1.0, 1.0)}, {0: (1.0, 1.0)}, {0: (1.0, 1.0)}, {0: (1.0, 1.0)}, {0: (1.0, 1.0)}, {0: (1.0, 1.0)}, {0: (1.0, 1.0)}, {0: (1.0, 1.0)}, {}, {}, {}, {}, {}, {}, {}, {}]
[({0: (1.0, 1.0)}, 3, 4), ({0: (1.0, 1.0)}, 4, 5), ({0: (1.0, 1.0)}, 4, 6), ({}, 6, 7), ({}, 7, 8), ({}, 8, 9), ({0: (1.0, 1.0)}, 9, 10)]

New Score : 0.984375
========================================================
0.984375

NewAbsGraph
[{0: (1.0, 1.0)}, {0: (1.0, 1.0)}, {0: (1.0, 1.0)}, {0: (1.0, 1.0)}, {0: (1.0, 1.0)}, {0: (1.0, 1.0)}, {0: (1.0, 1.0)}, {0: (1.0, 1.0)}, {}, {}, {}, {}, {}, {}, {}, {}, {}]
[({0: (1.0, 1.0)}, 3, 4), ({0: (1.0, 1.0)}, 4, 5), ({0: (1.0, 1.0)}, 4, 6), ({}, 6, 7), ({}, 7, 8), ({}, 8, 9), ({0: (1.0, 1.0)}, 9, 10)]

New Score : 0.984375
========================================================
0.984375

NewAbsGraph
[{0: (1.0, 1.0)}, {0: (1.0, 1.0)}, {0: (1.0, 1.0)}, {0: (1.0, 1.0)}, {0: (1.0, 1.0)}, {0: (1.0, 1.0)}, {0: (1.0, 1.0)}, {}, {}, {}, {}, {}, {}, {}, {}, {}, {}]
[({0: (1.0, 1.0)}, 3, 4), ({0: (1.0, 1.0)}, 4, 5), ({0: (1.0, 1.0)}, 4, 6), ({}, 6, 7), ({}, 7, 8), ({}, 8, 9), ({0: (1.0, 1.0)}, 9, 10)]

New Score : 0.984375
========================================================
0.9857142857142858

NewAbsGraph
[{0: (1.0, 1.0)}, {0: (1.0, 1.0)}, {0: (1.0, 1.0)}, {0: (1.0, 1.0)}, {0: (1.0, 1.0)}, {0: (1.0, 1.0)}, {}, {}, {}, {}, {}, {}, {}, {}, {}, {}, {}]
[({0: (1.0, 1.0)}, 3, 4), ({0: (1.0, 1.0)}, 4, 5), ({0: (1.0, 1.0)}, 4, 6), ({}, 6, 7), ({}, 7, 8), ({}, 8, 9), ({0: (1.0, 1.0)}, 9, 10)]

New Score : 0.9857142857142858
========================================================
0.9857142857142858

NewAbsGraph
[{0: (1.0, 1.0)}, {0: (1.0, 1.0)}, {0: (1.0, 1.0)}, {0: (1.0, 1.0)}, {0: (1.0, 1.0)}, {}, {}, {}, {}, {}, {}, {}, {}, {}, {}, {}, {}]
[({0: (1.0, 1.0)}, 3, 4), ({0: (1.0, 1.0)}, 4, 5), ({0: (1.0, 1.0)}, 4, 6), ({}, 6, 7), ({}, 7, 8), ({}, 8, 9), ({0: (1.0, 1.0)}, 9, 10)]

New Score : 0.9857142857142858
========================================================
0.9857142857142858

NewAbsGraph
[{0: (1.0, 1.0)}, {0: (1.0, 1.0)}, {0: (1.0, 1.0)}, {0: (1.0, 1.0)}, {}, {}, {}, {}, {}, {}, {}, {}, {}, {}, {}, {}, {}]
[({0: (1.0, 1.0)}, 3, 4), ({0: (1.0, 1.0)}, 4, 5), ({0: (1.0, 1.0)}, 4, 6), ({}, 6, 7), ({}, 7, 8), ({}, 8, 9), ({0: (1.0, 1.0)}, 9, 10)]

New Score : 0.9857142857142858
========================================================
0.9857142857142858

NewAbsGraph
[{0: (1.0, 1.0)}, {0: (1.0, 1.0)}, {0: (1.0, 1.0)}, {}, {}, {}, {}, {}, {}, {}, {}, {}, {}, {}, {}, {}, {}]
[({0: (1.0, 1.0)}, 3, 4), ({0: (1.0, 1.0)}, 4, 5), ({0: (1.0, 1.0)}, 4, 6), ({}, 6, 7), ({}, 7, 8), ({}, 8, 9), ({0: (1.0, 1.0)}, 9, 10)]

New Score : 0.9857142857142858
========================================================
0.9857142857142858

NewAbsGraph
[{0: (1.0, 1.0)}, {0: (1.0, 1.0)}, {}, {}, {}, {}, {}, {}, {}, {}, {}, {}, {}, {}, {}, {}, {}]
[({0: (1.0, 1.0)}, 3, 4), ({0: (1.0, 1.0)}, 4, 5), ({0: (1.0, 1.0)}, 4, 6), ({}, 6, 7), ({}, 7, 8), ({}, 8, 9), ({0: (1.0, 1.0)}, 9, 10)]

New Score : 0.9857142857142858
========================================================
0.9857142857142858

NewAbsGraph
[{0: (1.0, 1.0)}, {}, {}, {}, {}, {}, {}, {}, {}, {}, {}, {}, {}, {}, {}, {}, {}]
[({0: (1.0, 1.0)}, 3, 4), ({0: (1.0, 1.0)}, 4, 5), ({0: (1.0, 1.0)}, 4, 6), ({}, 6, 7), ({}, 7, 8), ({}, 8, 9), ({0: (1.0, 1.0)}, 9, 10)]

New Score : 0.9857142857142858
========================================================


Now AbsGraph
[{0: (1.0, 1.0)}, {}, {}, {}, {}, {}, {}, {}, {}, {}, {}, {}, {}, {}, {}, {}, {}]
[({0: (1.0, 1.0)}, 3, 4), ({0: (1.0, 1.0)}, 4, 5), ({0: (1.0, 1.0)}, 4, 6), ({}, 6, 7), ({}, 7, 8), ({}, 8, 9), ({0: (1.0, 1.0)}, 9, 10)]

0.872093023255814

No!!!!!!!

0.872093023255814

No!!!!!!!

0.872093023255814

No!!!!!!!

0.872093023255814

No!!!!!!!

0.78125

No!!!!!!!

0.8275862068965517

No!!!!!!!



learned AbsGraph
[{0: (1.0, 1.0)}, {}, {}, {}, {}, {}, {}, {}, {}, {}, {}, {}, {}, {}, {}, {}, {}]
[({0: (1.0, 1.0)}, 3, 4), ({0: (1.0, 1.0)}, 4, 5), ({0: (1.0, 1.0)}, 4, 6), ({}, 6, 7), ({}, 7, 8), ({}, 8, 9), ({0: (1.0, 1.0)}, 9, 10)]
Learned best score : 0.9857142857142858



Covered graphs : {0, 3, 5, 133, 135, 136, 10, 11, 12, 14, 15, 148, 22, 23, 151, 26, 156, 29, 30, 158, 160, 162, 163, 164, 165, 166, 169, 42, 45, 173, 47, 48, 176, 50, 51, 179, 182, 55, 183, 57, 58, 186, 66, 67, 70, 73, 79, 81, 84, 85, 86, 89, 90, 92, 93, 95, 100, 102, 103, 104, 105, 106, 107, 108, 117, 120, 121, 124, 125}
Covered graphs len : 69

Left graphs : {7, 9, 139, 144, 17, 145, 19, 20, 21, 147, 150, 24, 25, 152, 27, 28, 157, 31, 32, 161, 34, 36, 40, 168, 170, 43, 44, 171, 46, 172, 175, 49, 177, 52, 53, 56, 59, 60, 62, 63, 68, 71, 74, 78, 80, 82, 91, 94, 96, 98, 101, 111, 114, 116, 126, 127}
Left graphs len : 56
0.5
0.5

NewAbsGraph
[{0: (1.0, 1.0)}, {0: (1.0, 1.0)}, {2: (1.0, 1.0)}, {2: (1.0, 1.0)}, {0: (1.0, 1.0)}, {0: (1.0, 1.0)}, {0: (1.0, 1.0)}, {0: (1.0, 1.0)}, {0: (1.0, 1.0)}, {0: (1.0, 1.0)}, {0: (1.0, 1.0)}, {0: (1.0, 1.0)}, {0: (1.0, 1.0)}, {0: (1.0, 1.0)}, {0: (1.0, 1.0)}, {0: (1.0, 1.0)}, {0: (1.0, 1.0)}, {1: (1.0, 1.0)}, {2: (1.0, 1.0)}, {2: (1.0, 1.0)}]
[({1: (1.0, 1.0)}, 0, 1), ({2: (1.0, 1.0)}, 1, 2), ({1: (1.0, 1.0)}, 1, 3), ({1: (1.0, 1.0)}, 3, 4), ({0: (1.0, 1.0)}, 4, 5), ({0: (1.0, 1.0)}, 5, 6), ({0: (1.0, 1.0)}, 6, 7), ({0: (1.0, 1.0)}, 7, 8), ({0: (1.0, 1.0)}, 8, 9), ({0: (1.0, 1.0)}, 4, 9), ({1: (1.0, 1.0)}, 8, 10), ({1: (1.0, 1.0)}, 10, 11), ({0: (1.0, 1.0)}, 11, 12), ({1: (1.0, 1.0)}, 7, 12), ({0: (1.0, 1.0)}, 12, 13), ({0: (1.0, 1.0)}, 13, 14), ({0: (1.0, 1.0)}, 14, 15), ({0: (1.0, 1.0)}, 15, 16), ({0: (1.0, 1.0)}, 11, 16), ({1: (1.0, 1.0)}, 15, 17), ({2: (1.0, 1.0)}, 17, 18)]

New Score : 0.5
0.5

NewAbsGraph
[{0: (1.0, 1.0)}, {0: (1.0, 1.0)}, {2: (1.0, 1.0)}, {2: (1.0, 1.0)}, {0: (1.0, 1.0)}, {0: (1.0, 1.0)}, {0: (1.0, 1.0)}, {0: (1.0, 1.0)}, {0: (1.0, 1.0)}, {0: (1.0, 1.0)}, {0: (1.0, 1.0)}, {0: (1.0, 1.0)}, {0: (1.0, 1.0)}, {0: (1.0, 1.0)}, {0: (1.0, 1.0)}, {0: (1.0, 1.0)}, {0: (1.0, 1.0)}, {1: (1.0, 1.0)}, {2: (1.0, 1.0)}, {2: (1.0, 1.0)}]
[({1: (1.0, 1.0)}, 0, 1), ({2: (1.0, 1.0)}, 1, 2), ({1: (1.0, 1.0)}, 1, 3), ({1: (1.0, 1.0)}, 3, 4), ({0: (1.0, 1.0)}, 4, 5), ({0: (1.0, 1.0)}, 5, 6), ({0: (1.0, 1.0)}, 6, 7), ({0: (1.0, 1.0)}, 7, 8), ({0: (1.0, 1.0)}, 8, 9), ({0: (1.0, 1.0)}, 4, 9), ({1: (1.0, 1.0)}, 8, 10), ({1: (1.0, 1.0)}, 10, 11), ({0: (1.0, 1.0)}, 11, 12), ({1: (1.0, 1.0)}, 7, 12), ({0: (1.0, 1.0)}, 12, 13), ({0: (1.0, 1.0)}, 13, 14), ({0: (1.0, 1.0)}, 14, 15), ({0: (1.0, 1.0)}, 15, 16), ({0: (1.0, 1.0)}, 11, 16), ({1: (1.0, 1.0)}, 15, 17)]

New Score : 0.5
0.5

NewAbsGraph
[{0: (1.0, 1.0)}, {0: (1.0, 1.0)}, {2: (1.0, 1.0)}, {2: (1.0, 1.0)}, {0: (1.0, 1.0)}, {0: (1.0, 1.0)}, {0: (1.0, 1.0)}, {0: (1.0, 1.0)}, {0: (1.0, 1.0)}, {0: (1.0, 1.0)}, {0: (1.0, 1.0)}, {0: (1.0, 1.0)}, {0: (1.0, 1.0)}, {0: (1.0, 1.0)}, {0: (1.0, 1.0)}, {0: (1.0, 1.0)}, {0: (1.0, 1.0)}, {1: (1.0, 1.0)}, {2: (1.0, 1.0)}, {2: (1.0, 1.0)}]
[({1: (1.0, 1.0)}, 0, 1), ({2: (1.0, 1.0)}, 1, 2), ({1: (1.0, 1.0)}, 1, 3), ({1: (1.0, 1.0)}, 3, 4), ({0: (1.0, 1.0)}, 4, 5), ({0: (1.0, 1.0)}, 5, 6), ({0: (1.0, 1.0)}, 6, 7), ({0: (1.0, 1.0)}, 7, 8), ({0: (1.0, 1.0)}, 8, 9), ({0: (1.0, 1.0)}, 4, 9), ({1: (1.0, 1.0)}, 8, 10), ({1: (1.0, 1.0)}, 10, 11), ({0: (1.0, 1.0)}, 11, 12), ({1: (1.0, 1.0)}, 7, 12), ({0: (1.0, 1.0)}, 12, 13), ({0: (1.0, 1.0)}, 13, 14), ({0: (1.0, 1.0)}, 14, 15), ({0: (1.0, 1.0)}, 15, 16), ({0: (1.0, 1.0)}, 11, 16)]

New Score : 0.5
0.5

NewAbsGraph
[{0: (1.0, 1.0)}, {0: (1.0, 1.0)}, {2: (1.0, 1.0)}, {2: (1.0, 1.0)}, {0: (1.0, 1.0)}, {0: (1.0, 1.0)}, {0: (1.0, 1.0)}, {0: (1.0, 1.0)}, {0: (1.0, 1.0)}, {0: (1.0, 1.0)}, {0: (1.0, 1.0)}, {0: (1.0, 1.0)}, {0: (1.0, 1.0)}, {0: (1.0, 1.0)}, {0: (1.0, 1.0)}, {0: (1.0, 1.0)}, {0: (1.0, 1.0)}, {1: (1.0, 1.0)}, {2: (1.0, 1.0)}, {2: (1.0, 1.0)}]
[({1: (1.0, 1.0)}, 0, 1), ({2: (1.0, 1.0)}, 1, 2), ({1: (1.0, 1.0)}, 1, 3), ({1: (1.0, 1.0)}, 3, 4), ({0: (1.0, 1.0)}, 4, 5), ({0: (1.0, 1.0)}, 5, 6), ({0: (1.0, 1.0)}, 6, 7), ({0: (1.0, 1.0)}, 7, 8), ({0: (1.0, 1.0)}, 8, 9), ({0: (1.0, 1.0)}, 4, 9), ({1: (1.0, 1.0)}, 8, 10), ({1: (1.0, 1.0)}, 10, 11), ({0: (1.0, 1.0)}, 11, 12), ({1: (1.0, 1.0)}, 7, 12), ({0: (1.0, 1.0)}, 12, 13), ({0: (1.0, 1.0)}, 13, 14), ({0: (1.0, 1.0)}, 14, 15), ({0: (1.0, 1.0)}, 15, 16)]

New Score : 0.5
0.5

NewAbsGraph
[{0: (1.0, 1.0)}, {0: (1.0, 1.0)}, {2: (1.0, 1.0)}, {2: (1.0, 1.0)}, {0: (1.0, 1.0)}, {0: (1.0, 1.0)}, {0: (1.0, 1.0)}, {0: (1.0, 1.0)}, {0: (1.0, 1.0)}, {0: (1.0, 1.0)}, {0: (1.0, 1.0)}, {0: (1.0, 1.0)}, {0: (1.0, 1.0)}, {0: (1.0, 1.0)}, {0: (1.0, 1.0)}, {0: (1.0, 1.0)}, {0: (1.0, 1.0)}, {1: (1.0, 1.0)}, {2: (1.0, 1.0)}, {2: (1.0, 1.0)}]
[({1: (1.0, 1.0)}, 0, 1), ({2: (1.0, 1.0)}, 1, 2), ({1: (1.0, 1.0)}, 1, 3), ({1: (1.0, 1.0)}, 3, 4), ({0: (1.0, 1.0)}, 4, 5), ({0: (1.0, 1.0)}, 5, 6), ({0: (1.0, 1.0)}, 6, 7), ({0: (1.0, 1.0)}, 7, 8), ({0: (1.0, 1.0)}, 8, 9), ({0: (1.0, 1.0)}, 4, 9), ({1: (1.0, 1.0)}, 8, 10), ({1: (1.0, 1.0)}, 10, 11), ({0: (1.0, 1.0)}, 11, 12), ({1: (1.0, 1.0)}, 7, 12), ({0: (1.0, 1.0)}, 12, 13), ({0: (1.0, 1.0)}, 13, 14), ({0: (1.0, 1.0)}, 14, 15)]

New Score : 0.5
0.5

NewAbsGraph
[{0: (1.0, 1.0)}, {0: (1.0, 1.0)}, {2: (1.0, 1.0)}, {2: (1.0, 1.0)}, {0: (1.0, 1.0)}, {0: (1.0, 1.0)}, {0: (1.0, 1.0)}, {0: (1.0, 1.0)}, {0: (1.0, 1.0)}, {0: (1.0, 1.0)}, {0: (1.0, 1.0)}, {0: (1.0, 1.0)}, {0: (1.0, 1.0)}, {0: (1.0, 1.0)}, {0: (1.0, 1.0)}, {0: (1.0, 1.0)}, {0: (1.0, 1.0)}, {1: (1.0, 1.0)}, {2: (1.0, 1.0)}, {2: (1.0, 1.0)}]
[({1: (1.0, 1.0)}, 0, 1), ({2: (1.0, 1.0)}, 1, 2), ({1: (1.0, 1.0)}, 1, 3), ({1: (1.0, 1.0)}, 3, 4), ({0: (1.0, 1.0)}, 4, 5), ({0: (1.0, 1.0)}, 5, 6), ({0: (1.0, 1.0)}, 6, 7), ({0: (1.0, 1.0)}, 7, 8), ({0: (1.0, 1.0)}, 8, 9), ({0: (1.0, 1.0)}, 4, 9), ({1: (1.0, 1.0)}, 8, 10), ({1: (1.0, 1.0)}, 10, 11), ({0: (1.0, 1.0)}, 11, 12), ({1: (1.0, 1.0)}, 7, 12), ({0: (1.0, 1.0)}, 12, 13), ({0: (1.0, 1.0)}, 13, 14)]

New Score : 0.5
0.5

NewAbsGraph
[{0: (1.0, 1.0)}, {0: (1.0, 1.0)}, {2: (1.0, 1.0)}, {2: (1.0, 1.0)}, {0: (1.0, 1.0)}, {0: (1.0, 1.0)}, {0: (1.0, 1.0)}, {0: (1.0, 1.0)}, {0: (1.0, 1.0)}, {0: (1.0, 1.0)}, {0: (1.0, 1.0)}, {0: (1.0, 1.0)}, {0: (1.0, 1.0)}, {0: (1.0, 1.0)}, {0: (1.0, 1.0)}, {0: (1.0, 1.0)}, {0: (1.0, 1.0)}, {1: (1.0, 1.0)}, {2: (1.0, 1.0)}, {2: (1.0, 1.0)}]
[({1: (1.0, 1.0)}, 0, 1), ({2: (1.0, 1.0)}, 1, 2), ({1: (1.0, 1.0)}, 1, 3), ({1: (1.0, 1.0)}, 3, 4), ({0: (1.0, 1.0)}, 4, 5), ({0: (1.0, 1.0)}, 5, 6), ({0: (1.0, 1.0)}, 6, 7), ({0: (1.0, 1.0)}, 7, 8), ({0: (1.0, 1.0)}, 8, 9), ({0: (1.0, 1.0)}, 4, 9), ({1: (1.0, 1.0)}, 8, 10), ({1: (1.0, 1.0)}, 10, 11), ({0: (1.0, 1.0)}, 11, 12), ({1: (1.0, 1.0)}, 7, 12), ({0: (1.0, 1.0)}, 12, 13)]

New Score : 0.5
0.5

NewAbsGraph
[{0: (1.0, 1.0)}, {0: (1.0, 1.0)}, {2: (1.0, 1.0)}, {2: (1.0, 1.0)}, {0: (1.0, 1.0)}, {0: (1.0, 1.0)}, {0: (1.0, 1.0)}, {0: (1.0, 1.0)}, {0: (1.0, 1.0)}, {0: (1.0, 1.0)}, {0: (1.0, 1.0)}, {0: (1.0, 1.0)}, {0: (1.0, 1.0)}, {0: (1.0, 1.0)}, {0: (1.0, 1.0)}, {0: (1.0, 1.0)}, {0: (1.0, 1.0)}, {1: (1.0, 1.0)}, {2: (1.0, 1.0)}, {2: (1.0, 1.0)}]
[({1: (1.0, 1.0)}, 0, 1), ({2: (1.0, 1.0)}, 1, 2), ({1: (1.0, 1.0)}, 1, 3), ({1: (1.0, 1.0)}, 3, 4), ({0: (1.0, 1.0)}, 4, 5), ({0: (1.0, 1.0)}, 5, 6), ({0: (1.0, 1.0)}, 6, 7), ({0: (1.0, 1.0)}, 7, 8), ({0: (1.0, 1.0)}, 8, 9), ({0: (1.0, 1.0)}, 4, 9), ({1: (1.0, 1.0)}, 8, 10), ({1: (1.0, 1.0)}, 10, 11), ({0: (1.0, 1.0)}, 11, 12), ({1: (1.0, 1.0)}, 7, 12)]

New Score : 0.5
0.5

NewAbsGraph
[{0: (1.0, 1.0)}, {0: (1.0, 1.0)}, {2: (1.0, 1.0)}, {2: (1.0, 1.0)}, {0: (1.0, 1.0)}, {0: (1.0, 1.0)}, {0: (1.0, 1.0)}, {0: (1.0, 1.0)}, {0: (1.0, 1.0)}, {0: (1.0, 1.0)}, {0: (1.0, 1.0)}, {0: (1.0, 1.0)}, {0: (1.0, 1.0)}, {0: (1.0, 1.0)}, {0: (1.0, 1.0)}, {0: (1.0, 1.0)}, {0: (1.0, 1.0)}, {1: (1.0, 1.0)}, {2: (1.0, 1.0)}, {2: (1.0, 1.0)}]
[({1: (1.0, 1.0)}, 0, 1), ({2: (1.0, 1.0)}, 1, 2), ({1: (1.0, 1.0)}, 1, 3), ({1: (1.0, 1.0)}, 3, 4), ({0: (1.0, 1.0)}, 4, 5), ({0: (1.0, 1.0)}, 5, 6), ({0: (1.0, 1.0)}, 6, 7), ({0: (1.0, 1.0)}, 7, 8), ({0: (1.0, 1.0)}, 8, 9), ({0: (1.0, 1.0)}, 4, 9), ({1: (1.0, 1.0)}, 8, 10), ({1: (1.0, 1.0)}, 10, 11), ({0: (1.0, 1.0)}, 11, 12)]

New Score : 0.5
0.5

NewAbsGraph
[{0: (1.0, 1.0)}, {0: (1.0, 1.0)}, {2: (1.0, 1.0)}, {2: (1.0, 1.0)}, {0: (1.0, 1.0)}, {0: (1.0, 1.0)}, {0: (1.0, 1.0)}, {0: (1.0, 1.0)}, {0: (1.0, 1.0)}, {0: (1.0, 1.0)}, {0: (1.0, 1.0)}, {0: (1.0, 1.0)}, {0: (1.0, 1.0)}, {0: (1.0, 1.0)}, {0: (1.0, 1.0)}, {0: (1.0, 1.0)}, {0: (1.0, 1.0)}, {1: (1.0, 1.0)}, {2: (1.0, 1.0)}, {2: (1.0, 1.0)}]
[({1: (1.0, 1.0)}, 0, 1), ({2: (1.0, 1.0)}, 1, 2), ({1: (1.0, 1.0)}, 1, 3), ({1: (1.0, 1.0)}, 3, 4), ({0: (1.0, 1.0)}, 4, 5), ({0: (1.0, 1.0)}, 5, 6), ({0: (1.0, 1.0)}, 6, 7), ({0: (1.0, 1.0)}, 7, 8), ({0: (1.0, 1.0)}, 8, 9), ({0: (1.0, 1.0)}, 4, 9), ({1: (1.0, 1.0)}, 8, 10), ({1: (1.0, 1.0)}, 10, 11)]

New Score : 0.5
0.5

NewAbsGraph
[{0: (1.0, 1.0)}, {0: (1.0, 1.0)}, {2: (1.0, 1.0)}, {2: (1.0, 1.0)}, {0: (1.0, 1.0)}, {0: (1.0, 1.0)}, {0: (1.0, 1.0)}, {0: (1.0, 1.0)}, {0: (1.0, 1.0)}, {0: (1.0, 1.0)}, {0: (1.0, 1.0)}, {0: (1.0, 1.0)}, {0: (1.0, 1.0)}, {0: (1.0, 1.0)}, {0: (1.0, 1.0)}, {0: (1.0, 1.0)}, {0: (1.0, 1.0)}, {1: (1.0, 1.0)}, {2: (1.0, 1.0)}, {2: (1.0, 1.0)}]
[({1: (1.0, 1.0)}, 0, 1), ({2: (1.0, 1.0)}, 1, 2), ({1: (1.0, 1.0)}, 1, 3), ({1: (1.0, 1.0)}, 3, 4), ({0: (1.0, 1.0)}, 4, 5), ({0: (1.0, 1.0)}, 5, 6), ({0: (1.0, 1.0)}, 6, 7), ({0: (1.0, 1.0)}, 7, 8), ({0: (1.0, 1.0)}, 8, 9), ({0: (1.0, 1.0)}, 4, 9), ({1: (1.0, 1.0)}, 8, 10)]

New Score : 0.5
0.6666666666666666

NewAbsGraph
[{0: (1.0, 1.0)}, {0: (1.0, 1.0)}, {2: (1.0, 1.0)}, {2: (1.0, 1.0)}, {0: (1.0, 1.0)}, {0: (1.0, 1.0)}, {0: (1.0, 1.0)}, {0: (1.0, 1.0)}, {0: (1.0, 1.0)}, {0: (1.0, 1.0)}, {0: (1.0, 1.0)}, {0: (1.0, 1.0)}, {0: (1.0, 1.0)}, {0: (1.0, 1.0)}, {0: (1.0, 1.0)}, {0: (1.0, 1.0)}, {0: (1.0, 1.0)}, {1: (1.0, 1.0)}, {2: (1.0, 1.0)}, {2: (1.0, 1.0)}]
[({1: (1.0, 1.0)}, 0, 1), ({2: (1.0, 1.0)}, 1, 2), ({1: (1.0, 1.0)}, 1, 3), ({1: (1.0, 1.0)}, 3, 4), ({0: (1.0, 1.0)}, 4, 5), ({0: (1.0, 1.0)}, 5, 6), ({0: (1.0, 1.0)}, 6, 7), ({0: (1.0, 1.0)}, 7, 8), ({0: (1.0, 1.0)}, 8, 9), ({0: (1.0, 1.0)}, 4, 9)]

New Score : 0.6666666666666666
0.6666666666666666

NewAbsGraph
[{0: (1.0, 1.0)}, {0: (1.0, 1.0)}, {2: (1.0, 1.0)}, {2: (1.0, 1.0)}, {0: (1.0, 1.0)}, {0: (1.0, 1.0)}, {0: (1.0, 1.0)}, {0: (1.0, 1.0)}, {0: (1.0, 1.0)}, {0: (1.0, 1.0)}, {0: (1.0, 1.0)}, {0: (1.0, 1.0)}, {0: (1.0, 1.0)}, {0: (1.0, 1.0)}, {0: (1.0, 1.0)}, {0: (1.0, 1.0)}, {0: (1.0, 1.0)}, {1: (1.0, 1.0)}, {2: (1.0, 1.0)}, {2: (1.0, 1.0)}]
[({1: (1.0, 1.0)}, 0, 1), ({2: (1.0, 1.0)}, 1, 2), ({1: (1.0, 1.0)}, 1, 3), ({1: (1.0, 1.0)}, 3, 4), ({0: (1.0, 1.0)}, 4, 5), ({0: (1.0, 1.0)}, 5, 6), ({0: (1.0, 1.0)}, 6, 7), ({0: (1.0, 1.0)}, 7, 8), ({0: (1.0, 1.0)}, 8, 9)]

New Score : 0.6666666666666666
0.6666666666666666

NewAbsGraph
[{0: (1.0, 1.0)}, {0: (1.0, 1.0)}, {2: (1.0, 1.0)}, {2: (1.0, 1.0)}, {0: (1.0, 1.0)}, {0: (1.0, 1.0)}, {0: (1.0, 1.0)}, {0: (1.0, 1.0)}, {0: (1.0, 1.0)}, {0: (1.0, 1.0)}, {0: (1.0, 1.0)}, {0: (1.0, 1.0)}, {0: (1.0, 1.0)}, {0: (1.0, 1.0)}, {0: (1.0, 1.0)}, {0: (1.0, 1.0)}, {0: (1.0, 1.0)}, {1: (1.0, 1.0)}, {2: (1.0, 1.0)}, {2: (1.0, 1.0)}]
[({1: (1.0, 1.0)}, 0, 1), ({2: (1.0, 1.0)}, 1, 2), ({1: (1.0, 1.0)}, 1, 3), ({1: (1.0, 1.0)}, 3, 4), ({0: (1.0, 1.0)}, 4, 5), ({0: (1.0, 1.0)}, 5, 6), ({0: (1.0, 1.0)}, 6, 7), ({0: (1.0, 1.0)}, 7, 8)]

New Score : 0.6666666666666666
0.6666666666666666

NewAbsGraph
[{0: (1.0, 1.0)}, {0: (1.0, 1.0)}, {2: (1.0, 1.0)}, {2: (1.0, 1.0)}, {0: (1.0, 1.0)}, {0: (1.0, 1.0)}, {0: (1.0, 1.0)}, {0: (1.0, 1.0)}, {0: (1.0, 1.0)}, {0: (1.0, 1.0)}, {0: (1.0, 1.0)}, {0: (1.0, 1.0)}, {0: (1.0, 1.0)}, {0: (1.0, 1.0)}, {0: (1.0, 1.0)}, {0: (1.0, 1.0)}, {0: (1.0, 1.0)}, {1: (1.0, 1.0)}, {2: (1.0, 1.0)}, {2: (1.0, 1.0)}]
[({1: (1.0, 1.0)}, 0, 1), ({2: (1.0, 1.0)}, 1, 2), ({1: (1.0, 1.0)}, 1, 3), ({1: (1.0, 1.0)}, 3, 4), ({0: (1.0, 1.0)}, 4, 5), ({0: (1.0, 1.0)}, 5, 6), ({0: (1.0, 1.0)}, 6, 7)]

New Score : 0.6666666666666666
0.6666666666666666

NewAbsGraph
[{0: (1.0, 1.0)}, {0: (1.0, 1.0)}, {2: (1.0, 1.0)}, {2: (1.0, 1.0)}, {0: (1.0, 1.0)}, {0: (1.0, 1.0)}, {0: (1.0, 1.0)}, {0: (1.0, 1.0)}, {0: (1.0, 1.0)}, {0: (1.0, 1.0)}, {0: (1.0, 1.0)}, {0: (1.0, 1.0)}, {0: (1.0, 1.0)}, {0: (1.0, 1.0)}, {0: (1.0, 1.0)}, {0: (1.0, 1.0)}, {0: (1.0, 1.0)}, {1: (1.0, 1.0)}, {2: (1.0, 1.0)}, {2: (1.0, 1.0)}]
[({1: (1.0, 1.0)}, 0, 1), ({2: (1.0, 1.0)}, 1, 2), ({1: (1.0, 1.0)}, 1, 3), ({1: (1.0, 1.0)}, 3, 4), ({0: (1.0, 1.0)}, 4, 5), ({0: (1.0, 1.0)}, 5, 6)]

New Score : 0.6666666666666666
0.6666666666666666

NewAbsGraph
[{0: (1.0, 1.0)}, {0: (1.0, 1.0)}, {2: (1.0, 1.0)}, {2: (1.0, 1.0)}, {0: (1.0, 1.0)}, {0: (1.0, 1.0)}, {0: (1.0, 1.0)}, {0: (1.0, 1.0)}, {0: (1.0, 1.0)}, {0: (1.0, 1.0)}, {0: (1.0, 1.0)}, {0: (1.0, 1.0)}, {0: (1.0, 1.0)}, {0: (1.0, 1.0)}, {0: (1.0, 1.0)}, {0: (1.0, 1.0)}, {0: (1.0, 1.0)}, {1: (1.0, 1.0)}, {2: (1.0, 1.0)}, {2: (1.0, 1.0)}]
[({1: (1.0, 1.0)}, 0, 1), ({2: (1.0, 1.0)}, 1, 2), ({1: (1.0, 1.0)}, 1, 3), ({1: (1.0, 1.0)}, 3, 4), ({0: (1.0, 1.0)}, 4, 5)]

New Score : 0.6666666666666666
0.6666666666666666

NewAbsGraph
[{0: (1.0, 1.0)}, {0: (1.0, 1.0)}, {2: (1.0, 1.0)}, {2: (1.0, 1.0)}, {0: (1.0, 1.0)}, {0: (1.0, 1.0)}, {0: (1.0, 1.0)}, {0: (1.0, 1.0)}, {0: (1.0, 1.0)}, {0: (1.0, 1.0)}, {0: (1.0, 1.0)}, {0: (1.0, 1.0)}, {0: (1.0, 1.0)}, {0: (1.0, 1.0)}, {0: (1.0, 1.0)}, {0: (1.0, 1.0)}, {0: (1.0, 1.0)}, {1: (1.0, 1.0)}, {2: (1.0, 1.0)}, {2: (1.0, 1.0)}]
[({1: (1.0, 1.0)}, 0, 1), ({2: (1.0, 1.0)}, 1, 2), ({1: (1.0, 1.0)}, 1, 3), ({1: (1.0, 1.0)}, 3, 4)]

New Score : 0.6666666666666666
0.6666666666666666

NewAbsGraph
[{0: (1.0, 1.0)}, {0: (1.0, 1.0)}, {2: (1.0, 1.0)}, {2: (1.0, 1.0)}, {0: (1.0, 1.0)}, {0: (1.0, 1.0)}, {0: (1.0, 1.0)}, {0: (1.0, 1.0)}, {0: (1.0, 1.0)}, {0: (1.0, 1.0)}, {0: (1.0, 1.0)}, {0: (1.0, 1.0)}, {0: (1.0, 1.0)}, {0: (1.0, 1.0)}, {0: (1.0, 1.0)}, {0: (1.0, 1.0)}, {0: (1.0, 1.0)}, {1: (1.0, 1.0)}, {2: (1.0, 1.0)}, {2: (1.0, 1.0)}]
[({1: (1.0, 1.0)}, 0, 1), ({2: (1.0, 1.0)}, 1, 2), ({1: (1.0, 1.0)}, 1, 3)]

New Score : 0.6666666666666666
0.8571428571428571

NewAbsGraph
[{0: (1.0, 1.0)}, {0: (1.0, 1.0)}, {2: (1.0, 1.0)}, {2: (1.0, 1.0)}, {0: (1.0, 1.0)}, {0: (1.0, 1.0)}, {0: (1.0, 1.0)}, {0: (1.0, 1.0)}, {0: (1.0, 1.0)}, {0: (1.0, 1.0)}, {0: (1.0, 1.0)}, {0: (1.0, 1.0)}, {0: (1.0, 1.0)}, {0: (1.0, 1.0)}, {0: (1.0, 1.0)}, {0: (1.0, 1.0)}, {0: (1.0, 1.0)}, {1: (1.0, 1.0)}, {2: (1.0, 1.0)}, {2: (1.0, 1.0)}]
[({1: (1.0, 1.0)}, 0, 1), ({2: (1.0, 1.0)}, 1, 2)]

New Score : 0.8571428571428571
0.8181818181818182

No!!!!!!! Abort!

0.8571428571428571

NewAbsGraph
[{0: (1.0, 1.0)}, {0: (1.0, 1.0)}, {2: (1.0, 1.0)}, {2: (1.0, 1.0)}, {0: (1.0, 1.0)}, {0: (1.0, 1.0)}, {0: (1.0, 1.0)}, {0: (1.0, 1.0)}, {0: (1.0, 1.0)}, {0: (1.0, 1.0)}, {0: (1.0, 1.0)}, {0: (1.0, 1.0)}, {0: (1.0, 1.0)}, {0: (1.0, 1.0)}, {0: (1.0, 1.0)}, {0: (1.0, 1.0)}, {0: (1.0, 1.0)}, {1: (1.0, 1.0)}, {2: (1.0, 1.0)}, {2: (1.0, 1.0)}]
[({2: (1.0, 1.0)}, 1, 2)]

New Score : 0.8571428571428571
Now AbsGraph
[{0: (1.0, 1.0)}, {0: (1.0, 1.0)}, {2: (1.0, 1.0)}, {2: (1.0, 1.0)}, {0: (1.0, 1.0)}, {0: (1.0, 1.0)}, {0: (1.0, 1.0)}, {0: (1.0, 1.0)}, {0: (1.0, 1.0)}, {0: (1.0, 1.0)}, {0: (1.0, 1.0)}, {0: (1.0, 1.0)}, {0: (1.0, 1.0)}, {0: (1.0, 1.0)}, {0: (1.0, 1.0)}, {0: (1.0, 1.0)}, {0: (1.0, 1.0)}, {1: (1.0, 1.0)}, {2: (1.0, 1.0)}, {2: (1.0, 1.0)}]
[({2: (1.0, 1.0)}, 1, 2)]

==============================  Phase 2  =============================
==============================  Phase 3  =============================
0.8571428571428571

NewAbsGraph
[{0: (1.0, 1.0)}, {0: (1.0, 1.0)}, {2: (1.0, 1.0)}, {2: (1.0, 1.0)}, {0: (1.0, 1.0)}, {0: (1.0, 1.0)}, {0: (1.0, 1.0)}, {0: (1.0, 1.0)}, {0: (1.0, 1.0)}, {0: (1.0, 1.0)}, {0: (1.0, 1.0)}, {0: (1.0, 1.0)}, {0: (1.0, 1.0)}, {0: (1.0, 1.0)}, {0: (1.0, 1.0)}, {0: (1.0, 1.0)}, {0: (1.0, 1.0)}, {1: (1.0, 1.0)}, {2: (1.0, 1.0)}, {}]
[({2: (1.0, 1.0)}, 1, 2)]

New Score : 0.8571428571428571
========================================================
0.8571428571428571

NewAbsGraph
[{0: (1.0, 1.0)}, {0: (1.0, 1.0)}, {2: (1.0, 1.0)}, {2: (1.0, 1.0)}, {0: (1.0, 1.0)}, {0: (1.0, 1.0)}, {0: (1.0, 1.0)}, {0: (1.0, 1.0)}, {0: (1.0, 1.0)}, {0: (1.0, 1.0)}, {0: (1.0, 1.0)}, {0: (1.0, 1.0)}, {0: (1.0, 1.0)}, {0: (1.0, 1.0)}, {0: (1.0, 1.0)}, {0: (1.0, 1.0)}, {0: (1.0, 1.0)}, {1: (1.0, 1.0)}, {}, {}]
[({2: (1.0, 1.0)}, 1, 2)]

New Score : 0.8571428571428571
========================================================
0.8571428571428571

NewAbsGraph
[{0: (1.0, 1.0)}, {0: (1.0, 1.0)}, {2: (1.0, 1.0)}, {2: (1.0, 1.0)}, {0: (1.0, 1.0)}, {0: (1.0, 1.0)}, {0: (1.0, 1.0)}, {0: (1.0, 1.0)}, {0: (1.0, 1.0)}, {0: (1.0, 1.0)}, {0: (1.0, 1.0)}, {0: (1.0, 1.0)}, {0: (1.0, 1.0)}, {0: (1.0, 1.0)}, {0: (1.0, 1.0)}, {0: (1.0, 1.0)}, {0: (1.0, 1.0)}, {}, {}, {}]
[({2: (1.0, 1.0)}, 1, 2)]

New Score : 0.8571428571428571
========================================================
0.8571428571428571

NewAbsGraph
[{0: (1.0, 1.0)}, {0: (1.0, 1.0)}, {2: (1.0, 1.0)}, {2: (1.0, 1.0)}, {0: (1.0, 1.0)}, {0: (1.0, 1.0)}, {0: (1.0, 1.0)}, {0: (1.0, 1.0)}, {0: (1.0, 1.0)}, {0: (1.0, 1.0)}, {0: (1.0, 1.0)}, {0: (1.0, 1.0)}, {0: (1.0, 1.0)}, {0: (1.0, 1.0)}, {0: (1.0, 1.0)}, {0: (1.0, 1.0)}, {}, {}, {}, {}]
[({2: (1.0, 1.0)}, 1, 2)]

New Score : 0.8571428571428571
========================================================
0.8571428571428571

NewAbsGraph
[{0: (1.0, 1.0)}, {0: (1.0, 1.0)}, {2: (1.0, 1.0)}, {2: (1.0, 1.0)}, {0: (1.0, 1.0)}, {0: (1.0, 1.0)}, {0: (1.0, 1.0)}, {0: (1.0, 1.0)}, {0: (1.0, 1.0)}, {0: (1.0, 1.0)}, {0: (1.0, 1.0)}, {0: (1.0, 1.0)}, {0: (1.0, 1.0)}, {0: (1.0, 1.0)}, {0: (1.0, 1.0)}, {}, {}, {}, {}, {}]
[({2: (1.0, 1.0)}, 1, 2)]

New Score : 0.8571428571428571
========================================================
0.8571428571428571

NewAbsGraph
[{0: (1.0, 1.0)}, {0: (1.0, 1.0)}, {2: (1.0, 1.0)}, {2: (1.0, 1.0)}, {0: (1.0, 1.0)}, {0: (1.0, 1.0)}, {0: (1.0, 1.0)}, {0: (1.0, 1.0)}, {0: (1.0, 1.0)}, {0: (1.0, 1.0)}, {0: (1.0, 1.0)}, {0: (1.0, 1.0)}, {0: (1.0, 1.0)}, {0: (1.0, 1.0)}, {}, {}, {}, {}, {}, {}]
[({2: (1.0, 1.0)}, 1, 2)]

New Score : 0.8571428571428571
========================================================
0.8571428571428571

NewAbsGraph
[{0: (1.0, 1.0)}, {0: (1.0, 1.0)}, {2: (1.0, 1.0)}, {2: (1.0, 1.0)}, {0: (1.0, 1.0)}, {0: (1.0, 1.0)}, {0: (1.0, 1.0)}, {0: (1.0, 1.0)}, {0: (1.0, 1.0)}, {0: (1.0, 1.0)}, {0: (1.0, 1.0)}, {0: (1.0, 1.0)}, {0: (1.0, 1.0)}, {}, {}, {}, {}, {}, {}, {}]
[({2: (1.0, 1.0)}, 1, 2)]

New Score : 0.8571428571428571
========================================================
0.8571428571428571

NewAbsGraph
[{0: (1.0, 1.0)}, {0: (1.0, 1.0)}, {2: (1.0, 1.0)}, {2: (1.0, 1.0)}, {0: (1.0, 1.0)}, {0: (1.0, 1.0)}, {0: (1.0, 1.0)}, {0: (1.0, 1.0)}, {0: (1.0, 1.0)}, {0: (1.0, 1.0)}, {0: (1.0, 1.0)}, {0: (1.0, 1.0)}, {}, {}, {}, {}, {}, {}, {}, {}]
[({2: (1.0, 1.0)}, 1, 2)]

New Score : 0.8571428571428571
========================================================
0.8571428571428571

NewAbsGraph
[{0: (1.0, 1.0)}, {0: (1.0, 1.0)}, {2: (1.0, 1.0)}, {2: (1.0, 1.0)}, {0: (1.0, 1.0)}, {0: (1.0, 1.0)}, {0: (1.0, 1.0)}, {0: (1.0, 1.0)}, {0: (1.0, 1.0)}, {0: (1.0, 1.0)}, {0: (1.0, 1.0)}, {}, {}, {}, {}, {}, {}, {}, {}, {}]
[({2: (1.0, 1.0)}, 1, 2)]

New Score : 0.8571428571428571
========================================================
0.8571428571428571

NewAbsGraph
[{0: (1.0, 1.0)}, {0: (1.0, 1.0)}, {2: (1.0, 1.0)}, {2: (1.0, 1.0)}, {0: (1.0, 1.0)}, {0: (1.0, 1.0)}, {0: (1.0, 1.0)}, {0: (1.0, 1.0)}, {0: (1.0, 1.0)}, {0: (1.0, 1.0)}, {}, {}, {}, {}, {}, {}, {}, {}, {}, {}]
[({2: (1.0, 1.0)}, 1, 2)]

New Score : 0.8571428571428571
========================================================
0.8571428571428571

NewAbsGraph
[{0: (1.0, 1.0)}, {0: (1.0, 1.0)}, {2: (1.0, 1.0)}, {2: (1.0, 1.0)}, {0: (1.0, 1.0)}, {0: (1.0, 1.0)}, {0: (1.0, 1.0)}, {0: (1.0, 1.0)}, {0: (1.0, 1.0)}, {}, {}, {}, {}, {}, {}, {}, {}, {}, {}, {}]
[({2: (1.0, 1.0)}, 1, 2)]

New Score : 0.8571428571428571
========================================================
0.8571428571428571

NewAbsGraph
[{0: (1.0, 1.0)}, {0: (1.0, 1.0)}, {2: (1.0, 1.0)}, {2: (1.0, 1.0)}, {0: (1.0, 1.0)}, {0: (1.0, 1.0)}, {0: (1.0, 1.0)}, {0: (1.0, 1.0)}, {}, {}, {}, {}, {}, {}, {}, {}, {}, {}, {}, {}]
[({2: (1.0, 1.0)}, 1, 2)]

New Score : 0.8571428571428571
========================================================
0.8571428571428571

NewAbsGraph
[{0: (1.0, 1.0)}, {0: (1.0, 1.0)}, {2: (1.0, 1.0)}, {2: (1.0, 1.0)}, {0: (1.0, 1.0)}, {0: (1.0, 1.0)}, {0: (1.0, 1.0)}, {}, {}, {}, {}, {}, {}, {}, {}, {}, {}, {}, {}, {}]
[({2: (1.0, 1.0)}, 1, 2)]

New Score : 0.8571428571428571
========================================================
0.8571428571428571

NewAbsGraph
[{0: (1.0, 1.0)}, {0: (1.0, 1.0)}, {2: (1.0, 1.0)}, {2: (1.0, 1.0)}, {0: (1.0, 1.0)}, {0: (1.0, 1.0)}, {}, {}, {}, {}, {}, {}, {}, {}, {}, {}, {}, {}, {}, {}]
[({2: (1.0, 1.0)}, 1, 2)]

New Score : 0.8571428571428571
========================================================
0.8571428571428571

NewAbsGraph
[{0: (1.0, 1.0)}, {0: (1.0, 1.0)}, {2: (1.0, 1.0)}, {2: (1.0, 1.0)}, {0: (1.0, 1.0)}, {}, {}, {}, {}, {}, {}, {}, {}, {}, {}, {}, {}, {}, {}, {}]
[({2: (1.0, 1.0)}, 1, 2)]

New Score : 0.8571428571428571
========================================================
0.8571428571428571

NewAbsGraph
[{0: (1.0, 1.0)}, {0: (1.0, 1.0)}, {2: (1.0, 1.0)}, {2: (1.0, 1.0)}, {}, {}, {}, {}, {}, {}, {}, {}, {}, {}, {}, {}, {}, {}, {}, {}]
[({2: (1.0, 1.0)}, 1, 2)]

New Score : 0.8571428571428571
========================================================
0.8571428571428571

NewAbsGraph
[{0: (1.0, 1.0)}, {0: (1.0, 1.0)}, {2: (1.0, 1.0)}, {}, {}, {}, {}, {}, {}, {}, {}, {}, {}, {}, {}, {}, {}, {}, {}, {}]
[({2: (1.0, 1.0)}, 1, 2)]

New Score : 0.8571428571428571
========================================================
0.7333333333333333

No!!!!!!!

========================================================
0.7419354838709677

No!!!!!!!

========================================================


Now AbsGraph
[{0: (1.0, 1.0)}, {0: (1.0, 1.0)}, {2: (1.0, 1.0)}, {}, {}, {}, {}, {}, {}, {}, {}, {}, {}, {}, {}, {}, {}, {}, {}, {}]
[({2: (1.0, 1.0)}, 1, 2)]



learned AbsGraph
[{0: (1.0, 1.0)}, {0: (1.0, 1.0)}, {2: (1.0, 1.0)}, {}, {}, {}, {}, {}, {}, {}, {}, {}, {}, {}, {}, {}, {}, {}, {}, {}]
[({2: (1.0, 1.0)}, 1, 2)]
Learned best score : 0.8571428571428571



Covered graphs : {32, 130, 131, 69, 101, 7, 165, 110, 17, 178, 87, 28, 157, 62, 63}
Covered graphs len : 15

Left graphs : {9, 139, 144, 145, 19, 20, 21, 147, 150, 24, 25, 152, 27, 31, 161, 34, 36, 40, 168, 170, 43, 44, 171, 46, 172, 175, 49, 177, 52, 53, 56, 59, 60, 68, 71, 74, 78, 80, 82, 91, 94, 96, 98, 111, 114, 116, 126, 127}
Left graphs len : 48
0.6666666666666666
0.6666666666666666

NewAbsGraph
[{0: (1.0, 1.0)}, {0: (1.0, 1.0)}, {0: (1.0, 1.0)}, {0: (1.0, 1.0)}, {0: (1.0, 1.0)}, {0: (1.0, 1.0)}, {0: (1.0, 1.0)}, {0: (1.0, 1.0)}, {0: (1.0, 1.0)}, {0: (1.0, 1.0)}, {0: (1.0, 1.0)}, {0: (1.0, 1.0)}, {0: (1.0, 1.0)}, {0: (1.0, 1.0)}, {1: (1.0, 1.0)}, {2: (1.0, 1.0)}, {2: (1.0, 1.0)}]
[({1: (1.0, 1.0)}, 0, 1), ({0: (1.0, 1.0)}, 1, 2), ({0: (1.0, 1.0)}, 2, 3), ({0: (1.0, 1.0)}, 3, 4), ({0: (1.0, 1.0)}, 4, 5), ({0: (1.0, 1.0)}, 5, 6), ({0: (1.0, 1.0)}, 1, 6), ({1: (1.0, 1.0)}, 5, 7), ({1: (1.0, 1.0)}, 7, 8), ({0: (1.0, 1.0)}, 8, 9), ({1: (1.0, 1.0)}, 4, 9), ({0: (1.0, 1.0)}, 9, 10), ({0: (1.0, 1.0)}, 10, 11), ({0: (1.0, 1.0)}, 11, 12), ({0: (1.0, 1.0)}, 12, 13), ({0: (1.0, 1.0)}, 8, 13), ({1: (1.0, 1.0)}, 12, 14), ({2: (1.0, 1.0)}, 14, 15)]

New Score : 0.6666666666666666
0.6666666666666666

NewAbsGraph
[{0: (1.0, 1.0)}, {0: (1.0, 1.0)}, {0: (1.0, 1.0)}, {0: (1.0, 1.0)}, {0: (1.0, 1.0)}, {0: (1.0, 1.0)}, {0: (1.0, 1.0)}, {0: (1.0, 1.0)}, {0: (1.0, 1.0)}, {0: (1.0, 1.0)}, {0: (1.0, 1.0)}, {0: (1.0, 1.0)}, {0: (1.0, 1.0)}, {0: (1.0, 1.0)}, {1: (1.0, 1.0)}, {2: (1.0, 1.0)}, {2: (1.0, 1.0)}]
[({1: (1.0, 1.0)}, 0, 1), ({0: (1.0, 1.0)}, 1, 2), ({0: (1.0, 1.0)}, 2, 3), ({0: (1.0, 1.0)}, 3, 4), ({0: (1.0, 1.0)}, 4, 5), ({0: (1.0, 1.0)}, 5, 6), ({0: (1.0, 1.0)}, 1, 6), ({1: (1.0, 1.0)}, 5, 7), ({1: (1.0, 1.0)}, 7, 8), ({0: (1.0, 1.0)}, 8, 9), ({1: (1.0, 1.0)}, 4, 9), ({0: (1.0, 1.0)}, 9, 10), ({0: (1.0, 1.0)}, 10, 11), ({0: (1.0, 1.0)}, 11, 12), ({0: (1.0, 1.0)}, 12, 13), ({0: (1.0, 1.0)}, 8, 13), ({1: (1.0, 1.0)}, 12, 14)]

New Score : 0.6666666666666666
0.6666666666666666

NewAbsGraph
[{0: (1.0, 1.0)}, {0: (1.0, 1.0)}, {0: (1.0, 1.0)}, {0: (1.0, 1.0)}, {0: (1.0, 1.0)}, {0: (1.0, 1.0)}, {0: (1.0, 1.0)}, {0: (1.0, 1.0)}, {0: (1.0, 1.0)}, {0: (1.0, 1.0)}, {0: (1.0, 1.0)}, {0: (1.0, 1.0)}, {0: (1.0, 1.0)}, {0: (1.0, 1.0)}, {1: (1.0, 1.0)}, {2: (1.0, 1.0)}, {2: (1.0, 1.0)}]
[({1: (1.0, 1.0)}, 0, 1), ({0: (1.0, 1.0)}, 1, 2), ({0: (1.0, 1.0)}, 2, 3), ({0: (1.0, 1.0)}, 3, 4), ({0: (1.0, 1.0)}, 4, 5), ({0: (1.0, 1.0)}, 5, 6), ({0: (1.0, 1.0)}, 1, 6), ({1: (1.0, 1.0)}, 5, 7), ({1: (1.0, 1.0)}, 7, 8), ({0: (1.0, 1.0)}, 8, 9), ({1: (1.0, 1.0)}, 4, 9), ({0: (1.0, 1.0)}, 9, 10), ({0: (1.0, 1.0)}, 10, 11), ({0: (1.0, 1.0)}, 11, 12), ({0: (1.0, 1.0)}, 12, 13), ({0: (1.0, 1.0)}, 8, 13)]

New Score : 0.6666666666666666
0.6666666666666666

NewAbsGraph
[{0: (1.0, 1.0)}, {0: (1.0, 1.0)}, {0: (1.0, 1.0)}, {0: (1.0, 1.0)}, {0: (1.0, 1.0)}, {0: (1.0, 1.0)}, {0: (1.0, 1.0)}, {0: (1.0, 1.0)}, {0: (1.0, 1.0)}, {0: (1.0, 1.0)}, {0: (1.0, 1.0)}, {0: (1.0, 1.0)}, {0: (1.0, 1.0)}, {0: (1.0, 1.0)}, {1: (1.0, 1.0)}, {2: (1.0, 1.0)}, {2: (1.0, 1.0)}]
[({1: (1.0, 1.0)}, 0, 1), ({0: (1.0, 1.0)}, 1, 2), ({0: (1.0, 1.0)}, 2, 3), ({0: (1.0, 1.0)}, 3, 4), ({0: (1.0, 1.0)}, 4, 5), ({0: (1.0, 1.0)}, 5, 6), ({0: (1.0, 1.0)}, 1, 6), ({1: (1.0, 1.0)}, 5, 7), ({1: (1.0, 1.0)}, 7, 8), ({0: (1.0, 1.0)}, 8, 9), ({1: (1.0, 1.0)}, 4, 9), ({0: (1.0, 1.0)}, 9, 10), ({0: (1.0, 1.0)}, 10, 11), ({0: (1.0, 1.0)}, 11, 12), ({0: (1.0, 1.0)}, 12, 13)]

New Score : 0.6666666666666666
0.6666666666666666

NewAbsGraph
[{0: (1.0, 1.0)}, {0: (1.0, 1.0)}, {0: (1.0, 1.0)}, {0: (1.0, 1.0)}, {0: (1.0, 1.0)}, {0: (1.0, 1.0)}, {0: (1.0, 1.0)}, {0: (1.0, 1.0)}, {0: (1.0, 1.0)}, {0: (1.0, 1.0)}, {0: (1.0, 1.0)}, {0: (1.0, 1.0)}, {0: (1.0, 1.0)}, {0: (1.0, 1.0)}, {1: (1.0, 1.0)}, {2: (1.0, 1.0)}, {2: (1.0, 1.0)}]
[({1: (1.0, 1.0)}, 0, 1), ({0: (1.0, 1.0)}, 1, 2), ({0: (1.0, 1.0)}, 2, 3), ({0: (1.0, 1.0)}, 3, 4), ({0: (1.0, 1.0)}, 4, 5), ({0: (1.0, 1.0)}, 5, 6), ({0: (1.0, 1.0)}, 1, 6), ({1: (1.0, 1.0)}, 5, 7), ({1: (1.0, 1.0)}, 7, 8), ({0: (1.0, 1.0)}, 8, 9), ({1: (1.0, 1.0)}, 4, 9), ({0: (1.0, 1.0)}, 9, 10), ({0: (1.0, 1.0)}, 10, 11), ({0: (1.0, 1.0)}, 11, 12)]

New Score : 0.6666666666666666
0.6666666666666666

NewAbsGraph
[{0: (1.0, 1.0)}, {0: (1.0, 1.0)}, {0: (1.0, 1.0)}, {0: (1.0, 1.0)}, {0: (1.0, 1.0)}, {0: (1.0, 1.0)}, {0: (1.0, 1.0)}, {0: (1.0, 1.0)}, {0: (1.0, 1.0)}, {0: (1.0, 1.0)}, {0: (1.0, 1.0)}, {0: (1.0, 1.0)}, {0: (1.0, 1.0)}, {0: (1.0, 1.0)}, {1: (1.0, 1.0)}, {2: (1.0, 1.0)}, {2: (1.0, 1.0)}]
[({1: (1.0, 1.0)}, 0, 1), ({0: (1.0, 1.0)}, 1, 2), ({0: (1.0, 1.0)}, 2, 3), ({0: (1.0, 1.0)}, 3, 4), ({0: (1.0, 1.0)}, 4, 5), ({0: (1.0, 1.0)}, 5, 6), ({0: (1.0, 1.0)}, 1, 6), ({1: (1.0, 1.0)}, 5, 7), ({1: (1.0, 1.0)}, 7, 8), ({0: (1.0, 1.0)}, 8, 9), ({1: (1.0, 1.0)}, 4, 9), ({0: (1.0, 1.0)}, 9, 10), ({0: (1.0, 1.0)}, 10, 11)]

New Score : 0.6666666666666666
0.6666666666666666

NewAbsGraph
[{0: (1.0, 1.0)}, {0: (1.0, 1.0)}, {0: (1.0, 1.0)}, {0: (1.0, 1.0)}, {0: (1.0, 1.0)}, {0: (1.0, 1.0)}, {0: (1.0, 1.0)}, {0: (1.0, 1.0)}, {0: (1.0, 1.0)}, {0: (1.0, 1.0)}, {0: (1.0, 1.0)}, {0: (1.0, 1.0)}, {0: (1.0, 1.0)}, {0: (1.0, 1.0)}, {1: (1.0, 1.0)}, {2: (1.0, 1.0)}, {2: (1.0, 1.0)}]
[({1: (1.0, 1.0)}, 0, 1), ({0: (1.0, 1.0)}, 1, 2), ({0: (1.0, 1.0)}, 2, 3), ({0: (1.0, 1.0)}, 3, 4), ({0: (1.0, 1.0)}, 4, 5), ({0: (1.0, 1.0)}, 5, 6), ({0: (1.0, 1.0)}, 1, 6), ({1: (1.0, 1.0)}, 5, 7), ({1: (1.0, 1.0)}, 7, 8), ({0: (1.0, 1.0)}, 8, 9), ({1: (1.0, 1.0)}, 4, 9), ({0: (1.0, 1.0)}, 9, 10)]

New Score : 0.6666666666666666
0.6666666666666666

NewAbsGraph
[{0: (1.0, 1.0)}, {0: (1.0, 1.0)}, {0: (1.0, 1.0)}, {0: (1.0, 1.0)}, {0: (1.0, 1.0)}, {0: (1.0, 1.0)}, {0: (1.0, 1.0)}, {0: (1.0, 1.0)}, {0: (1.0, 1.0)}, {0: (1.0, 1.0)}, {0: (1.0, 1.0)}, {0: (1.0, 1.0)}, {0: (1.0, 1.0)}, {0: (1.0, 1.0)}, {1: (1.0, 1.0)}, {2: (1.0, 1.0)}, {2: (1.0, 1.0)}]
[({1: (1.0, 1.0)}, 0, 1), ({0: (1.0, 1.0)}, 1, 2), ({0: (1.0, 1.0)}, 2, 3), ({0: (1.0, 1.0)}, 3, 4), ({0: (1.0, 1.0)}, 4, 5), ({0: (1.0, 1.0)}, 5, 6), ({0: (1.0, 1.0)}, 1, 6), ({1: (1.0, 1.0)}, 5, 7), ({1: (1.0, 1.0)}, 7, 8), ({0: (1.0, 1.0)}, 8, 9), ({1: (1.0, 1.0)}, 4, 9)]

New Score : 0.6666666666666666
0.6666666666666666

NewAbsGraph
[{0: (1.0, 1.0)}, {0: (1.0, 1.0)}, {0: (1.0, 1.0)}, {0: (1.0, 1.0)}, {0: (1.0, 1.0)}, {0: (1.0, 1.0)}, {0: (1.0, 1.0)}, {0: (1.0, 1.0)}, {0: (1.0, 1.0)}, {0: (1.0, 1.0)}, {0: (1.0, 1.0)}, {0: (1.0, 1.0)}, {0: (1.0, 1.0)}, {0: (1.0, 1.0)}, {1: (1.0, 1.0)}, {2: (1.0, 1.0)}, {2: (1.0, 1.0)}]
[({1: (1.0, 1.0)}, 0, 1), ({0: (1.0, 1.0)}, 1, 2), ({0: (1.0, 1.0)}, 2, 3), ({0: (1.0, 1.0)}, 3, 4), ({0: (1.0, 1.0)}, 4, 5), ({0: (1.0, 1.0)}, 5, 6), ({0: (1.0, 1.0)}, 1, 6), ({1: (1.0, 1.0)}, 5, 7), ({1: (1.0, 1.0)}, 7, 8), ({0: (1.0, 1.0)}, 8, 9)]

New Score : 0.6666666666666666
0.8

NewAbsGraph
[{0: (1.0, 1.0)}, {0: (1.0, 1.0)}, {0: (1.0, 1.0)}, {0: (1.0, 1.0)}, {0: (1.0, 1.0)}, {0: (1.0, 1.0)}, {0: (1.0, 1.0)}, {0: (1.0, 1.0)}, {0: (1.0, 1.0)}, {0: (1.0, 1.0)}, {0: (1.0, 1.0)}, {0: (1.0, 1.0)}, {0: (1.0, 1.0)}, {0: (1.0, 1.0)}, {1: (1.0, 1.0)}, {2: (1.0, 1.0)}, {2: (1.0, 1.0)}]
[({1: (1.0, 1.0)}, 0, 1), ({0: (1.0, 1.0)}, 1, 2), ({0: (1.0, 1.0)}, 2, 3), ({0: (1.0, 1.0)}, 3, 4), ({0: (1.0, 1.0)}, 4, 5), ({0: (1.0, 1.0)}, 5, 6), ({0: (1.0, 1.0)}, 1, 6), ({1: (1.0, 1.0)}, 5, 7), ({1: (1.0, 1.0)}, 7, 8)]

New Score : 0.8
0.6666666666666666

No!!!!!!! Abort!

0.9

NewAbsGraph
[{0: (1.0, 1.0)}, {0: (1.0, 1.0)}, {0: (1.0, 1.0)}, {0: (1.0, 1.0)}, {0: (1.0, 1.0)}, {0: (1.0, 1.0)}, {0: (1.0, 1.0)}, {0: (1.0, 1.0)}, {0: (1.0, 1.0)}, {0: (1.0, 1.0)}, {0: (1.0, 1.0)}, {0: (1.0, 1.0)}, {0: (1.0, 1.0)}, {0: (1.0, 1.0)}, {1: (1.0, 1.0)}, {2: (1.0, 1.0)}, {2: (1.0, 1.0)}]
[({1: (1.0, 1.0)}, 0, 1), ({0: (1.0, 1.0)}, 1, 2), ({0: (1.0, 1.0)}, 2, 3), ({0: (1.0, 1.0)}, 3, 4), ({0: (1.0, 1.0)}, 4, 5), ({0: (1.0, 1.0)}, 5, 6), ({0: (1.0, 1.0)}, 1, 6), ({1: (1.0, 1.0)}, 7, 8)]

New Score : 0.9
0.9

NewAbsGraph
[{0: (1.0, 1.0)}, {0: (1.0, 1.0)}, {0: (1.0, 1.0)}, {0: (1.0, 1.0)}, {0: (1.0, 1.0)}, {0: (1.0, 1.0)}, {0: (1.0, 1.0)}, {0: (1.0, 1.0)}, {0: (1.0, 1.0)}, {0: (1.0, 1.0)}, {0: (1.0, 1.0)}, {0: (1.0, 1.0)}, {0: (1.0, 1.0)}, {0: (1.0, 1.0)}, {1: (1.0, 1.0)}, {2: (1.0, 1.0)}, {2: (1.0, 1.0)}]
[({1: (1.0, 1.0)}, 0, 1), ({0: (1.0, 1.0)}, 1, 2), ({0: (1.0, 1.0)}, 2, 3), ({0: (1.0, 1.0)}, 3, 4), ({0: (1.0, 1.0)}, 4, 5), ({0: (1.0, 1.0)}, 5, 6), ({1: (1.0, 1.0)}, 7, 8)]

New Score : 0.9
0.9

NewAbsGraph
[{0: (1.0, 1.0)}, {0: (1.0, 1.0)}, {0: (1.0, 1.0)}, {0: (1.0, 1.0)}, {0: (1.0, 1.0)}, {0: (1.0, 1.0)}, {0: (1.0, 1.0)}, {0: (1.0, 1.0)}, {0: (1.0, 1.0)}, {0: (1.0, 1.0)}, {0: (1.0, 1.0)}, {0: (1.0, 1.0)}, {0: (1.0, 1.0)}, {0: (1.0, 1.0)}, {1: (1.0, 1.0)}, {2: (1.0, 1.0)}, {2: (1.0, 1.0)}]
[({1: (1.0, 1.0)}, 0, 1), ({0: (1.0, 1.0)}, 1, 2), ({0: (1.0, 1.0)}, 2, 3), ({0: (1.0, 1.0)}, 3, 4), ({0: (1.0, 1.0)}, 4, 5), ({1: (1.0, 1.0)}, 7, 8)]

New Score : 0.9
0.9

NewAbsGraph
[{0: (1.0, 1.0)}, {0: (1.0, 1.0)}, {0: (1.0, 1.0)}, {0: (1.0, 1.0)}, {0: (1.0, 1.0)}, {0: (1.0, 1.0)}, {0: (1.0, 1.0)}, {0: (1.0, 1.0)}, {0: (1.0, 1.0)}, {0: (1.0, 1.0)}, {0: (1.0, 1.0)}, {0: (1.0, 1.0)}, {0: (1.0, 1.0)}, {0: (1.0, 1.0)}, {1: (1.0, 1.0)}, {2: (1.0, 1.0)}, {2: (1.0, 1.0)}]
[({1: (1.0, 1.0)}, 0, 1), ({0: (1.0, 1.0)}, 1, 2), ({0: (1.0, 1.0)}, 2, 3), ({0: (1.0, 1.0)}, 3, 4), ({1: (1.0, 1.0)}, 7, 8)]

New Score : 0.9
0.9

NewAbsGraph
[{0: (1.0, 1.0)}, {0: (1.0, 1.0)}, {0: (1.0, 1.0)}, {0: (1.0, 1.0)}, {0: (1.0, 1.0)}, {0: (1.0, 1.0)}, {0: (1.0, 1.0)}, {0: (1.0, 1.0)}, {0: (1.0, 1.0)}, {0: (1.0, 1.0)}, {0: (1.0, 1.0)}, {0: (1.0, 1.0)}, {0: (1.0, 1.0)}, {0: (1.0, 1.0)}, {1: (1.0, 1.0)}, {2: (1.0, 1.0)}, {2: (1.0, 1.0)}]
[({1: (1.0, 1.0)}, 0, 1), ({0: (1.0, 1.0)}, 1, 2), ({0: (1.0, 1.0)}, 2, 3), ({1: (1.0, 1.0)}, 7, 8)]

New Score : 0.9
0.9

NewAbsGraph
[{0: (1.0, 1.0)}, {0: (1.0, 1.0)}, {0: (1.0, 1.0)}, {0: (1.0, 1.0)}, {0: (1.0, 1.0)}, {0: (1.0, 1.0)}, {0: (1.0, 1.0)}, {0: (1.0, 1.0)}, {0: (1.0, 1.0)}, {0: (1.0, 1.0)}, {0: (1.0, 1.0)}, {0: (1.0, 1.0)}, {0: (1.0, 1.0)}, {0: (1.0, 1.0)}, {1: (1.0, 1.0)}, {2: (1.0, 1.0)}, {2: (1.0, 1.0)}]
[({1: (1.0, 1.0)}, 0, 1), ({0: (1.0, 1.0)}, 1, 2), ({1: (1.0, 1.0)}, 7, 8)]

New Score : 0.9
0.8181818181818182

No!!!!!!! Abort!

0.9

NewAbsGraph
[{0: (1.0, 1.0)}, {0: (1.0, 1.0)}, {0: (1.0, 1.0)}, {0: (1.0, 1.0)}, {0: (1.0, 1.0)}, {0: (1.0, 1.0)}, {0: (1.0, 1.0)}, {0: (1.0, 1.0)}, {0: (1.0, 1.0)}, {0: (1.0, 1.0)}, {0: (1.0, 1.0)}, {0: (1.0, 1.0)}, {0: (1.0, 1.0)}, {0: (1.0, 1.0)}, {1: (1.0, 1.0)}, {2: (1.0, 1.0)}, {2: (1.0, 1.0)}]
[({0: (1.0, 1.0)}, 1, 2), ({1: (1.0, 1.0)}, 7, 8)]

New Score : 0.9
Now AbsGraph
[{0: (1.0, 1.0)}, {0: (1.0, 1.0)}, {0: (1.0, 1.0)}, {0: (1.0, 1.0)}, {0: (1.0, 1.0)}, {0: (1.0, 1.0)}, {0: (1.0, 1.0)}, {0: (1.0, 1.0)}, {0: (1.0, 1.0)}, {0: (1.0, 1.0)}, {0: (1.0, 1.0)}, {0: (1.0, 1.0)}, {0: (1.0, 1.0)}, {0: (1.0, 1.0)}, {1: (1.0, 1.0)}, {2: (1.0, 1.0)}, {2: (1.0, 1.0)}]
[({0: (1.0, 1.0)}, 1, 2), ({1: (1.0, 1.0)}, 7, 8)]

==============================  Phase 2  =============================
0.78125

No!!!!!!!

==============================  Phase 3  =============================
0.9

NewAbsGraph
[{0: (1.0, 1.0)}, {0: (1.0, 1.0)}, {0: (1.0, 1.0)}, {0: (1.0, 1.0)}, {0: (1.0, 1.0)}, {0: (1.0, 1.0)}, {0: (1.0, 1.0)}, {0: (1.0, 1.0)}, {0: (1.0, 1.0)}, {0: (1.0, 1.0)}, {0: (1.0, 1.0)}, {0: (1.0, 1.0)}, {0: (1.0, 1.0)}, {0: (1.0, 1.0)}, {1: (1.0, 1.0)}, {2: (1.0, 1.0)}, {}]
[({0: (1.0, 1.0)}, 1, 2), ({1: (1.0, 1.0)}, 7, 8)]

New Score : 0.9
========================================================
0.9

NewAbsGraph
[{0: (1.0, 1.0)}, {0: (1.0, 1.0)}, {0: (1.0, 1.0)}, {0: (1.0, 1.0)}, {0: (1.0, 1.0)}, {0: (1.0, 1.0)}, {0: (1.0, 1.0)}, {0: (1.0, 1.0)}, {0: (1.0, 1.0)}, {0: (1.0, 1.0)}, {0: (1.0, 1.0)}, {0: (1.0, 1.0)}, {0: (1.0, 1.0)}, {0: (1.0, 1.0)}, {1: (1.0, 1.0)}, {}, {}]
[({0: (1.0, 1.0)}, 1, 2), ({1: (1.0, 1.0)}, 7, 8)]

New Score : 0.9
========================================================
0.9

NewAbsGraph
[{0: (1.0, 1.0)}, {0: (1.0, 1.0)}, {0: (1.0, 1.0)}, {0: (1.0, 1.0)}, {0: (1.0, 1.0)}, {0: (1.0, 1.0)}, {0: (1.0, 1.0)}, {0: (1.0, 1.0)}, {0: (1.0, 1.0)}, {0: (1.0, 1.0)}, {0: (1.0, 1.0)}, {0: (1.0, 1.0)}, {0: (1.0, 1.0)}, {0: (1.0, 1.0)}, {}, {}, {}]
[({0: (1.0, 1.0)}, 1, 2), ({1: (1.0, 1.0)}, 7, 8)]

New Score : 0.9
========================================================
0.9

NewAbsGraph
[{0: (1.0, 1.0)}, {0: (1.0, 1.0)}, {0: (1.0, 1.0)}, {0: (1.0, 1.0)}, {0: (1.0, 1.0)}, {0: (1.0, 1.0)}, {0: (1.0, 1.0)}, {0: (1.0, 1.0)}, {0: (1.0, 1.0)}, {0: (1.0, 1.0)}, {0: (1.0, 1.0)}, {0: (1.0, 1.0)}, {0: (1.0, 1.0)}, {}, {}, {}, {}]
[({0: (1.0, 1.0)}, 1, 2), ({1: (1.0, 1.0)}, 7, 8)]

New Score : 0.9
========================================================
0.9

NewAbsGraph
[{0: (1.0, 1.0)}, {0: (1.0, 1.0)}, {0: (1.0, 1.0)}, {0: (1.0, 1.0)}, {0: (1.0, 1.0)}, {0: (1.0, 1.0)}, {0: (1.0, 1.0)}, {0: (1.0, 1.0)}, {0: (1.0, 1.0)}, {0: (1.0, 1.0)}, {0: (1.0, 1.0)}, {0: (1.0, 1.0)}, {}, {}, {}, {}, {}]
[({0: (1.0, 1.0)}, 1, 2), ({1: (1.0, 1.0)}, 7, 8)]

New Score : 0.9
========================================================
0.9

NewAbsGraph
[{0: (1.0, 1.0)}, {0: (1.0, 1.0)}, {0: (1.0, 1.0)}, {0: (1.0, 1.0)}, {0: (1.0, 1.0)}, {0: (1.0, 1.0)}, {0: (1.0, 1.0)}, {0: (1.0, 1.0)}, {0: (1.0, 1.0)}, {0: (1.0, 1.0)}, {0: (1.0, 1.0)}, {}, {}, {}, {}, {}, {}]
[({0: (1.0, 1.0)}, 1, 2), ({1: (1.0, 1.0)}, 7, 8)]

New Score : 0.9
========================================================
0.9

NewAbsGraph
[{0: (1.0, 1.0)}, {0: (1.0, 1.0)}, {0: (1.0, 1.0)}, {0: (1.0, 1.0)}, {0: (1.0, 1.0)}, {0: (1.0, 1.0)}, {0: (1.0, 1.0)}, {0: (1.0, 1.0)}, {0: (1.0, 1.0)}, {0: (1.0, 1.0)}, {}, {}, {}, {}, {}, {}, {}]
[({0: (1.0, 1.0)}, 1, 2), ({1: (1.0, 1.0)}, 7, 8)]

New Score : 0.9
========================================================
0.9

NewAbsGraph
[{0: (1.0, 1.0)}, {0: (1.0, 1.0)}, {0: (1.0, 1.0)}, {0: (1.0, 1.0)}, {0: (1.0, 1.0)}, {0: (1.0, 1.0)}, {0: (1.0, 1.0)}, {0: (1.0, 1.0)}, {0: (1.0, 1.0)}, {}, {}, {}, {}, {}, {}, {}, {}]
[({0: (1.0, 1.0)}, 1, 2), ({1: (1.0, 1.0)}, 7, 8)]

New Score : 0.9
========================================================
0.78125

No!!!!!!!

========================================================
0.78125

No!!!!!!!

========================================================
0.9

NewAbsGraph
[{0: (1.0, 1.0)}, {0: (1.0, 1.0)}, {0: (1.0, 1.0)}, {0: (1.0, 1.0)}, {0: (1.0, 1.0)}, {0: (1.0, 1.0)}, {}, {0: (1.0, 1.0)}, {0: (1.0, 1.0)}, {}, {}, {}, {}, {}, {}, {}, {}]
[({0: (1.0, 1.0)}, 1, 2), ({1: (1.0, 1.0)}, 7, 8)]

New Score : 0.9
========================================================
0.9

NewAbsGraph
[{0: (1.0, 1.0)}, {0: (1.0, 1.0)}, {0: (1.0, 1.0)}, {0: (1.0, 1.0)}, {0: (1.0, 1.0)}, {}, {}, {0: (1.0, 1.0)}, {0: (1.0, 1.0)}, {}, {}, {}, {}, {}, {}, {}, {}]
[({0: (1.0, 1.0)}, 1, 2), ({1: (1.0, 1.0)}, 7, 8)]

New Score : 0.9
========================================================
0.9

NewAbsGraph
[{0: (1.0, 1.0)}, {0: (1.0, 1.0)}, {0: (1.0, 1.0)}, {0: (1.0, 1.0)}, {}, {}, {}, {0: (1.0, 1.0)}, {0: (1.0, 1.0)}, {}, {}, {}, {}, {}, {}, {}, {}]
[({0: (1.0, 1.0)}, 1, 2), ({1: (1.0, 1.0)}, 7, 8)]

New Score : 0.9
========================================================
0.9

NewAbsGraph
[{0: (1.0, 1.0)}, {0: (1.0, 1.0)}, {0: (1.0, 1.0)}, {}, {}, {}, {}, {0: (1.0, 1.0)}, {0: (1.0, 1.0)}, {}, {}, {}, {}, {}, {}, {}, {}]
[({0: (1.0, 1.0)}, 1, 2), ({1: (1.0, 1.0)}, 7, 8)]

New Score : 0.9
========================================================
0.9

NewAbsGraph
[{0: (1.0, 1.0)}, {0: (1.0, 1.0)}, {}, {}, {}, {}, {}, {0: (1.0, 1.0)}, {0: (1.0, 1.0)}, {}, {}, {}, {}, {}, {}, {}, {}]
[({0: (1.0, 1.0)}, 1, 2), ({1: (1.0, 1.0)}, 7, 8)]

New Score : 0.9
========================================================
0.9

NewAbsGraph
[{0: (1.0, 1.0)}, {}, {}, {}, {}, {}, {}, {0: (1.0, 1.0)}, {0: (1.0, 1.0)}, {}, {}, {}, {}, {}, {}, {}, {}]
[({0: (1.0, 1.0)}, 1, 2), ({1: (1.0, 1.0)}, 7, 8)]

New Score : 0.9
========================================================


Now AbsGraph
[{0: (1.0, 1.0)}, {}, {}, {}, {}, {}, {}, {0: (1.0, 1.0)}, {0: (1.0, 1.0)}, {}, {}, {}, {}, {}, {}, {}, {}]
[({0: (1.0, 1.0)}, 1, 2), ({1: (1.0, 1.0)}, 7, 8)]

0.78125

No!!!!!!!



learned AbsGraph
[{0: (1.0, 1.0)}, {}, {}, {}, {}, {}, {}, {0: (1.0, 1.0)}, {0: (1.0, 1.0)}, {}, {}, {}, {}, {}, {}, {}, {}]
[({0: (1.0, 1.0)}, 1, 2), ({1: (1.0, 1.0)}, 7, 8)]
Learned best score : 0.9



Covered graphs : {3, 6, 7, 9, 12, 15, 17, 19, 20, 21, 22, 24, 27, 28, 29, 30, 31, 32, 34, 35, 36, 37, 40, 42, 43, 45, 46, 50, 51, 52, 54, 56, 57, 58, 60, 62, 63, 65, 66, 68, 69, 70, 71, 72, 73, 74, 76, 77, 79, 81, 83, 84, 85, 87, 90, 91, 96, 98, 99, 100, 101, 103, 106, 107, 109, 110, 111, 113, 114, 116, 117, 118, 120, 122, 124, 126, 127, 130, 131, 133, 136, 142, 144, 145, 147, 151, 152, 155, 157, 161, 164, 165, 170, 172, 173, 175, 178, 181, 183, 185}
Covered graphs len : 100

Left graphs : {168, 139, 44, 171, 78, 80, 49, 177, 82, 53, 150, 25, 59, 94}
Left graphs len : 14
0.5
0.875

NewAbsGraph
[{0: (1.0, 1.0)}, {0: (1.0, 1.0)}, {0: (1.0, 1.0)}, {0: (1.0, 1.0)}, {0: (1.0, 1.0)}, {0: (1.0, 1.0)}, {1: (1.0, 1.0)}, {2: (1.0, 1.0)}, {2: (1.0, 1.0)}, {1: (1.0, 1.0)}, {2: (1.0, 1.0)}, {2: (1.0, 1.0)}, {3: (1.0, 1.0)}]
[({0: (1.0, 1.0)}, 0, 1), ({0: (1.0, 1.0)}, 1, 2), ({0: (1.0, 1.0)}, 2, 3), ({0: (1.0, 1.0)}, 3, 4), ({0: (1.0, 1.0)}, 4, 5), ({0: (1.0, 1.0)}, 0, 5), ({1: (1.0, 1.0)}, 5, 6), ({2: (1.0, 1.0)}, 6, 7), ({1: (1.0, 1.0)}, 6, 8), ({1: (1.0, 1.0)}, 3, 9), ({2: (1.0, 1.0)}, 9, 10), ({1: (1.0, 1.0)}, 9, 11)]

New Score : 0.875
0.875

NewAbsGraph
[{0: (1.0, 1.0)}, {0: (1.0, 1.0)}, {0: (1.0, 1.0)}, {0: (1.0, 1.0)}, {0: (1.0, 1.0)}, {0: (1.0, 1.0)}, {1: (1.0, 1.0)}, {2: (1.0, 1.0)}, {2: (1.0, 1.0)}, {1: (1.0, 1.0)}, {2: (1.0, 1.0)}, {2: (1.0, 1.0)}, {3: (1.0, 1.0)}]
[({0: (1.0, 1.0)}, 0, 1), ({0: (1.0, 1.0)}, 1, 2), ({0: (1.0, 1.0)}, 2, 3), ({0: (1.0, 1.0)}, 3, 4), ({0: (1.0, 1.0)}, 4, 5), ({0: (1.0, 1.0)}, 0, 5), ({1: (1.0, 1.0)}, 5, 6), ({2: (1.0, 1.0)}, 6, 7), ({1: (1.0, 1.0)}, 6, 8), ({1: (1.0, 1.0)}, 3, 9), ({2: (1.0, 1.0)}, 9, 10)]

New Score : 0.875
0.875

NewAbsGraph
[{0: (1.0, 1.0)}, {0: (1.0, 1.0)}, {0: (1.0, 1.0)}, {0: (1.0, 1.0)}, {0: (1.0, 1.0)}, {0: (1.0, 1.0)}, {1: (1.0, 1.0)}, {2: (1.0, 1.0)}, {2: (1.0, 1.0)}, {1: (1.0, 1.0)}, {2: (1.0, 1.0)}, {2: (1.0, 1.0)}, {3: (1.0, 1.0)}]
[({0: (1.0, 1.0)}, 0, 1), ({0: (1.0, 1.0)}, 1, 2), ({0: (1.0, 1.0)}, 2, 3), ({0: (1.0, 1.0)}, 3, 4), ({0: (1.0, 1.0)}, 4, 5), ({0: (1.0, 1.0)}, 0, 5), ({1: (1.0, 1.0)}, 5, 6), ({2: (1.0, 1.0)}, 6, 7), ({1: (1.0, 1.0)}, 6, 8), ({1: (1.0, 1.0)}, 3, 9)]

New Score : 0.875
0.7678571428571429

No!!!!!!! Abort!

0.875

NewAbsGraph
[{0: (1.0, 1.0)}, {0: (1.0, 1.0)}, {0: (1.0, 1.0)}, {0: (1.0, 1.0)}, {0: (1.0, 1.0)}, {0: (1.0, 1.0)}, {1: (1.0, 1.0)}, {2: (1.0, 1.0)}, {2: (1.0, 1.0)}, {1: (1.0, 1.0)}, {2: (1.0, 1.0)}, {2: (1.0, 1.0)}, {3: (1.0, 1.0)}]
[({0: (1.0, 1.0)}, 0, 1), ({0: (1.0, 1.0)}, 1, 2), ({0: (1.0, 1.0)}, 2, 3), ({0: (1.0, 1.0)}, 3, 4), ({0: (1.0, 1.0)}, 4, 5), ({0: (1.0, 1.0)}, 0, 5), ({1: (1.0, 1.0)}, 5, 6), ({2: (1.0, 1.0)}, 6, 7), ({1: (1.0, 1.0)}, 3, 9)]

New Score : 0.875
0.7777777777777778

No!!!!!!! Abort!

0.9090909090909091

NewAbsGraph
[{0: (1.0, 1.0)}, {0: (1.0, 1.0)}, {0: (1.0, 1.0)}, {0: (1.0, 1.0)}, {0: (1.0, 1.0)}, {0: (1.0, 1.0)}, {1: (1.0, 1.0)}, {2: (1.0, 1.0)}, {2: (1.0, 1.0)}, {1: (1.0, 1.0)}, {2: (1.0, 1.0)}, {2: (1.0, 1.0)}, {3: (1.0, 1.0)}]
[({0: (1.0, 1.0)}, 0, 1), ({0: (1.0, 1.0)}, 1, 2), ({0: (1.0, 1.0)}, 2, 3), ({0: (1.0, 1.0)}, 3, 4), ({0: (1.0, 1.0)}, 4, 5), ({0: (1.0, 1.0)}, 0, 5), ({2: (1.0, 1.0)}, 6, 7), ({1: (1.0, 1.0)}, 3, 9)]

New Score : 0.9090909090909091
0.9090909090909091

NewAbsGraph
[{0: (1.0, 1.0)}, {0: (1.0, 1.0)}, {0: (1.0, 1.0)}, {0: (1.0, 1.0)}, {0: (1.0, 1.0)}, {0: (1.0, 1.0)}, {1: (1.0, 1.0)}, {2: (1.0, 1.0)}, {2: (1.0, 1.0)}, {1: (1.0, 1.0)}, {2: (1.0, 1.0)}, {2: (1.0, 1.0)}, {3: (1.0, 1.0)}]
[({0: (1.0, 1.0)}, 0, 1), ({0: (1.0, 1.0)}, 1, 2), ({0: (1.0, 1.0)}, 2, 3), ({0: (1.0, 1.0)}, 3, 4), ({0: (1.0, 1.0)}, 4, 5), ({2: (1.0, 1.0)}, 6, 7), ({1: (1.0, 1.0)}, 3, 9)]

New Score : 0.9090909090909091
0.9090909090909091

NewAbsGraph
[{0: (1.0, 1.0)}, {0: (1.0, 1.0)}, {0: (1.0, 1.0)}, {0: (1.0, 1.0)}, {0: (1.0, 1.0)}, {0: (1.0, 1.0)}, {1: (1.0, 1.0)}, {2: (1.0, 1.0)}, {2: (1.0, 1.0)}, {1: (1.0, 1.0)}, {2: (1.0, 1.0)}, {2: (1.0, 1.0)}, {3: (1.0, 1.0)}]
[({0: (1.0, 1.0)}, 0, 1), ({0: (1.0, 1.0)}, 1, 2), ({0: (1.0, 1.0)}, 2, 3), ({0: (1.0, 1.0)}, 3, 4), ({2: (1.0, 1.0)}, 6, 7), ({1: (1.0, 1.0)}, 3, 9)]

New Score : 0.9090909090909091
0.9090909090909091

NewAbsGraph
[{0: (1.0, 1.0)}, {0: (1.0, 1.0)}, {0: (1.0, 1.0)}, {0: (1.0, 1.0)}, {0: (1.0, 1.0)}, {0: (1.0, 1.0)}, {1: (1.0, 1.0)}, {2: (1.0, 1.0)}, {2: (1.0, 1.0)}, {1: (1.0, 1.0)}, {2: (1.0, 1.0)}, {2: (1.0, 1.0)}, {3: (1.0, 1.0)}]
[({0: (1.0, 1.0)}, 0, 1), ({0: (1.0, 1.0)}, 1, 2), ({0: (1.0, 1.0)}, 2, 3), ({2: (1.0, 1.0)}, 6, 7), ({1: (1.0, 1.0)}, 3, 9)]

New Score : 0.9090909090909091
0.78125

No!!!!!!! Abort!

0.9090909090909091

NewAbsGraph
[{0: (1.0, 1.0)}, {0: (1.0, 1.0)}, {0: (1.0, 1.0)}, {0: (1.0, 1.0)}, {0: (1.0, 1.0)}, {0: (1.0, 1.0)}, {1: (1.0, 1.0)}, {2: (1.0, 1.0)}, {2: (1.0, 1.0)}, {1: (1.0, 1.0)}, {2: (1.0, 1.0)}, {2: (1.0, 1.0)}, {3: (1.0, 1.0)}]
[({0: (1.0, 1.0)}, 0, 1), ({0: (1.0, 1.0)}, 2, 3), ({2: (1.0, 1.0)}, 6, 7), ({1: (1.0, 1.0)}, 3, 9)]

New Score : 0.9090909090909091
0.9090909090909091

NewAbsGraph
[{0: (1.0, 1.0)}, {0: (1.0, 1.0)}, {0: (1.0, 1.0)}, {0: (1.0, 1.0)}, {0: (1.0, 1.0)}, {0: (1.0, 1.0)}, {1: (1.0, 1.0)}, {2: (1.0, 1.0)}, {2: (1.0, 1.0)}, {1: (1.0, 1.0)}, {2: (1.0, 1.0)}, {2: (1.0, 1.0)}, {3: (1.0, 1.0)}]
[({0: (1.0, 1.0)}, 2, 3), ({2: (1.0, 1.0)}, 6, 7), ({1: (1.0, 1.0)}, 3, 9)]

New Score : 0.9090909090909091
Now AbsGraph
[{0: (1.0, 1.0)}, {0: (1.0, 1.0)}, {0: (1.0, 1.0)}, {0: (1.0, 1.0)}, {0: (1.0, 1.0)}, {0: (1.0, 1.0)}, {1: (1.0, 1.0)}, {2: (1.0, 1.0)}, {2: (1.0, 1.0)}, {1: (1.0, 1.0)}, {2: (1.0, 1.0)}, {2: (1.0, 1.0)}, {3: (1.0, 1.0)}]
[({0: (1.0, 1.0)}, 2, 3), ({2: (1.0, 1.0)}, 6, 7), ({1: (1.0, 1.0)}, 3, 9)]

==============================  Phase 2  =============================
0.7777777777777778

No!!!!!!!

0.9090909090909091

NewAbsGraph
[{0: (1.0, 1.0)}, {0: (1.0, 1.0)}, {0: (1.0, 1.0)}, {0: (1.0, 1.0)}, {0: (1.0, 1.0)}, {0: (1.0, 1.0)}, {1: (1.0, 1.0)}, {2: (1.0, 1.0)}, {2: (1.0, 1.0)}, {1: (1.0, 1.0)}, {2: (1.0, 1.0)}, {2: (1.0, 1.0)}, {3: (1.0, 1.0)}]
[({0: (1.0, 1.0)}, 2, 3), ({}, 6, 7), ({1: (1.0, 1.0)}, 3, 9)]

New Score : 0.9090909090909091
==============================  Phase 3  =============================
0.9090909090909091

NewAbsGraph
[{0: (1.0, 1.0)}, {0: (1.0, 1.0)}, {0: (1.0, 1.0)}, {0: (1.0, 1.0)}, {0: (1.0, 1.0)}, {0: (1.0, 1.0)}, {1: (1.0, 1.0)}, {2: (1.0, 1.0)}, {2: (1.0, 1.0)}, {1: (1.0, 1.0)}, {2: (1.0, 1.0)}, {2: (1.0, 1.0)}, {}]
[({0: (1.0, 1.0)}, 2, 3), ({}, 6, 7), ({1: (1.0, 1.0)}, 3, 9)]

New Score : 0.9090909090909091
========================================================
0.9090909090909091

NewAbsGraph
[{0: (1.0, 1.0)}, {0: (1.0, 1.0)}, {0: (1.0, 1.0)}, {0: (1.0, 1.0)}, {0: (1.0, 1.0)}, {0: (1.0, 1.0)}, {1: (1.0, 1.0)}, {2: (1.0, 1.0)}, {2: (1.0, 1.0)}, {1: (1.0, 1.0)}, {2: (1.0, 1.0)}, {}, {}]
[({0: (1.0, 1.0)}, 2, 3), ({}, 6, 7), ({1: (1.0, 1.0)}, 3, 9)]

New Score : 0.9090909090909091
========================================================
0.9090909090909091

NewAbsGraph
[{0: (1.0, 1.0)}, {0: (1.0, 1.0)}, {0: (1.0, 1.0)}, {0: (1.0, 1.0)}, {0: (1.0, 1.0)}, {0: (1.0, 1.0)}, {1: (1.0, 1.0)}, {2: (1.0, 1.0)}, {2: (1.0, 1.0)}, {1: (1.0, 1.0)}, {}, {}, {}]
[({0: (1.0, 1.0)}, 2, 3), ({}, 6, 7), ({1: (1.0, 1.0)}, 3, 9)]

New Score : 0.9090909090909091
========================================================
0.84

No!!!!!!!

========================================================
0.9090909090909091

NewAbsGraph
[{0: (1.0, 1.0)}, {0: (1.0, 1.0)}, {0: (1.0, 1.0)}, {0: (1.0, 1.0)}, {0: (1.0, 1.0)}, {0: (1.0, 1.0)}, {1: (1.0, 1.0)}, {2: (1.0, 1.0)}, {}, {1: (1.0, 1.0)}, {}, {}, {}]
[({0: (1.0, 1.0)}, 2, 3), ({}, 6, 7), ({1: (1.0, 1.0)}, 3, 9)]

New Score : 0.9090909090909091
========================================================
0.7857142857142857

No!!!!!!!

========================================================
0.8928571428571429

No!!!!!!!

========================================================
0.9090909090909091

NewAbsGraph
[{0: (1.0, 1.0)}, {0: (1.0, 1.0)}, {0: (1.0, 1.0)}, {0: (1.0, 1.0)}, {0: (1.0, 1.0)}, {}, {1: (1.0, 1.0)}, {2: (1.0, 1.0)}, {}, {1: (1.0, 1.0)}, {}, {}, {}]
[({0: (1.0, 1.0)}, 2, 3), ({}, 6, 7), ({1: (1.0, 1.0)}, 3, 9)]

New Score : 0.9090909090909091
========================================================
0.9090909090909091

NewAbsGraph
[{0: (1.0, 1.0)}, {0: (1.0, 1.0)}, {0: (1.0, 1.0)}, {0: (1.0, 1.0)}, {}, {}, {1: (1.0, 1.0)}, {2: (1.0, 1.0)}, {}, {1: (1.0, 1.0)}, {}, {}, {}]
[({0: (1.0, 1.0)}, 2, 3), ({}, 6, 7), ({1: (1.0, 1.0)}, 3, 9)]

New Score : 0.9090909090909091
========================================================
0.9090909090909091

NewAbsGraph
[{0: (1.0, 1.0)}, {0: (1.0, 1.0)}, {0: (1.0, 1.0)}, {}, {}, {}, {1: (1.0, 1.0)}, {2: (1.0, 1.0)}, {}, {1: (1.0, 1.0)}, {}, {}, {}]
[({0: (1.0, 1.0)}, 2, 3), ({}, 6, 7), ({1: (1.0, 1.0)}, 3, 9)]

New Score : 0.9090909090909091
========================================================
0.9090909090909091

NewAbsGraph
[{0: (1.0, 1.0)}, {0: (1.0, 1.0)}, {}, {}, {}, {}, {1: (1.0, 1.0)}, {2: (1.0, 1.0)}, {}, {1: (1.0, 1.0)}, {}, {}, {}]
[({0: (1.0, 1.0)}, 2, 3), ({}, 6, 7), ({1: (1.0, 1.0)}, 3, 9)]

New Score : 0.9090909090909091
========================================================
0.9090909090909091

NewAbsGraph
[{0: (1.0, 1.0)}, {}, {}, {}, {}, {}, {1: (1.0, 1.0)}, {2: (1.0, 1.0)}, {}, {1: (1.0, 1.0)}, {}, {}, {}]
[({0: (1.0, 1.0)}, 2, 3), ({}, 6, 7), ({1: (1.0, 1.0)}, 3, 9)]

New Score : 0.9090909090909091
========================================================


Now AbsGraph
[{0: (1.0, 1.0)}, {}, {}, {}, {}, {}, {1: (1.0, 1.0)}, {2: (1.0, 1.0)}, {}, {1: (1.0, 1.0)}, {}, {}, {}]
[({0: (1.0, 1.0)}, 2, 3), ({}, 6, 7), ({1: (1.0, 1.0)}, 3, 9)]

0.78125

No!!!!!!!

0.7678571428571429

No!!!!!!!



learned AbsGraph
[{0: (1.0, 1.0)}, {}, {}, {}, {}, {}, {1: (1.0, 1.0)}, {2: (1.0, 1.0)}, {}, {1: (1.0, 1.0)}, {}, {}, {}]
[({0: (1.0, 1.0)}, 2, 3), ({}, 6, 7), ({1: (1.0, 1.0)}, 3, 9)]
Learned best score : 0.9090909090909091



Covered graphs : {5, 11, 12, 15, 16, 20, 25, 28, 30, 31, 32, 34, 44, 46, 48, 49, 50, 51, 52, 56, 59, 61, 62, 63, 64, 65, 68, 69, 70, 72, 74, 76, 80, 81, 94, 95, 99, 101, 106, 108, 109, 112, 113, 116, 118, 120, 125, 126, 128, 133, 136, 138, 139, 144, 145, 148, 151, 154, 155, 157, 159, 160, 161, 162, 163, 166, 168, 170, 172, 173, 176, 178, 179, 180, 182, 183, 184, 185}
Covered graphs len : 78

Left graphs : {171, 78, 177, 82, 53, 150}
Left graphs len : 6
0.3333333333333333
0.3333333333333333

NewAbsGraph
[{0: (1.0, 1.0)}, {0: (1.0, 1.0)}, {0: (1.0, 1.0)}, {0: (1.0, 1.0)}, {0: (1.0, 1.0)}, {1: (1.0, 1.0)}, {1: (1.0, 1.0)}, {0: (1.0, 1.0)}, {0: (1.0, 1.0)}, {1: (1.0, 1.0)}, {2: (1.0, 1.0)}, {2: (1.0, 1.0)}]
[({2: (1.0, 1.0)}, 0, 1), ({1: (1.0, 1.0)}, 1, 2), ({2: (1.0, 1.0)}, 2, 3), ({1: (1.0, 1.0)}, 3, 4), ({2: (1.0, 1.0)}, 4, 5), ({1: (1.0, 1.0)}, 5, 6), ({2: (1.0, 1.0)}, 6, 7), ({1: (1.0, 1.0)}, 7, 8), ({1: (1.0, 1.0)}, 4, 8), ({1: (1.0, 1.0)}, 0, 8), ({1: (1.0, 1.0)}, 2, 9), ({2: (1.0, 1.0)}, 9, 10)]

New Score : 0.3333333333333333
0.3333333333333333

NewAbsGraph
[{0: (1.0, 1.0)}, {0: (1.0, 1.0)}, {0: (1.0, 1.0)}, {0: (1.0, 1.0)}, {0: (1.0, 1.0)}, {1: (1.0, 1.0)}, {1: (1.0, 1.0)}, {0: (1.0, 1.0)}, {0: (1.0, 1.0)}, {1: (1.0, 1.0)}, {2: (1.0, 1.0)}, {2: (1.0, 1.0)}]
[({2: (1.0, 1.0)}, 0, 1), ({1: (1.0, 1.0)}, 1, 2), ({2: (1.0, 1.0)}, 2, 3), ({1: (1.0, 1.0)}, 3, 4), ({2: (1.0, 1.0)}, 4, 5), ({1: (1.0, 1.0)}, 5, 6), ({2: (1.0, 1.0)}, 6, 7), ({1: (1.0, 1.0)}, 7, 8), ({1: (1.0, 1.0)}, 4, 8), ({1: (1.0, 1.0)}, 0, 8), ({1: (1.0, 1.0)}, 2, 9)]

New Score : 0.3333333333333333
0.2857142857142857

No!!!!!!! Abort!

0.3333333333333333

NewAbsGraph
[{0: (1.0, 1.0)}, {0: (1.0, 1.0)}, {0: (1.0, 1.0)}, {0: (1.0, 1.0)}, {0: (1.0, 1.0)}, {1: (1.0, 1.0)}, {1: (1.0, 1.0)}, {0: (1.0, 1.0)}, {0: (1.0, 1.0)}, {1: (1.0, 1.0)}, {2: (1.0, 1.0)}, {2: (1.0, 1.0)}]
[({2: (1.0, 1.0)}, 0, 1), ({1: (1.0, 1.0)}, 1, 2), ({2: (1.0, 1.0)}, 2, 3), ({1: (1.0, 1.0)}, 3, 4), ({2: (1.0, 1.0)}, 4, 5), ({1: (1.0, 1.0)}, 5, 6), ({2: (1.0, 1.0)}, 6, 7), ({1: (1.0, 1.0)}, 7, 8), ({1: (1.0, 1.0)}, 4, 8), ({1: (1.0, 1.0)}, 2, 9)]

New Score : 0.3333333333333333
0.3333333333333333

NewAbsGraph
[{0: (1.0, 1.0)}, {0: (1.0, 1.0)}, {0: (1.0, 1.0)}, {0: (1.0, 1.0)}, {0: (1.0, 1.0)}, {1: (1.0, 1.0)}, {1: (1.0, 1.0)}, {0: (1.0, 1.0)}, {0: (1.0, 1.0)}, {1: (1.0, 1.0)}, {2: (1.0, 1.0)}, {2: (1.0, 1.0)}]
[({2: (1.0, 1.0)}, 0, 1), ({1: (1.0, 1.0)}, 1, 2), ({2: (1.0, 1.0)}, 2, 3), ({1: (1.0, 1.0)}, 3, 4), ({2: (1.0, 1.0)}, 4, 5), ({1: (1.0, 1.0)}, 5, 6), ({2: (1.0, 1.0)}, 6, 7), ({1: (1.0, 1.0)}, 7, 8), ({1: (1.0, 1.0)}, 2, 9)]

New Score : 0.3333333333333333
0.3333333333333333

NewAbsGraph
[{0: (1.0, 1.0)}, {0: (1.0, 1.0)}, {0: (1.0, 1.0)}, {0: (1.0, 1.0)}, {0: (1.0, 1.0)}, {1: (1.0, 1.0)}, {1: (1.0, 1.0)}, {0: (1.0, 1.0)}, {0: (1.0, 1.0)}, {1: (1.0, 1.0)}, {2: (1.0, 1.0)}, {2: (1.0, 1.0)}]
[({2: (1.0, 1.0)}, 0, 1), ({1: (1.0, 1.0)}, 1, 2), ({2: (1.0, 1.0)}, 2, 3), ({1: (1.0, 1.0)}, 3, 4), ({2: (1.0, 1.0)}, 4, 5), ({1: (1.0, 1.0)}, 5, 6), ({2: (1.0, 1.0)}, 6, 7), ({1: (1.0, 1.0)}, 2, 9)]

New Score : 0.3333333333333333
0.3333333333333333

NewAbsGraph
[{0: (1.0, 1.0)}, {0: (1.0, 1.0)}, {0: (1.0, 1.0)}, {0: (1.0, 1.0)}, {0: (1.0, 1.0)}, {1: (1.0, 1.0)}, {1: (1.0, 1.0)}, {0: (1.0, 1.0)}, {0: (1.0, 1.0)}, {1: (1.0, 1.0)}, {2: (1.0, 1.0)}, {2: (1.0, 1.0)}]
[({2: (1.0, 1.0)}, 0, 1), ({1: (1.0, 1.0)}, 1, 2), ({2: (1.0, 1.0)}, 2, 3), ({1: (1.0, 1.0)}, 3, 4), ({2: (1.0, 1.0)}, 4, 5), ({1: (1.0, 1.0)}, 5, 6), ({1: (1.0, 1.0)}, 2, 9)]

New Score : 0.3333333333333333
0.3333333333333333

NewAbsGraph
[{0: (1.0, 1.0)}, {0: (1.0, 1.0)}, {0: (1.0, 1.0)}, {0: (1.0, 1.0)}, {0: (1.0, 1.0)}, {1: (1.0, 1.0)}, {1: (1.0, 1.0)}, {0: (1.0, 1.0)}, {0: (1.0, 1.0)}, {1: (1.0, 1.0)}, {2: (1.0, 1.0)}, {2: (1.0, 1.0)}]
[({2: (1.0, 1.0)}, 0, 1), ({1: (1.0, 1.0)}, 1, 2), ({2: (1.0, 1.0)}, 2, 3), ({1: (1.0, 1.0)}, 3, 4), ({2: (1.0, 1.0)}, 4, 5), ({1: (1.0, 1.0)}, 2, 9)]

New Score : 0.3333333333333333
0.2222222222222222

No!!!!!!! Abort!

0.25

No!!!!!!! Abort!

0.3333333333333333

NewAbsGraph
[{0: (1.0, 1.0)}, {0: (1.0, 1.0)}, {0: (1.0, 1.0)}, {0: (1.0, 1.0)}, {0: (1.0, 1.0)}, {1: (1.0, 1.0)}, {1: (1.0, 1.0)}, {0: (1.0, 1.0)}, {0: (1.0, 1.0)}, {1: (1.0, 1.0)}, {2: (1.0, 1.0)}, {2: (1.0, 1.0)}]
[({2: (1.0, 1.0)}, 0, 1), ({1: (1.0, 1.0)}, 1, 2), ({1: (1.0, 1.0)}, 3, 4), ({2: (1.0, 1.0)}, 4, 5), ({1: (1.0, 1.0)}, 2, 9)]

New Score : 0.3333333333333333
0.3333333333333333

NewAbsGraph
[{0: (1.0, 1.0)}, {0: (1.0, 1.0)}, {0: (1.0, 1.0)}, {0: (1.0, 1.0)}, {0: (1.0, 1.0)}, {1: (1.0, 1.0)}, {1: (1.0, 1.0)}, {0: (1.0, 1.0)}, {0: (1.0, 1.0)}, {1: (1.0, 1.0)}, {2: (1.0, 1.0)}, {2: (1.0, 1.0)}]
[({2: (1.0, 1.0)}, 0, 1), ({1: (1.0, 1.0)}, 3, 4), ({2: (1.0, 1.0)}, 4, 5), ({1: (1.0, 1.0)}, 2, 9)]

New Score : 0.3333333333333333
0.3333333333333333

NewAbsGraph
[{0: (1.0, 1.0)}, {0: (1.0, 1.0)}, {0: (1.0, 1.0)}, {0: (1.0, 1.0)}, {0: (1.0, 1.0)}, {1: (1.0, 1.0)}, {1: (1.0, 1.0)}, {0: (1.0, 1.0)}, {0: (1.0, 1.0)}, {1: (1.0, 1.0)}, {2: (1.0, 1.0)}, {2: (1.0, 1.0)}]
[({1: (1.0, 1.0)}, 3, 4), ({2: (1.0, 1.0)}, 4, 5), ({1: (1.0, 1.0)}, 2, 9)]

New Score : 0.3333333333333333
Now AbsGraph
[{0: (1.0, 1.0)}, {0: (1.0, 1.0)}, {0: (1.0, 1.0)}, {0: (1.0, 1.0)}, {0: (1.0, 1.0)}, {1: (1.0, 1.0)}, {1: (1.0, 1.0)}, {0: (1.0, 1.0)}, {0: (1.0, 1.0)}, {1: (1.0, 1.0)}, {2: (1.0, 1.0)}, {2: (1.0, 1.0)}]
[({1: (1.0, 1.0)}, 3, 4), ({2: (1.0, 1.0)}, 4, 5), ({1: (1.0, 1.0)}, 2, 9)]

==============================  Phase 2  =============================
0.3333333333333333

NewAbsGraph
[{0: (1.0, 1.0)}, {0: (1.0, 1.0)}, {0: (1.0, 1.0)}, {0: (1.0, 1.0)}, {0: (1.0, 1.0)}, {1: (1.0, 1.0)}, {1: (1.0, 1.0)}, {0: (1.0, 1.0)}, {0: (1.0, 1.0)}, {1: (1.0, 1.0)}, {2: (1.0, 1.0)}, {2: (1.0, 1.0)}]
[({1: (1.0, 1.0)}, 3, 4), ({2: (1.0, 1.0)}, 4, 5), ({}, 2, 9)]

New Score : 0.3333333333333333
0.6428571428571429

NewAbsGraph
[{0: (1.0, 1.0)}, {0: (1.0, 1.0)}, {0: (1.0, 1.0)}, {0: (1.0, 1.0)}, {0: (1.0, 1.0)}, {1: (1.0, 1.0)}, {1: (1.0, 1.0)}, {0: (1.0, 1.0)}, {0: (1.0, 1.0)}, {1: (1.0, 1.0)}, {2: (1.0, 1.0)}, {2: (1.0, 1.0)}]
[({1: (1.0, 1.0)}, 3, 4), ({}, 4, 5), ({}, 2, 9)]

New Score : 0.6428571428571429
==============================  Phase 3  =============================
0.6428571428571429

NewAbsGraph
[{0: (1.0, 1.0)}, {0: (1.0, 1.0)}, {0: (1.0, 1.0)}, {0: (1.0, 1.0)}, {0: (1.0, 1.0)}, {1: (1.0, 1.0)}, {1: (1.0, 1.0)}, {0: (1.0, 1.0)}, {0: (1.0, 1.0)}, {1: (1.0, 1.0)}, {2: (1.0, 1.0)}, {}]
[({1: (1.0, 1.0)}, 3, 4), ({}, 4, 5), ({}, 2, 9)]

New Score : 0.6428571428571429
========================================================
0.6428571428571429

NewAbsGraph
[{0: (1.0, 1.0)}, {0: (1.0, 1.0)}, {0: (1.0, 1.0)}, {0: (1.0, 1.0)}, {0: (1.0, 1.0)}, {1: (1.0, 1.0)}, {1: (1.0, 1.0)}, {0: (1.0, 1.0)}, {0: (1.0, 1.0)}, {1: (1.0, 1.0)}, {}, {}]
[({1: (1.0, 1.0)}, 3, 4), ({}, 4, 5), ({}, 2, 9)]

New Score : 0.6428571428571429
========================================================
0.6428571428571429

NewAbsGraph
[{0: (1.0, 1.0)}, {0: (1.0, 1.0)}, {0: (1.0, 1.0)}, {0: (1.0, 1.0)}, {0: (1.0, 1.0)}, {1: (1.0, 1.0)}, {1: (1.0, 1.0)}, {0: (1.0, 1.0)}, {0: (1.0, 1.0)}, {}, {}, {}]
[({1: (1.0, 1.0)}, 3, 4), ({}, 4, 5), ({}, 2, 9)]

New Score : 0.6428571428571429
========================================================
0.6428571428571429

NewAbsGraph
[{0: (1.0, 1.0)}, {0: (1.0, 1.0)}, {0: (1.0, 1.0)}, {0: (1.0, 1.0)}, {0: (1.0, 1.0)}, {1: (1.0, 1.0)}, {1: (1.0, 1.0)}, {0: (1.0, 1.0)}, {}, {}, {}, {}]
[({1: (1.0, 1.0)}, 3, 4), ({}, 4, 5), ({}, 2, 9)]

New Score : 0.6428571428571429
========================================================
0.6428571428571429

NewAbsGraph
[{0: (1.0, 1.0)}, {0: (1.0, 1.0)}, {0: (1.0, 1.0)}, {0: (1.0, 1.0)}, {0: (1.0, 1.0)}, {1: (1.0, 1.0)}, {1: (1.0, 1.0)}, {}, {}, {}, {}, {}]
[({1: (1.0, 1.0)}, 3, 4), ({}, 4, 5), ({}, 2, 9)]

New Score : 0.6428571428571429
========================================================
0.6428571428571429

NewAbsGraph
[{0: (1.0, 1.0)}, {0: (1.0, 1.0)}, {0: (1.0, 1.0)}, {0: (1.0, 1.0)}, {0: (1.0, 1.0)}, {1: (1.0, 1.0)}, {}, {}, {}, {}, {}, {}]
[({1: (1.0, 1.0)}, 3, 4), ({}, 4, 5), ({}, 2, 9)]

New Score : 0.6428571428571429
========================================================
0.8181818181818182

NewAbsGraph
[{0: (1.0, 1.0)}, {0: (1.0, 1.0)}, {0: (1.0, 1.0)}, {0: (1.0, 1.0)}, {0: (1.0, 1.0)}, {}, {}, {}, {}, {}, {}, {}]
[({1: (1.0, 1.0)}, 3, 4), ({}, 4, 5), ({}, 2, 9)]

New Score : 0.8181818181818182
========================================================
0.7419354838709677

No!!!!!!!

========================================================
0.7419354838709677

No!!!!!!!

========================================================
0.8181818181818182

NewAbsGraph
[{0: (1.0, 1.0)}, {0: (1.0, 1.0)}, {}, {0: (1.0, 1.0)}, {0: (1.0, 1.0)}, {}, {}, {}, {}, {}, {}, {}]
[({1: (1.0, 1.0)}, 3, 4), ({}, 4, 5), ({}, 2, 9)]

New Score : 0.8181818181818182
========================================================
0.8181818181818182

NewAbsGraph
[{0: (1.0, 1.0)}, {}, {}, {0: (1.0, 1.0)}, {0: (1.0, 1.0)}, {}, {}, {}, {}, {}, {}, {}]
[({1: (1.0, 1.0)}, 3, 4), ({}, 4, 5), ({}, 2, 9)]

New Score : 0.8181818181818182
========================================================


Now AbsGraph
[{0: (1.0, 1.0)}, {}, {}, {0: (1.0, 1.0)}, {0: (1.0, 1.0)}, {}, {}, {}, {}, {}, {}, {}]
[({1: (1.0, 1.0)}, 3, 4), ({}, 4, 5), ({}, 2, 9)]

0.8181818181818182

NewAbsGraph
[{0: (1.0, 1.0)}, {}, {}, {0: (1.0, 1.0)}, {0: (1.0, 1.0)}, {}, {}, {}, {}, {}, {}, {}]
[({1: (1.0, 1.0)}, 3, 4), ({}, 4, 5)]

New Score : 0.8181818181818182
0.8181818181818182

NewAbsGraph
[{0: (1.0, 1.0)}, {}, {}, {0: (1.0, 1.0)}, {0: (1.0, 1.0)}, {}, {}, {}, {}, {}, {}, {}]
[({1: (1.0, 1.0)}, 3, 4)]

New Score : 0.8181818181818182


learned AbsGraph
[{0: (1.0, 1.0)}, {}, {}, {0: (1.0, 1.0)}, {0: (1.0, 1.0)}, {}, {}, {}, {}, {}, {}, {}]
[({1: (1.0, 1.0)}, 3, 4)]
Learned best score : 0.8181818181818182



Covered graphs : {3, 6, 7, 8, 9, 12, 13, 15, 17, 19, 20, 21, 22, 24, 27, 28, 29, 30, 31, 32, 34, 35, 36, 37, 40, 41, 42, 43, 45, 46, 50, 51, 52, 54, 56, 57, 58, 60, 62, 63, 65, 66, 68, 69, 70, 71, 72, 73, 74, 76, 77, 79, 81, 82, 83, 84, 85, 87, 88, 90, 91, 96, 98, 99, 100, 101, 103, 106, 107, 109, 110, 111, 113, 114, 116, 117, 118, 119, 120, 122, 124, 126, 127, 130, 131, 133, 136, 137, 142, 144, 145, 146, 147, 149, 150, 151, 152, 153, 155, 157, 161, 164, 165, 170, 171, 172, 173, 175, 177, 178, 181, 183, 185, 187}
Covered graphs len : 114

Left graphs : {53, 78}
Left graphs len : 2
0.5
0.5

NewAbsGraph
[{0: (1.0, 1.0)}, {0: (1.0, 1.0)}, {0: (1.0, 1.0)}, {0: (1.0, 1.0)}, {0: (1.0, 1.0)}, {0: (1.0, 1.0)}, {1: (1.0, 1.0)}, {2: (1.0, 1.0)}, {2: (1.0, 1.0)}, {2: (1.0, 1.0)}, {0: (1.0, 1.0)}, {0: (1.0, 1.0)}, {0: (1.0, 1.0)}, {0: (1.0, 1.0)}, {0: (1.0, 1.0)}, {0: (1.0, 1.0)}, {2: (1.0, 1.0)}, {5: (1.0, 1.0)}, {5: (1.0, 1.0)}]
[({0: (1.0, 1.0)}, 0, 1), ({0: (1.0, 1.0)}, 1, 2), ({0: (1.0, 1.0)}, 2, 3), ({0: (1.0, 1.0)}, 3, 4), ({0: (1.0, 1.0)}, 4, 5), ({0: (1.0, 1.0)}, 0, 5), ({1: (1.0, 1.0)}, 5, 6), ({2: (1.0, 1.0)}, 6, 7), ({1: (1.0, 1.0)}, 6, 8), ({1: (1.0, 1.0)}, 3, 9), ({1: (1.0, 1.0)}, 9, 10), ({0: (1.0, 1.0)}, 10, 11), ({0: (1.0, 1.0)}, 11, 12), ({0: (1.0, 1.0)}, 12, 13), ({0: (1.0, 1.0)}, 13, 14), ({0: (1.0, 1.0)}, 14, 15), ({0: (1.0, 1.0)}, 10, 15), ({1: (1.0, 1.0)}, 15, 16), ({1: (1.0, 1.0)}, 2, 16), ({1: (1.0, 1.0)}, 13, 17)]

New Score : 0.5
0.6666666666666666

NewAbsGraph
[{0: (1.0, 1.0)}, {0: (1.0, 1.0)}, {0: (1.0, 1.0)}, {0: (1.0, 1.0)}, {0: (1.0, 1.0)}, {0: (1.0, 1.0)}, {1: (1.0, 1.0)}, {2: (1.0, 1.0)}, {2: (1.0, 1.0)}, {2: (1.0, 1.0)}, {0: (1.0, 1.0)}, {0: (1.0, 1.0)}, {0: (1.0, 1.0)}, {0: (1.0, 1.0)}, {0: (1.0, 1.0)}, {0: (1.0, 1.0)}, {2: (1.0, 1.0)}, {5: (1.0, 1.0)}, {5: (1.0, 1.0)}]
[({0: (1.0, 1.0)}, 0, 1), ({0: (1.0, 1.0)}, 1, 2), ({0: (1.0, 1.0)}, 2, 3), ({0: (1.0, 1.0)}, 3, 4), ({0: (1.0, 1.0)}, 4, 5), ({0: (1.0, 1.0)}, 0, 5), ({1: (1.0, 1.0)}, 5, 6), ({2: (1.0, 1.0)}, 6, 7), ({1: (1.0, 1.0)}, 6, 8), ({1: (1.0, 1.0)}, 3, 9), ({1: (1.0, 1.0)}, 9, 10), ({0: (1.0, 1.0)}, 10, 11), ({0: (1.0, 1.0)}, 11, 12), ({0: (1.0, 1.0)}, 12, 13), ({0: (1.0, 1.0)}, 13, 14), ({0: (1.0, 1.0)}, 14, 15), ({0: (1.0, 1.0)}, 10, 15), ({1: (1.0, 1.0)}, 15, 16), ({1: (1.0, 1.0)}, 2, 16)]

New Score : 0.6666666666666666
0.6666666666666666

NewAbsGraph
[{0: (1.0, 1.0)}, {0: (1.0, 1.0)}, {0: (1.0, 1.0)}, {0: (1.0, 1.0)}, {0: (1.0, 1.0)}, {0: (1.0, 1.0)}, {1: (1.0, 1.0)}, {2: (1.0, 1.0)}, {2: (1.0, 1.0)}, {2: (1.0, 1.0)}, {0: (1.0, 1.0)}, {0: (1.0, 1.0)}, {0: (1.0, 1.0)}, {0: (1.0, 1.0)}, {0: (1.0, 1.0)}, {0: (1.0, 1.0)}, {2: (1.0, 1.0)}, {5: (1.0, 1.0)}, {5: (1.0, 1.0)}]
[({0: (1.0, 1.0)}, 0, 1), ({0: (1.0, 1.0)}, 1, 2), ({0: (1.0, 1.0)}, 2, 3), ({0: (1.0, 1.0)}, 3, 4), ({0: (1.0, 1.0)}, 4, 5), ({0: (1.0, 1.0)}, 0, 5), ({1: (1.0, 1.0)}, 5, 6), ({2: (1.0, 1.0)}, 6, 7), ({1: (1.0, 1.0)}, 6, 8), ({1: (1.0, 1.0)}, 3, 9), ({1: (1.0, 1.0)}, 9, 10), ({0: (1.0, 1.0)}, 10, 11), ({0: (1.0, 1.0)}, 11, 12), ({0: (1.0, 1.0)}, 12, 13), ({0: (1.0, 1.0)}, 13, 14), ({0: (1.0, 1.0)}, 14, 15), ({0: (1.0, 1.0)}, 10, 15), ({1: (1.0, 1.0)}, 15, 16)]

New Score : 0.6666666666666666
0.6666666666666666

NewAbsGraph
[{0: (1.0, 1.0)}, {0: (1.0, 1.0)}, {0: (1.0, 1.0)}, {0: (1.0, 1.0)}, {0: (1.0, 1.0)}, {0: (1.0, 1.0)}, {1: (1.0, 1.0)}, {2: (1.0, 1.0)}, {2: (1.0, 1.0)}, {2: (1.0, 1.0)}, {0: (1.0, 1.0)}, {0: (1.0, 1.0)}, {0: (1.0, 1.0)}, {0: (1.0, 1.0)}, {0: (1.0, 1.0)}, {0: (1.0, 1.0)}, {2: (1.0, 1.0)}, {5: (1.0, 1.0)}, {5: (1.0, 1.0)}]
[({0: (1.0, 1.0)}, 0, 1), ({0: (1.0, 1.0)}, 1, 2), ({0: (1.0, 1.0)}, 2, 3), ({0: (1.0, 1.0)}, 3, 4), ({0: (1.0, 1.0)}, 4, 5), ({0: (1.0, 1.0)}, 0, 5), ({1: (1.0, 1.0)}, 5, 6), ({2: (1.0, 1.0)}, 6, 7), ({1: (1.0, 1.0)}, 6, 8), ({1: (1.0, 1.0)}, 3, 9), ({1: (1.0, 1.0)}, 9, 10), ({0: (1.0, 1.0)}, 10, 11), ({0: (1.0, 1.0)}, 11, 12), ({0: (1.0, 1.0)}, 12, 13), ({0: (1.0, 1.0)}, 13, 14), ({0: (1.0, 1.0)}, 14, 15), ({0: (1.0, 1.0)}, 10, 15)]

New Score : 0.6666666666666666
0.6666666666666666

NewAbsGraph
[{0: (1.0, 1.0)}, {0: (1.0, 1.0)}, {0: (1.0, 1.0)}, {0: (1.0, 1.0)}, {0: (1.0, 1.0)}, {0: (1.0, 1.0)}, {1: (1.0, 1.0)}, {2: (1.0, 1.0)}, {2: (1.0, 1.0)}, {2: (1.0, 1.0)}, {0: (1.0, 1.0)}, {0: (1.0, 1.0)}, {0: (1.0, 1.0)}, {0: (1.0, 1.0)}, {0: (1.0, 1.0)}, {0: (1.0, 1.0)}, {2: (1.0, 1.0)}, {5: (1.0, 1.0)}, {5: (1.0, 1.0)}]
[({0: (1.0, 1.0)}, 0, 1), ({0: (1.0, 1.0)}, 1, 2), ({0: (1.0, 1.0)}, 2, 3), ({0: (1.0, 1.0)}, 3, 4), ({0: (1.0, 1.0)}, 4, 5), ({0: (1.0, 1.0)}, 0, 5), ({1: (1.0, 1.0)}, 5, 6), ({2: (1.0, 1.0)}, 6, 7), ({1: (1.0, 1.0)}, 6, 8), ({1: (1.0, 1.0)}, 3, 9), ({1: (1.0, 1.0)}, 9, 10), ({0: (1.0, 1.0)}, 10, 11), ({0: (1.0, 1.0)}, 11, 12), ({0: (1.0, 1.0)}, 12, 13), ({0: (1.0, 1.0)}, 13, 14), ({0: (1.0, 1.0)}, 14, 15)]

New Score : 0.6666666666666666
0.6666666666666666

NewAbsGraph
[{0: (1.0, 1.0)}, {0: (1.0, 1.0)}, {0: (1.0, 1.0)}, {0: (1.0, 1.0)}, {0: (1.0, 1.0)}, {0: (1.0, 1.0)}, {1: (1.0, 1.0)}, {2: (1.0, 1.0)}, {2: (1.0, 1.0)}, {2: (1.0, 1.0)}, {0: (1.0, 1.0)}, {0: (1.0, 1.0)}, {0: (1.0, 1.0)}, {0: (1.0, 1.0)}, {0: (1.0, 1.0)}, {0: (1.0, 1.0)}, {2: (1.0, 1.0)}, {5: (1.0, 1.0)}, {5: (1.0, 1.0)}]
[({0: (1.0, 1.0)}, 0, 1), ({0: (1.0, 1.0)}, 1, 2), ({0: (1.0, 1.0)}, 2, 3), ({0: (1.0, 1.0)}, 3, 4), ({0: (1.0, 1.0)}, 4, 5), ({0: (1.0, 1.0)}, 0, 5), ({1: (1.0, 1.0)}, 5, 6), ({2: (1.0, 1.0)}, 6, 7), ({1: (1.0, 1.0)}, 6, 8), ({1: (1.0, 1.0)}, 3, 9), ({1: (1.0, 1.0)}, 9, 10), ({0: (1.0, 1.0)}, 10, 11), ({0: (1.0, 1.0)}, 11, 12), ({0: (1.0, 1.0)}, 12, 13), ({0: (1.0, 1.0)}, 13, 14)]

New Score : 0.6666666666666666
0.6666666666666666

NewAbsGraph
[{0: (1.0, 1.0)}, {0: (1.0, 1.0)}, {0: (1.0, 1.0)}, {0: (1.0, 1.0)}, {0: (1.0, 1.0)}, {0: (1.0, 1.0)}, {1: (1.0, 1.0)}, {2: (1.0, 1.0)}, {2: (1.0, 1.0)}, {2: (1.0, 1.0)}, {0: (1.0, 1.0)}, {0: (1.0, 1.0)}, {0: (1.0, 1.0)}, {0: (1.0, 1.0)}, {0: (1.0, 1.0)}, {0: (1.0, 1.0)}, {2: (1.0, 1.0)}, {5: (1.0, 1.0)}, {5: (1.0, 1.0)}]
[({0: (1.0, 1.0)}, 0, 1), ({0: (1.0, 1.0)}, 1, 2), ({0: (1.0, 1.0)}, 2, 3), ({0: (1.0, 1.0)}, 3, 4), ({0: (1.0, 1.0)}, 4, 5), ({0: (1.0, 1.0)}, 0, 5), ({1: (1.0, 1.0)}, 5, 6), ({2: (1.0, 1.0)}, 6, 7), ({1: (1.0, 1.0)}, 6, 8), ({1: (1.0, 1.0)}, 3, 9), ({1: (1.0, 1.0)}, 9, 10), ({0: (1.0, 1.0)}, 10, 11), ({0: (1.0, 1.0)}, 11, 12), ({0: (1.0, 1.0)}, 12, 13)]

New Score : 0.6666666666666666
0.6666666666666666

NewAbsGraph
[{0: (1.0, 1.0)}, {0: (1.0, 1.0)}, {0: (1.0, 1.0)}, {0: (1.0, 1.0)}, {0: (1.0, 1.0)}, {0: (1.0, 1.0)}, {1: (1.0, 1.0)}, {2: (1.0, 1.0)}, {2: (1.0, 1.0)}, {2: (1.0, 1.0)}, {0: (1.0, 1.0)}, {0: (1.0, 1.0)}, {0: (1.0, 1.0)}, {0: (1.0, 1.0)}, {0: (1.0, 1.0)}, {0: (1.0, 1.0)}, {2: (1.0, 1.0)}, {5: (1.0, 1.0)}, {5: (1.0, 1.0)}]
[({0: (1.0, 1.0)}, 0, 1), ({0: (1.0, 1.0)}, 1, 2), ({0: (1.0, 1.0)}, 2, 3), ({0: (1.0, 1.0)}, 3, 4), ({0: (1.0, 1.0)}, 4, 5), ({0: (1.0, 1.0)}, 0, 5), ({1: (1.0, 1.0)}, 5, 6), ({2: (1.0, 1.0)}, 6, 7), ({1: (1.0, 1.0)}, 6, 8), ({1: (1.0, 1.0)}, 3, 9), ({1: (1.0, 1.0)}, 9, 10), ({0: (1.0, 1.0)}, 10, 11), ({0: (1.0, 1.0)}, 11, 12)]

New Score : 0.6666666666666666
0.6666666666666666

NewAbsGraph
[{0: (1.0, 1.0)}, {0: (1.0, 1.0)}, {0: (1.0, 1.0)}, {0: (1.0, 1.0)}, {0: (1.0, 1.0)}, {0: (1.0, 1.0)}, {1: (1.0, 1.0)}, {2: (1.0, 1.0)}, {2: (1.0, 1.0)}, {2: (1.0, 1.0)}, {0: (1.0, 1.0)}, {0: (1.0, 1.0)}, {0: (1.0, 1.0)}, {0: (1.0, 1.0)}, {0: (1.0, 1.0)}, {0: (1.0, 1.0)}, {2: (1.0, 1.0)}, {5: (1.0, 1.0)}, {5: (1.0, 1.0)}]
[({0: (1.0, 1.0)}, 0, 1), ({0: (1.0, 1.0)}, 1, 2), ({0: (1.0, 1.0)}, 2, 3), ({0: (1.0, 1.0)}, 3, 4), ({0: (1.0, 1.0)}, 4, 5), ({0: (1.0, 1.0)}, 0, 5), ({1: (1.0, 1.0)}, 5, 6), ({2: (1.0, 1.0)}, 6, 7), ({1: (1.0, 1.0)}, 6, 8), ({1: (1.0, 1.0)}, 3, 9), ({1: (1.0, 1.0)}, 9, 10), ({0: (1.0, 1.0)}, 10, 11)]

New Score : 0.6666666666666666
0.5

No!!!!!!! Abort!

0.4444444444444444

No!!!!!!! Abort!

0.8571428571428571

NewAbsGraph
[{0: (1.0, 1.0)}, {0: (1.0, 1.0)}, {0: (1.0, 1.0)}, {0: (1.0, 1.0)}, {0: (1.0, 1.0)}, {0: (1.0, 1.0)}, {1: (1.0, 1.0)}, {2: (1.0, 1.0)}, {2: (1.0, 1.0)}, {2: (1.0, 1.0)}, {0: (1.0, 1.0)}, {0: (1.0, 1.0)}, {0: (1.0, 1.0)}, {0: (1.0, 1.0)}, {0: (1.0, 1.0)}, {0: (1.0, 1.0)}, {2: (1.0, 1.0)}, {5: (1.0, 1.0)}, {5: (1.0, 1.0)}]
[({0: (1.0, 1.0)}, 0, 1), ({0: (1.0, 1.0)}, 1, 2), ({0: (1.0, 1.0)}, 2, 3), ({0: (1.0, 1.0)}, 3, 4), ({0: (1.0, 1.0)}, 4, 5), ({0: (1.0, 1.0)}, 0, 5), ({1: (1.0, 1.0)}, 5, 6), ({2: (1.0, 1.0)}, 6, 7), ({1: (1.0, 1.0)}, 6, 8), ({1: (1.0, 1.0)}, 9, 10), ({0: (1.0, 1.0)}, 10, 11)]

New Score : 0.8571428571428571
0.8571428571428571

NewAbsGraph
[{0: (1.0, 1.0)}, {0: (1.0, 1.0)}, {0: (1.0, 1.0)}, {0: (1.0, 1.0)}, {0: (1.0, 1.0)}, {0: (1.0, 1.0)}, {1: (1.0, 1.0)}, {2: (1.0, 1.0)}, {2: (1.0, 1.0)}, {2: (1.0, 1.0)}, {0: (1.0, 1.0)}, {0: (1.0, 1.0)}, {0: (1.0, 1.0)}, {0: (1.0, 1.0)}, {0: (1.0, 1.0)}, {0: (1.0, 1.0)}, {2: (1.0, 1.0)}, {5: (1.0, 1.0)}, {5: (1.0, 1.0)}]
[({0: (1.0, 1.0)}, 0, 1), ({0: (1.0, 1.0)}, 1, 2), ({0: (1.0, 1.0)}, 2, 3), ({0: (1.0, 1.0)}, 3, 4), ({0: (1.0, 1.0)}, 4, 5), ({0: (1.0, 1.0)}, 0, 5), ({1: (1.0, 1.0)}, 5, 6), ({2: (1.0, 1.0)}, 6, 7), ({1: (1.0, 1.0)}, 9, 10), ({0: (1.0, 1.0)}, 10, 11)]

New Score : 0.8571428571428571
0.8571428571428571

NewAbsGraph
[{0: (1.0, 1.0)}, {0: (1.0, 1.0)}, {0: (1.0, 1.0)}, {0: (1.0, 1.0)}, {0: (1.0, 1.0)}, {0: (1.0, 1.0)}, {1: (1.0, 1.0)}, {2: (1.0, 1.0)}, {2: (1.0, 1.0)}, {2: (1.0, 1.0)}, {0: (1.0, 1.0)}, {0: (1.0, 1.0)}, {0: (1.0, 1.0)}, {0: (1.0, 1.0)}, {0: (1.0, 1.0)}, {0: (1.0, 1.0)}, {2: (1.0, 1.0)}, {5: (1.0, 1.0)}, {5: (1.0, 1.0)}]
[({0: (1.0, 1.0)}, 0, 1), ({0: (1.0, 1.0)}, 1, 2), ({0: (1.0, 1.0)}, 2, 3), ({0: (1.0, 1.0)}, 3, 4), ({0: (1.0, 1.0)}, 4, 5), ({0: (1.0, 1.0)}, 0, 5), ({1: (1.0, 1.0)}, 5, 6), ({1: (1.0, 1.0)}, 9, 10), ({0: (1.0, 1.0)}, 10, 11)]

New Score : 0.8571428571428571
0.875

NewAbsGraph
[{0: (1.0, 1.0)}, {0: (1.0, 1.0)}, {0: (1.0, 1.0)}, {0: (1.0, 1.0)}, {0: (1.0, 1.0)}, {0: (1.0, 1.0)}, {1: (1.0, 1.0)}, {2: (1.0, 1.0)}, {2: (1.0, 1.0)}, {2: (1.0, 1.0)}, {0: (1.0, 1.0)}, {0: (1.0, 1.0)}, {0: (1.0, 1.0)}, {0: (1.0, 1.0)}, {0: (1.0, 1.0)}, {0: (1.0, 1.0)}, {2: (1.0, 1.0)}, {5: (1.0, 1.0)}, {5: (1.0, 1.0)}]
[({0: (1.0, 1.0)}, 0, 1), ({0: (1.0, 1.0)}, 1, 2), ({0: (1.0, 1.0)}, 2, 3), ({0: (1.0, 1.0)}, 3, 4), ({0: (1.0, 1.0)}, 4, 5), ({0: (1.0, 1.0)}, 0, 5), ({1: (1.0, 1.0)}, 9, 10), ({0: (1.0, 1.0)}, 10, 11)]

New Score : 0.875
0.7777777777777778

No!!!!!!! Abort!

0.7777777777777778

No!!!!!!! Abort!

0.7

No!!!!!!! Abort!

0.7

No!!!!!!! Abort!

0.7777777777777778

No!!!!!!! Abort!

0.7777777777777778

No!!!!!!! Abort!

Now AbsGraph
[{0: (1.0, 1.0)}, {0: (1.0, 1.0)}, {0: (1.0, 1.0)}, {0: (1.0, 1.0)}, {0: (1.0, 1.0)}, {0: (1.0, 1.0)}, {1: (1.0, 1.0)}, {2: (1.0, 1.0)}, {2: (1.0, 1.0)}, {2: (1.0, 1.0)}, {0: (1.0, 1.0)}, {0: (1.0, 1.0)}, {0: (1.0, 1.0)}, {0: (1.0, 1.0)}, {0: (1.0, 1.0)}, {0: (1.0, 1.0)}, {2: (1.0, 1.0)}, {5: (1.0, 1.0)}, {5: (1.0, 1.0)}]
[({0: (1.0, 1.0)}, 0, 1), ({0: (1.0, 1.0)}, 1, 2), ({0: (1.0, 1.0)}, 2, 3), ({0: (1.0, 1.0)}, 3, 4), ({0: (1.0, 1.0)}, 4, 5), ({0: (1.0, 1.0)}, 0, 5), ({1: (1.0, 1.0)}, 9, 10), ({0: (1.0, 1.0)}, 10, 11)]

==============================  Phase 2  =============================
0.9

NewAbsGraph
[{0: (1.0, 1.0)}, {0: (1.0, 1.0)}, {0: (1.0, 1.0)}, {0: (1.0, 1.0)}, {0: (1.0, 1.0)}, {0: (1.0, 1.0)}, {1: (1.0, 1.0)}, {2: (1.0, 1.0)}, {2: (1.0, 1.0)}, {2: (1.0, 1.0)}, {0: (1.0, 1.0)}, {0: (1.0, 1.0)}, {0: (1.0, 1.0)}, {0: (1.0, 1.0)}, {0: (1.0, 1.0)}, {0: (1.0, 1.0)}, {2: (1.0, 1.0)}, {5: (1.0, 1.0)}, {5: (1.0, 1.0)}]
[({0: (1.0, 1.0)}, 0, 1), ({0: (1.0, 1.0)}, 1, 2), ({0: (1.0, 1.0)}, 2, 3), ({0: (1.0, 1.0)}, 3, 4), ({0: (1.0, 1.0)}, 4, 5), ({0: (1.0, 1.0)}, 0, 5), ({1: (1.0, 1.0)}, 9, 10), ({}, 10, 11)]

New Score : 0.9
0.9

NewAbsGraph
[{0: (1.0, 1.0)}, {0: (1.0, 1.0)}, {0: (1.0, 1.0)}, {0: (1.0, 1.0)}, {0: (1.0, 1.0)}, {0: (1.0, 1.0)}, {1: (1.0, 1.0)}, {2: (1.0, 1.0)}, {2: (1.0, 1.0)}, {2: (1.0, 1.0)}, {0: (1.0, 1.0)}, {0: (1.0, 1.0)}, {0: (1.0, 1.0)}, {0: (1.0, 1.0)}, {0: (1.0, 1.0)}, {0: (1.0, 1.0)}, {2: (1.0, 1.0)}, {5: (1.0, 1.0)}, {5: (1.0, 1.0)}]
[({0: (1.0, 1.0)}, 0, 1), ({0: (1.0, 1.0)}, 1, 2), ({0: (1.0, 1.0)}, 2, 3), ({0: (1.0, 1.0)}, 3, 4), ({0: (1.0, 1.0)}, 4, 5), ({0: (1.0, 1.0)}, 0, 5), ({}, 9, 10), ({}, 10, 11)]

New Score : 0.9
0.9

NewAbsGraph
[{0: (1.0, 1.0)}, {0: (1.0, 1.0)}, {0: (1.0, 1.0)}, {0: (1.0, 1.0)}, {0: (1.0, 1.0)}, {0: (1.0, 1.0)}, {1: (1.0, 1.0)}, {2: (1.0, 1.0)}, {2: (1.0, 1.0)}, {2: (1.0, 1.0)}, {0: (1.0, 1.0)}, {0: (1.0, 1.0)}, {0: (1.0, 1.0)}, {0: (1.0, 1.0)}, {0: (1.0, 1.0)}, {0: (1.0, 1.0)}, {2: (1.0, 1.0)}, {5: (1.0, 1.0)}, {5: (1.0, 1.0)}]
[({0: (1.0, 1.0)}, 0, 1), ({0: (1.0, 1.0)}, 1, 2), ({0: (1.0, 1.0)}, 2, 3), ({0: (1.0, 1.0)}, 3, 4), ({0: (1.0, 1.0)}, 4, 5), ({}, 0, 5), ({}, 9, 10), ({}, 10, 11)]

New Score : 0.9
0.9

NewAbsGraph
[{0: (1.0, 1.0)}, {0: (1.0, 1.0)}, {0: (1.0, 1.0)}, {0: (1.0, 1.0)}, {0: (1.0, 1.0)}, {0: (1.0, 1.0)}, {1: (1.0, 1.0)}, {2: (1.0, 1.0)}, {2: (1.0, 1.0)}, {2: (1.0, 1.0)}, {0: (1.0, 1.0)}, {0: (1.0, 1.0)}, {0: (1.0, 1.0)}, {0: (1.0, 1.0)}, {0: (1.0, 1.0)}, {0: (1.0, 1.0)}, {2: (1.0, 1.0)}, {5: (1.0, 1.0)}, {5: (1.0, 1.0)}]
[({0: (1.0, 1.0)}, 0, 1), ({0: (1.0, 1.0)}, 1, 2), ({0: (1.0, 1.0)}, 2, 3), ({0: (1.0, 1.0)}, 3, 4), ({}, 4, 5), ({}, 0, 5), ({}, 9, 10), ({}, 10, 11)]

New Score : 0.9
0.9

NewAbsGraph
[{0: (1.0, 1.0)}, {0: (1.0, 1.0)}, {0: (1.0, 1.0)}, {0: (1.0, 1.0)}, {0: (1.0, 1.0)}, {0: (1.0, 1.0)}, {1: (1.0, 1.0)}, {2: (1.0, 1.0)}, {2: (1.0, 1.0)}, {2: (1.0, 1.0)}, {0: (1.0, 1.0)}, {0: (1.0, 1.0)}, {0: (1.0, 1.0)}, {0: (1.0, 1.0)}, {0: (1.0, 1.0)}, {0: (1.0, 1.0)}, {2: (1.0, 1.0)}, {5: (1.0, 1.0)}, {5: (1.0, 1.0)}]
[({0: (1.0, 1.0)}, 0, 1), ({0: (1.0, 1.0)}, 1, 2), ({0: (1.0, 1.0)}, 2, 3), ({}, 3, 4), ({}, 4, 5), ({}, 0, 5), ({}, 9, 10), ({}, 10, 11)]

New Score : 0.9
0.9

NewAbsGraph
[{0: (1.0, 1.0)}, {0: (1.0, 1.0)}, {0: (1.0, 1.0)}, {0: (1.0, 1.0)}, {0: (1.0, 1.0)}, {0: (1.0, 1.0)}, {1: (1.0, 1.0)}, {2: (1.0, 1.0)}, {2: (1.0, 1.0)}, {2: (1.0, 1.0)}, {0: (1.0, 1.0)}, {0: (1.0, 1.0)}, {0: (1.0, 1.0)}, {0: (1.0, 1.0)}, {0: (1.0, 1.0)}, {0: (1.0, 1.0)}, {2: (1.0, 1.0)}, {5: (1.0, 1.0)}, {5: (1.0, 1.0)}]
[({0: (1.0, 1.0)}, 0, 1), ({0: (1.0, 1.0)}, 1, 2), ({}, 2, 3), ({}, 3, 4), ({}, 4, 5), ({}, 0, 5), ({}, 9, 10), ({}, 10, 11)]

New Score : 0.9
0.9

NewAbsGraph
[{0: (1.0, 1.0)}, {0: (1.0, 1.0)}, {0: (1.0, 1.0)}, {0: (1.0, 1.0)}, {0: (1.0, 1.0)}, {0: (1.0, 1.0)}, {1: (1.0, 1.0)}, {2: (1.0, 1.0)}, {2: (1.0, 1.0)}, {2: (1.0, 1.0)}, {0: (1.0, 1.0)}, {0: (1.0, 1.0)}, {0: (1.0, 1.0)}, {0: (1.0, 1.0)}, {0: (1.0, 1.0)}, {0: (1.0, 1.0)}, {2: (1.0, 1.0)}, {5: (1.0, 1.0)}, {5: (1.0, 1.0)}]
[({0: (1.0, 1.0)}, 0, 1), ({}, 1, 2), ({}, 2, 3), ({}, 3, 4), ({}, 4, 5), ({}, 0, 5), ({}, 9, 10), ({}, 10, 11)]

New Score : 0.9
==============================  Phase 3  =============================
0.9

NewAbsGraph
[{0: (1.0, 1.0)}, {0: (1.0, 1.0)}, {0: (1.0, 1.0)}, {0: (1.0, 1.0)}, {0: (1.0, 1.0)}, {0: (1.0, 1.0)}, {1: (1.0, 1.0)}, {2: (1.0, 1.0)}, {2: (1.0, 1.0)}, {2: (1.0, 1.0)}, {0: (1.0, 1.0)}, {0: (1.0, 1.0)}, {0: (1.0, 1.0)}, {0: (1.0, 1.0)}, {0: (1.0, 1.0)}, {0: (1.0, 1.0)}, {2: (1.0, 1.0)}, {5: (1.0, 1.0)}, {}]
[({0: (1.0, 1.0)}, 0, 1), ({}, 1, 2), ({}, 2, 3), ({}, 3, 4), ({}, 4, 5), ({}, 0, 5), ({}, 9, 10), ({}, 10, 11)]

New Score : 0.9
========================================================
0.9

NewAbsGraph
[{0: (1.0, 1.0)}, {0: (1.0, 1.0)}, {0: (1.0, 1.0)}, {0: (1.0, 1.0)}, {0: (1.0, 1.0)}, {0: (1.0, 1.0)}, {1: (1.0, 1.0)}, {2: (1.0, 1.0)}, {2: (1.0, 1.0)}, {2: (1.0, 1.0)}, {0: (1.0, 1.0)}, {0: (1.0, 1.0)}, {0: (1.0, 1.0)}, {0: (1.0, 1.0)}, {0: (1.0, 1.0)}, {0: (1.0, 1.0)}, {2: (1.0, 1.0)}, {}, {}]
[({0: (1.0, 1.0)}, 0, 1), ({}, 1, 2), ({}, 2, 3), ({}, 3, 4), ({}, 4, 5), ({}, 0, 5), ({}, 9, 10), ({}, 10, 11)]

New Score : 0.9
========================================================
0.9

NewAbsGraph
[{0: (1.0, 1.0)}, {0: (1.0, 1.0)}, {0: (1.0, 1.0)}, {0: (1.0, 1.0)}, {0: (1.0, 1.0)}, {0: (1.0, 1.0)}, {1: (1.0, 1.0)}, {2: (1.0, 1.0)}, {2: (1.0, 1.0)}, {2: (1.0, 1.0)}, {0: (1.0, 1.0)}, {0: (1.0, 1.0)}, {0: (1.0, 1.0)}, {0: (1.0, 1.0)}, {0: (1.0, 1.0)}, {0: (1.0, 1.0)}, {}, {}, {}]
[({0: (1.0, 1.0)}, 0, 1), ({}, 1, 2), ({}, 2, 3), ({}, 3, 4), ({}, 4, 5), ({}, 0, 5), ({}, 9, 10), ({}, 10, 11)]

New Score : 0.9
========================================================
0.9

NewAbsGraph
[{0: (1.0, 1.0)}, {0: (1.0, 1.0)}, {0: (1.0, 1.0)}, {0: (1.0, 1.0)}, {0: (1.0, 1.0)}, {0: (1.0, 1.0)}, {1: (1.0, 1.0)}, {2: (1.0, 1.0)}, {2: (1.0, 1.0)}, {2: (1.0, 1.0)}, {0: (1.0, 1.0)}, {0: (1.0, 1.0)}, {0: (1.0, 1.0)}, {0: (1.0, 1.0)}, {0: (1.0, 1.0)}, {}, {}, {}, {}]
[({0: (1.0, 1.0)}, 0, 1), ({}, 1, 2), ({}, 2, 3), ({}, 3, 4), ({}, 4, 5), ({}, 0, 5), ({}, 9, 10), ({}, 10, 11)]

New Score : 0.9
========================================================
0.9

NewAbsGraph
[{0: (1.0, 1.0)}, {0: (1.0, 1.0)}, {0: (1.0, 1.0)}, {0: (1.0, 1.0)}, {0: (1.0, 1.0)}, {0: (1.0, 1.0)}, {1: (1.0, 1.0)}, {2: (1.0, 1.0)}, {2: (1.0, 1.0)}, {2: (1.0, 1.0)}, {0: (1.0, 1.0)}, {0: (1.0, 1.0)}, {0: (1.0, 1.0)}, {0: (1.0, 1.0)}, {}, {}, {}, {}, {}]
[({0: (1.0, 1.0)}, 0, 1), ({}, 1, 2), ({}, 2, 3), ({}, 3, 4), ({}, 4, 5), ({}, 0, 5), ({}, 9, 10), ({}, 10, 11)]

New Score : 0.9
========================================================
0.9

NewAbsGraph
[{0: (1.0, 1.0)}, {0: (1.0, 1.0)}, {0: (1.0, 1.0)}, {0: (1.0, 1.0)}, {0: (1.0, 1.0)}, {0: (1.0, 1.0)}, {1: (1.0, 1.0)}, {2: (1.0, 1.0)}, {2: (1.0, 1.0)}, {2: (1.0, 1.0)}, {0: (1.0, 1.0)}, {0: (1.0, 1.0)}, {0: (1.0, 1.0)}, {}, {}, {}, {}, {}, {}]
[({0: (1.0, 1.0)}, 0, 1), ({}, 1, 2), ({}, 2, 3), ({}, 3, 4), ({}, 4, 5), ({}, 0, 5), ({}, 9, 10), ({}, 10, 11)]

New Score : 0.9
========================================================
0.9

NewAbsGraph
[{0: (1.0, 1.0)}, {0: (1.0, 1.0)}, {0: (1.0, 1.0)}, {0: (1.0, 1.0)}, {0: (1.0, 1.0)}, {0: (1.0, 1.0)}, {1: (1.0, 1.0)}, {2: (1.0, 1.0)}, {2: (1.0, 1.0)}, {2: (1.0, 1.0)}, {0: (1.0, 1.0)}, {0: (1.0, 1.0)}, {}, {}, {}, {}, {}, {}, {}]
[({0: (1.0, 1.0)}, 0, 1), ({}, 1, 2), ({}, 2, 3), ({}, 3, 4), ({}, 4, 5), ({}, 0, 5), ({}, 9, 10), ({}, 10, 11)]

New Score : 0.9
========================================================
0.9

NewAbsGraph
[{0: (1.0, 1.0)}, {0: (1.0, 1.0)}, {0: (1.0, 1.0)}, {0: (1.0, 1.0)}, {0: (1.0, 1.0)}, {0: (1.0, 1.0)}, {1: (1.0, 1.0)}, {2: (1.0, 1.0)}, {2: (1.0, 1.0)}, {2: (1.0, 1.0)}, {0: (1.0, 1.0)}, {}, {}, {}, {}, {}, {}, {}, {}]
[({0: (1.0, 1.0)}, 0, 1), ({}, 1, 2), ({}, 2, 3), ({}, 3, 4), ({}, 4, 5), ({}, 0, 5), ({}, 9, 10), ({}, 10, 11)]

New Score : 0.9
========================================================
0.78125

No!!!!!!!

========================================================
0.78125

No!!!!!!!

========================================================
0.9

NewAbsGraph
[{0: (1.0, 1.0)}, {0: (1.0, 1.0)}, {0: (1.0, 1.0)}, {0: (1.0, 1.0)}, {0: (1.0, 1.0)}, {0: (1.0, 1.0)}, {1: (1.0, 1.0)}, {2: (1.0, 1.0)}, {}, {2: (1.0, 1.0)}, {0: (1.0, 1.0)}, {}, {}, {}, {}, {}, {}, {}, {}]
[({0: (1.0, 1.0)}, 0, 1), ({}, 1, 2), ({}, 2, 3), ({}, 3, 4), ({}, 4, 5), ({}, 0, 5), ({}, 9, 10), ({}, 10, 11)]

New Score : 0.9
========================================================
0.9

NewAbsGraph
[{0: (1.0, 1.0)}, {0: (1.0, 1.0)}, {0: (1.0, 1.0)}, {0: (1.0, 1.0)}, {0: (1.0, 1.0)}, {0: (1.0, 1.0)}, {1: (1.0, 1.0)}, {}, {}, {2: (1.0, 1.0)}, {0: (1.0, 1.0)}, {}, {}, {}, {}, {}, {}, {}, {}]
[({0: (1.0, 1.0)}, 0, 1), ({}, 1, 2), ({}, 2, 3), ({}, 3, 4), ({}, 4, 5), ({}, 0, 5), ({}, 9, 10), ({}, 10, 11)]

New Score : 0.9
========================================================
0.9

NewAbsGraph
[{0: (1.0, 1.0)}, {0: (1.0, 1.0)}, {0: (1.0, 1.0)}, {0: (1.0, 1.0)}, {0: (1.0, 1.0)}, {0: (1.0, 1.0)}, {}, {}, {}, {2: (1.0, 1.0)}, {0: (1.0, 1.0)}, {}, {}, {}, {}, {}, {}, {}, {}]
[({0: (1.0, 1.0)}, 0, 1), ({}, 1, 2), ({}, 2, 3), ({}, 3, 4), ({}, 4, 5), ({}, 0, 5), ({}, 9, 10), ({}, 10, 11)]

New Score : 0.9
========================================================
0.8333333333333334

No!!!!!!!

========================================================
0.8333333333333334

No!!!!!!!

========================================================
0.8333333333333334

No!!!!!!!

========================================================
0.8333333333333334

No!!!!!!!

========================================================
0.8333333333333334

No!!!!!!!

========================================================


Now AbsGraph
[{0: (1.0, 1.0)}, {0: (1.0, 1.0)}, {0: (1.0, 1.0)}, {0: (1.0, 1.0)}, {0: (1.0, 1.0)}, {0: (1.0, 1.0)}, {}, {}, {}, {2: (1.0, 1.0)}, {0: (1.0, 1.0)}, {}, {}, {}, {}, {}, {}, {}, {}]
[({0: (1.0, 1.0)}, 0, 1), ({}, 1, 2), ({}, 2, 3), ({}, 3, 4), ({}, 4, 5), ({}, 0, 5), ({}, 9, 10), ({}, 10, 11)]

0.8333333333333334

No!!!!!!!

0.78125

No!!!!!!!

0.8333333333333334

No!!!!!!!

0.8333333333333334

No!!!!!!!

0.8333333333333334

No!!!!!!!

0.8333333333333334

No!!!!!!!

0.8333333333333334

No!!!!!!!



learned AbsGraph
[{0: (1.0, 1.0)}, {0: (1.0, 1.0)}, {0: (1.0, 1.0)}, {0: (1.0, 1.0)}, {0: (1.0, 1.0)}, {0: (1.0, 1.0)}, {}, {}, {}, {2: (1.0, 1.0)}, {0: (1.0, 1.0)}, {}, {}, {}, {}, {}, {}, {}, {}]
[({0: (1.0, 1.0)}, 0, 1), ({}, 1, 2), ({}, 2, 3), ({}, 3, 4), ({}, 4, 5), ({}, 0, 5), ({}, 9, 10), ({}, 10, 11)]
Learned best score : 0.9



Covered graphs : {130, 132, 7, 135, 141, 142, 17, 24, 28, 156, 157, 158, 32, 165, 174, 178, 53, 57, 63, 66, 69, 78, 86, 87, 90, 96, 101, 105}
Covered graphs len : 28

Left graphs : set()
Left graphs len : 0
